{
"D:\\Workarea\\unitejs\\web\\www\\dist\\app.js":{"path":"D:\\Workarea\\unitejs\\web\\www\\dist\\app.js","s":{"1":1,"2":1,"3":1,"4":1,"5":1,"6":0,"7":0,"8":0,"9":0,"10":0,"11":1,"12":1},"b":{},"f":{"1":1,"2":1,"3":1,"4":0},"fnMap":{"1":{"name":"(anonymous_1)","line":1,"loc":{"start":{"line":1,"column":113},"end":{"line":1,"column":191}}},"2":{"name":"(anonymous_2)","line":4,"loc":{"start":{"line":4,"column":29},"end":{"line":4,"column":41}}},"3":{"name":"App","line":5,"loc":{"start":{"line":5,"column":8},"end":{"line":5,"column":23}}},"4":{"name":"(anonymous_4)","line":7,"loc":{"start":{"line":7,"column":40},"end":{"line":7,"column":66}}}},"statementMap":{"1":{"start":{"line":1,"column":0},"end":{"line":88,"column":3}},"2":{"start":{"line":3,"column":4},"end":{"line":3,"column":66}},"3":{"start":{"line":4,"column":4},"end":{"line":86,"column":9}},"4":{"start":{"line":5,"column":8},"end":{"line":6,"column":9}},"5":{"start":{"line":7,"column":8},"end":{"line":84,"column":10}},"6":{"start":{"line":8,"column":12},"end":{"line":8,"column":37}},"7":{"start":{"line":9,"column":12},"end":{"line":9,"column":88}},"8":{"start":{"line":10,"column":12},"end":{"line":10,"column":80}},"9":{"start":{"line":11,"column":12},"end":{"line":82,"column":15}},"10":{"start":{"line":83,"column":12},"end":{"line":83,"column":33}},"11":{"start":{"line":85,"column":8},"end":{"line":85,"column":19}},"12":{"start":{"line":87,"column":4},"end":{"line":87,"column":22}}},"branchMap":{},"l":{"1":1,"3":1,"4":1,"5":1,"7":1,"8":0,"9":0,"10":0,"11":0,"83":0,"85":1,"87":1}},
"D:\\Workarea\\unitejs\\web\\www\\dist\\bootstrapper.js":{"path":"D:\\Workarea\\unitejs\\web\\www\\dist\\bootstrapper.js","s":{"1":1,"2":1,"3":1,"4":0,"5":0,"6":0,"7":0,"8":0,"9":0,"10":0,"11":0,"12":0,"13":1},"b":{"1":[0,0]},"f":{"1":1,"2":0,"3":0,"4":0},"fnMap":{"1":{"name":"(anonymous_1)","line":1,"loc":{"start":{"line":1,"column":55},"end":{"line":1,"column":107}}},"2":{"name":"bootstrap","line":4,"loc":{"start":{"line":4,"column":4},"end":{"line":4,"column":25}}},"3":{"name":"(anonymous_3)","line":5,"loc":{"start":{"line":5,"column":41},"end":{"line":5,"column":60}}},"4":{"name":"(anonymous_4)","line":14,"loc":{"start":{"line":14,"column":22},"end":{"line":14,"column":34}}}},"statementMap":{"1":{"start":{"line":1,"column":0},"end":{"line":23,"column":3}},"2":{"start":{"line":3,"column":4},"end":{"line":3,"column":66}},"3":{"start":{"line":4,"column":4},"end":{"line":21,"column":5}},"4":{"start":{"line":5,"column":8},"end":{"line":20,"column":11}},"5":{"start":{"line":6,"column":12},"end":{"line":9,"column":46}},"6":{"start":{"line":10,"column":12},"end":{"line":12,"column":13}},"7":{"start":{"line":11,"column":16},"end":{"line":11,"column":49}},"8":{"start":{"line":13,"column":12},"end":{"line":19,"column":15}},"9":{"start":{"line":15,"column":16},"end":{"line":15,"column":59}},"10":{"start":{"line":16,"column":16},"end":{"line":16,"column":50}},"11":{"start":{"line":17,"column":16},"end":{"line":17,"column":53}},"12":{"start":{"line":18,"column":16},"end":{"line":18,"column":31}},"13":{"start":{"line":22,"column":4},"end":{"line":22,"column":34}}},"branchMap":{"1":{"line":10,"type":"if","locations":[{"start":{"line":10,"column":12},"end":{"line":10,"column":12}},{"start":{"line":10,"column":12},"end":{"line":10,"column":12}}]}},"l":{"1":1,"3":1,"4":1,"5":0,"6":0,"10":0,"11":0,"13":0,"15":0,"16":0,"17":0,"18":0,"22":1}},
"D:\\Workarea\\unitejs\\web\\www\\dist\\pipelineSteps\\googleAnalyticsStep.js":{"path":"D:\\Workarea\\unitejs\\web\\www\\dist\\pipelineSteps\\googleAnalyticsStep.js","s":{"1":1,"2":1,"3":1,"4":1,"5":1,"6":0,"7":0,"8":0,"9":1,"10":1},"b":{"1":[0,0]},"f":{"1":1,"2":1,"3":0,"4":0},"fnMap":{"1":{"name":"(anonymous_1)","line":1,"loc":{"start":{"line":1,"column":31},"end":{"line":1,"column":59}}},"2":{"name":"(anonymous_2)","line":4,"loc":{"start":{"line":4,"column":45},"end":{"line":4,"column":57}}},"3":{"name":"GoogleAnalyticsStep","line":5,"loc":{"start":{"line":5,"column":8},"end":{"line":5,"column":39}}},"4":{"name":"(anonymous_4)","line":7,"loc":{"start":{"line":7,"column":44},"end":{"line":7,"column":83}}}},"statementMap":{"1":{"start":{"line":1,"column":0},"end":{"line":20,"column":3}},"2":{"start":{"line":3,"column":4},"end":{"line":3,"column":66}},"3":{"start":{"line":4,"column":4},"end":{"line":18,"column":9}},"4":{"start":{"line":5,"column":8},"end":{"line":6,"column":9}},"5":{"start":{"line":7,"column":8},"end":{"line":16,"column":10}},"6":{"start":{"line":8,"column":12},"end":{"line":14,"column":13}},"7":{"start":{"line":9,"column":16},"end":{"line":13,"column":19}},"8":{"start":{"line":15,"column":12},"end":{"line":15,"column":26}},"9":{"start":{"line":17,"column":8},"end":{"line":17,"column":35}},"10":{"start":{"line":19,"column":4},"end":{"line":19,"column":54}}},"branchMap":{"1":{"line":8,"type":"if","locations":[{"start":{"line":8,"column":12},"end":{"line":8,"column":12}},{"start":{"line":8,"column":12},"end":{"line":8,"column":12}}]}},"l":{"1":1,"3":1,"4":1,"5":1,"7":1,"8":0,"9":0,"15":0,"17":1,"19":1}},
"D:\\Workarea\\unitejs\\web\\www\\dist\\pipelineSteps\\scrollToTopPipelineStep.js":{"path":"D:\\Workarea\\unitejs\\web\\www\\dist\\pipelineSteps\\scrollToTopPipelineStep.js","s":{"1":1,"2":1,"3":1,"4":1,"5":1,"6":0,"7":0,"8":1,"9":1},"b":{},"f":{"1":1,"2":1,"3":0,"4":0},"fnMap":{"1":{"name":"(anonymous_1)","line":1,"loc":{"start":{"line":1,"column":55},"end":{"line":1,"column":93}}},"2":{"name":"(anonymous_2)","line":4,"loc":{"start":{"line":4,"column":49},"end":{"line":4,"column":61}}},"3":{"name":"ScrollToTopPipelineStep","line":5,"loc":{"start":{"line":5,"column":8},"end":{"line":5,"column":43}}},"4":{"name":"(anonymous_4)","line":7,"loc":{"start":{"line":7,"column":48},"end":{"line":7,"column":87}}}},"statementMap":{"1":{"start":{"line":1,"column":0},"end":{"line":14,"column":3}},"2":{"start":{"line":3,"column":4},"end":{"line":3,"column":66}},"3":{"start":{"line":4,"column":4},"end":{"line":12,"column":9}},"4":{"start":{"line":5,"column":8},"end":{"line":6,"column":9}},"5":{"start":{"line":7,"column":8},"end":{"line":10,"column":10}},"6":{"start":{"line":8,"column":12},"end":{"line":8,"column":55}},"7":{"start":{"line":9,"column":12},"end":{"line":9,"column":26}},"8":{"start":{"line":11,"column":8},"end":{"line":11,"column":39}},"9":{"start":{"line":13,"column":4},"end":{"line":13,"column":62}}},"branchMap":{},"l":{"1":1,"3":1,"4":1,"5":1,"7":1,"8":0,"9":0,"11":1,"13":1}},
"D:\\Workarea\\unitejs\\web\\www\\dist\\domHelpers\\scroll.js":{"path":"D:\\Workarea\\unitejs\\web\\www\\dist\\domHelpers\\scroll.js","s":{"1":1,"2":1,"3":1,"4":1,"5":1,"6":0,"7":0,"8":0,"9":0,"10":0,"11":1,"12":0,"13":0,"14":0,"15":0,"16":1,"17":0,"18":0,"19":0,"20":0,"21":0,"22":0,"23":0,"24":0,"25":0,"26":0,"27":1,"28":0,"29":1,"30":0,"31":1,"32":1},"b":{"1":[0,0],"2":[0,0],"3":[0,0],"4":[0,0],"5":[0,0],"6":[0,0],"7":[0,0],"8":[0,0],"9":[0,0]},"f":{"1":1,"2":1,"3":0,"4":0,"5":0,"6":0,"7":0,"8":0,"9":0},"fnMap":{"1":{"name":"(anonymous_1)","line":1,"loc":{"start":{"line":1,"column":31},"end":{"line":1,"column":59}}},"2":{"name":"(anonymous_2)","line":7,"loc":{"start":{"line":7,"column":32},"end":{"line":7,"column":44}}},"3":{"name":"Scroll","line":8,"loc":{"start":{"line":8,"column":8},"end":{"line":8,"column":26}}},"4":{"name":"(anonymous_4)","line":10,"loc":{"start":{"line":10,"column":27},"end":{"line":10,"column":46}}},"5":{"name":"(anonymous_5)","line":23,"loc":{"start":{"line":23,"column":30},"end":{"line":23,"column":55}}},"6":{"name":"(anonymous_6)","line":33,"loc":{"start":{"line":33,"column":22},"end":{"line":33,"column":74}}},"7":{"name":"(anonymous_7)","line":42,"loc":{"start":{"line":42,"column":45},"end":{"line":42,"column":57}}},"8":{"name":"(anonymous_8)","line":45,"loc":{"start":{"line":45,"column":21},"end":{"line":45,"column":33}}},"9":{"name":"(anonymous_9)","line":49,"loc":{"start":{"line":49,"column":22},"end":{"line":49,"column":35}}}},"statementMap":{"1":{"start":{"line":1,"column":0},"end":{"line":55,"column":3}},"2":{"start":{"line":3,"column":4},"end":{"line":3,"column":66}},"3":{"start":{"line":7,"column":4},"end":{"line":53,"column":9}},"4":{"start":{"line":8,"column":8},"end":{"line":9,"column":9}},"5":{"start":{"line":10,"column":8},"end":{"line":22,"column":10}},"6":{"start":{"line":11,"column":12},"end":{"line":21,"column":13}},"7":{"start":{"line":12,"column":16},"end":{"line":17,"column":17}},"8":{"start":{"line":13,"column":20},"end":{"line":13,"column":114}},"9":{"start":{"line":16,"column":20},"end":{"line":16,"column":75}},"10":{"start":{"line":20,"column":16},"end":{"line":20,"column":33}},"11":{"start":{"line":23,"column":8},"end":{"line":32,"column":10}},"12":{"start":{"line":24,"column":12},"end":{"line":31,"column":13}},"13":{"start":{"line":25,"column":16},"end":{"line":30,"column":17}},"14":{"start":{"line":26,"column":20},"end":{"line":26,"column":139}},"15":{"start":{"line":29,"column":20},"end":{"line":29,"column":100}},"16":{"start":{"line":33,"column":8},"end":{"line":44,"column":10}},"17":{"start":{"line":34,"column":12},"end":{"line":34,"column":34}},"18":{"start":{"line":35,"column":12},"end":{"line":35,"column":51}},"19":{"start":{"line":36,"column":12},"end":{"line":36,"column":48}},"20":{"start":{"line":37,"column":12},"end":{"line":37,"column":43}},"21":{"start":{"line":38,"column":12},"end":{"line":38,"column":57}},"22":{"start":{"line":39,"column":12},"end":{"line":39,"column":57}},"23":{"start":{"line":40,"column":12},"end":{"line":40,"column":47}},"24":{"start":{"line":41,"column":12},"end":{"line":43,"column":13}},"25":{"start":{"line":42,"column":16},"end":{"line":42,"column":124}},"26":{"start":{"line":42,"column":59},"end":{"line":42,"column":120}},"27":{"start":{"line":45,"column":8},"end":{"line":48,"column":10}},"28":{"start":{"line":46,"column":12},"end":{"line":47,"column":56}},"29":{"start":{"line":49,"column":8},"end":{"line":51,"column":10}},"30":{"start":{"line":50,"column":12},"end":{"line":50,"column":53}},"31":{"start":{"line":52,"column":8},"end":{"line":52,"column":22}},"32":{"start":{"line":54,"column":4},"end":{"line":54,"column":28}}},"branchMap":{"1":{"line":11,"type":"if","locations":[{"start":{"line":11,"column":12},"end":{"line":11,"column":12}},{"start":{"line":11,"column":12},"end":{"line":11,"column":12}}]},"2":{"line":12,"type":"if","locations":[{"start":{"line":12,"column":16},"end":{"line":12,"column":16}},{"start":{"line":12,"column":16},"end":{"line":12,"column":16}}]},"3":{"line":24,"type":"if","locations":[{"start":{"line":24,"column":12},"end":{"line":24,"column":12}},{"start":{"line":24,"column":12},"end":{"line":24,"column":12}}]},"4":{"line":25,"type":"if","locations":[{"start":{"line":25,"column":16},"end":{"line":25,"column":16}},{"start":{"line":25,"column":16},"end":{"line":25,"column":16}}]},"5":{"line":36,"type":"cond-expr","locations":[{"start":{"line":36,"column":36},"end":{"line":36,"column":37}},{"start":{"line":36,"column":40},"end":{"line":36,"column":47}}]},"6":{"line":41,"type":"if","locations":[{"start":{"line":41,"column":12},"end":{"line":41,"column":12}},{"start":{"line":41,"column":12},"end":{"line":41,"column":12}}]},"7":{"line":41,"type":"binary-expr","locations":[{"start":{"line":41,"column":16},"end":{"line":41,"column":30}},{"start":{"line":41,"column":34},"end":{"line":41,"column":48}}]},"8":{"line":46,"type":"cond-expr","locations":[{"start":{"line":47,"column":18},"end":{"line":47,"column":42}},{"start":{"line":47,"column":45},"end":{"line":47,"column":55}}]},"9":{"line":46,"type":"binary-expr","locations":[{"start":{"line":46,"column":19},"end":{"line":46,"column":37}},{"start":{"line":46,"column":41},"end":{"line":46,"column":63}}]}},"l":{"1":1,"3":1,"7":1,"8":1,"10":1,"11":0,"12":0,"13":0,"16":0,"20":0,"23":1,"24":0,"25":0,"26":0,"29":0,"33":1,"34":0,"35":0,"36":0,"37":0,"38":0,"39":0,"40":0,"41":0,"42":0,"45":1,"46":0,"49":1,"50":0,"52":1,"54":1}},
"D:\\Workarea\\unitejs\\web\\www\\dist\\articles\\articles.js":{"path":"D:\\Workarea\\unitejs\\web\\www\\dist\\articles\\articles.js","s":{"1":0,"2":0,"3":0,"4":0,"5":0,"6":0},"b":{},"f":{"1":0,"2":0,"3":0},"fnMap":{"1":{"name":"(anonymous_1)","line":1,"loc":{"start":{"line":1,"column":31},"end":{"line":1,"column":59}}},"2":{"name":"(anonymous_2)","line":7,"loc":{"start":{"line":7,"column":34},"end":{"line":7,"column":46}}},"3":{"name":"Articles","line":8,"loc":{"start":{"line":8,"column":8},"end":{"line":8,"column":28}}}},"statementMap":{"1":{"start":{"line":1,"column":0},"end":{"line":13,"column":3}},"2":{"start":{"line":3,"column":4},"end":{"line":3,"column":66}},"3":{"start":{"line":7,"column":4},"end":{"line":11,"column":9}},"4":{"start":{"line":8,"column":8},"end":{"line":9,"column":9}},"5":{"start":{"line":10,"column":8},"end":{"line":10,"column":24}},"6":{"start":{"line":12,"column":4},"end":{"line":12,"column":32}}},"branchMap":{},"l":{"1":0,"3":0,"7":0,"8":0,"10":0,"12":0}},
"D:\\Workarea\\unitejs\\web\\www\\dist\\attributes\\prismAttribute.js":{"path":"D:\\Workarea\\unitejs\\web\\www\\dist\\attributes\\prismAttribute.js","s":{"1":0,"2":0,"3":0,"4":0,"5":0,"6":0,"7":0,"8":0,"9":0,"10":0,"11":0,"12":0,"13":0,"14":0,"15":0,"16":0,"17":0,"18":0,"19":0,"20":0,"21":0},"b":{"1":[0,0,0],"2":[0,0],"3":[0,0],"4":[0,0],"5":[0,0],"6":[0,0],"7":[0,0],"8":[0,0],"9":[0,0],"10":[0,0,0]},"f":{"1":0,"2":0,"3":0,"4":0,"5":0,"6":0},"fnMap":{"1":{"name":"(anonymous_1)","line":1,"loc":{"start":{"line":1,"column":46},"end":{"line":1,"column":87}}},"2":{"name":"(anonymous_2)","line":7,"loc":{"start":{"line":7,"column":111},"end":{"line":7,"column":208}}},"3":{"name":"(anonymous_3)","line":10,"loc":{"start":{"line":10,"column":40},"end":{"line":10,"column":52}}},"4":{"name":"PrismAttribute","line":11,"loc":{"start":{"line":11,"column":8},"end":{"line":11,"column":41}}},"5":{"name":"(anonymous_5)","line":14,"loc":{"start":{"line":14,"column":48},"end":{"line":14,"column":78}}},"6":{"name":"(anonymous_6)","line":16,"loc":{"start":{"line":16,"column":23},"end":{"line":16,"column":35}}}},"statementMap":{"1":{"start":{"line":1,"column":0},"end":{"line":6,"column":2}},"2":{"start":{"line":2,"column":4},"end":{"line":2,"column":129}},"3":{"start":{"line":3,"column":4},"end":{"line":4,"column":150}},"4":{"start":{"line":3,"column":79},"end":{"line":3,"column":131}},"5":{"start":{"line":4,"column":9},"end":{"line":4,"column":150}},"6":{"start":{"line":4,"column":58},"end":{"line":4,"column":150}},"7":{"start":{"line":4,"column":81},"end":{"line":4,"column":150}},"8":{"start":{"line":5,"column":4},"end":{"line":5,"column":66}},"9":{"start":{"line":7,"column":0},"end":{"line":28,"column":3}},"10":{"start":{"line":9,"column":4},"end":{"line":9,"column":66}},"11":{"start":{"line":10,"column":4},"end":{"line":26,"column":9}},"12":{"start":{"line":11,"column":8},"end":{"line":13,"column":9}},"13":{"start":{"line":12,"column":12},"end":{"line":12,"column":36}},"14":{"start":{"line":14,"column":8},"end":{"line":20,"column":10}},"15":{"start":{"line":15,"column":12},"end":{"line":15,"column":29}},"16":{"start":{"line":16,"column":12},"end":{"line":19,"column":18}},"17":{"start":{"line":17,"column":16},"end":{"line":17,"column":66}},"18":{"start":{"line":18,"column":16},"end":{"line":18,"column":62}},"19":{"start":{"line":21,"column":8},"end":{"line":24,"column":27}},"20":{"start":{"line":25,"column":8},"end":{"line":25,"column":30}},"21":{"start":{"line":27,"column":4},"end":{"line":27,"column":44}}},"branchMap":{"1":{"line":1,"type":"binary-expr","locations":[{"start":{"line":1,"column":18},"end":{"line":1,"column":22}},{"start":{"line":1,"column":26},"end":{"line":1,"column":41}},{"start":{"line":1,"column":46},"end":{"line":6,"column":1}}]},"2":{"line":2,"type":"cond-expr","locations":[{"start":{"line":2,"column":42},"end":{"line":2,"column":48}},{"start":{"line":2,"column":51},"end":{"line":2,"column":125}}]},"3":{"line":2,"type":"cond-expr","locations":[{"start":{"line":2,"column":67},"end":{"line":2,"column":118}},{"start":{"line":2,"column":121},"end":{"line":2,"column":125}}]},"4":{"line":3,"type":"if","locations":[{"start":{"line":3,"column":4},"end":{"line":3,"column":4}},{"start":{"line":3,"column":4},"end":{"line":3,"column":4}}]},"5":{"line":3,"type":"binary-expr","locations":[{"start":{"line":3,"column":8},"end":{"line":3,"column":35}},{"start":{"line":3,"column":39},"end":{"line":3,"column":77}}]},"6":{"line":4,"type":"if","locations":[{"start":{"line":4,"column":58},"end":{"line":4,"column":58}},{"start":{"line":4,"column":58},"end":{"line":4,"column":58}}]},"7":{"line":4,"type":"binary-expr","locations":[{"start":{"line":4,"column":86},"end":{"line":4,"column":143}},{"start":{"line":4,"column":148},"end":{"line":4,"column":149}}]},"8":{"line":4,"type":"cond-expr","locations":[{"start":{"line":4,"column":94},"end":{"line":4,"column":98}},{"start":{"line":4,"column":101},"end":{"line":4,"column":143}}]},"9":{"line":4,"type":"cond-expr","locations":[{"start":{"line":4,"column":109},"end":{"line":4,"column":126}},{"start":{"line":4,"column":129},"end":{"line":4,"column":143}}]},"10":{"line":5,"type":"binary-expr","locations":[{"start":{"line":5,"column":11},"end":{"line":5,"column":16}},{"start":{"line":5,"column":20},"end":{"line":5,"column":21}},{"start":{"line":5,"column":25},"end":{"line":5,"column":62}}]}},"l":{"1":0,"2":0,"3":0,"4":0,"5":0,"7":0,"9":0,"10":0,"11":0,"12":0,"14":0,"15":0,"16":0,"17":0,"18":0,"21":0,"25":0,"27":0}},
"D:\\Workarea\\unitejs\\web\\www\\dist\\attributes\\scrollToElementAttribute.js":{"path":"D:\\Workarea\\unitejs\\web\\www\\dist\\attributes\\scrollToElementAttribute.js","s":{"1":0,"2":0,"3":0,"4":0,"5":0,"6":0,"7":0,"8":0,"9":0,"10":0,"11":0,"12":0,"13":0,"14":0,"15":0,"16":0,"17":0,"18":0,"19":0,"20":0,"21":0,"22":0,"23":0,"24":0,"25":0,"26":0,"27":0,"28":0,"29":0,"30":0,"31":0,"32":0,"33":0,"34":0},"b":{"1":[0,0,0],"2":[0,0],"3":[0,0],"4":[0,0],"5":[0,0],"6":[0,0],"7":[0,0],"8":[0,0],"9":[0,0],"10":[0,0,0],"11":[0,0],"12":[0,0]},"f":{"1":0,"2":0,"3":0,"4":0,"5":0,"6":0,"7":0,"8":0,"9":0},"fnMap":{"1":{"name":"(anonymous_1)","line":1,"loc":{"start":{"line":1,"column":46},"end":{"line":1,"column":87}}},"2":{"name":"(anonymous_2)","line":7,"loc":{"start":{"line":7,"column":143},"end":{"line":7,"column":269}}},"3":{"name":"(anonymous_3)","line":10,"loc":{"start":{"line":10,"column":50},"end":{"line":10,"column":62}}},"4":{"name":"ScrollToElementAttribute","line":11,"loc":{"start":{"line":11,"column":8},"end":{"line":11,"column":51}}},"5":{"name":"(anonymous_5)","line":16,"loc":{"start":{"line":16,"column":50},"end":{"line":16,"column":62}}},"6":{"name":"(anonymous_6)","line":18,"loc":{"start":{"line":18,"column":52},"end":{"line":18,"column":65}}},"7":{"name":"(anonymous_7)","line":20,"loc":{"start":{"line":20,"column":52},"end":{"line":20,"column":64}}},"8":{"name":"(anonymous_8)","line":22,"loc":{"start":{"line":22,"column":55},"end":{"line":22,"column":68}}},"9":{"name":"(anonymous_9)","line":24,"loc":{"start":{"line":24,"column":56},"end":{"line":24,"column":68}}}},"statementMap":{"1":{"start":{"line":1,"column":0},"end":{"line":6,"column":2}},"2":{"start":{"line":2,"column":4},"end":{"line":2,"column":129}},"3":{"start":{"line":3,"column":4},"end":{"line":4,"column":150}},"4":{"start":{"line":3,"column":79},"end":{"line":3,"column":131}},"5":{"start":{"line":4,"column":9},"end":{"line":4,"column":150}},"6":{"start":{"line":4,"column":58},"end":{"line":4,"column":150}},"7":{"start":{"line":4,"column":81},"end":{"line":4,"column":150}},"8":{"start":{"line":5,"column":4},"end":{"line":5,"column":66}},"9":{"start":{"line":7,"column":0},"end":{"line":46,"column":3}},"10":{"start":{"line":9,"column":4},"end":{"line":9,"column":66}},"11":{"start":{"line":10,"column":4},"end":{"line":44,"column":9}},"12":{"start":{"line":11,"column":8},"end":{"line":15,"column":9}},"13":{"start":{"line":12,"column":12},"end":{"line":12,"column":36}},"14":{"start":{"line":13,"column":12},"end":{"line":13,"column":48}},"15":{"start":{"line":14,"column":12},"end":{"line":14,"column":29}},"16":{"start":{"line":16,"column":8},"end":{"line":19,"column":10}},"17":{"start":{"line":17,"column":12},"end":{"line":17,"column":29}},"18":{"start":{"line":18,"column":12},"end":{"line":18,"column":104}},"19":{"start":{"line":18,"column":67},"end":{"line":18,"column":93}},"20":{"start":{"line":20,"column":8},"end":{"line":23,"column":10}},"21":{"start":{"line":21,"column":12},"end":{"line":21,"column":29}},"22":{"start":{"line":22,"column":12},"end":{"line":22,"column":100}},"23":{"start":{"line":22,"column":70},"end":{"line":22,"column":96}},"24":{"start":{"line":24,"column":8},"end":{"line":32,"column":10}},"25":{"start":{"line":25,"column":12},"end":{"line":31,"column":13}},"26":{"start":{"line":26,"column":16},"end":{"line":26,"column":60}},"27":{"start":{"line":27,"column":16},"end":{"line":30,"column":17}},"28":{"start":{"line":28,"column":20},"end":{"line":28,"column":62}},"29":{"start":{"line":29,"column":20},"end":{"line":29,"column":91}},"30":{"start":{"line":33,"column":8},"end":{"line":35,"column":61}},"31":{"start":{"line":36,"column":8},"end":{"line":38,"column":66}},"32":{"start":{"line":39,"column":8},"end":{"line":42,"column":37}},"33":{"start":{"line":43,"column":8},"end":{"line":43,"column":40}},"34":{"start":{"line":45,"column":4},"end":{"line":45,"column":64}}},"branchMap":{"1":{"line":1,"type":"binary-expr","locations":[{"start":{"line":1,"column":18},"end":{"line":1,"column":22}},{"start":{"line":1,"column":26},"end":{"line":1,"column":41}},{"start":{"line":1,"column":46},"end":{"line":6,"column":1}}]},"2":{"line":2,"type":"cond-expr","locations":[{"start":{"line":2,"column":42},"end":{"line":2,"column":48}},{"start":{"line":2,"column":51},"end":{"line":2,"column":125}}]},"3":{"line":2,"type":"cond-expr","locations":[{"start":{"line":2,"column":67},"end":{"line":2,"column":118}},{"start":{"line":2,"column":121},"end":{"line":2,"column":125}}]},"4":{"line":3,"type":"if","locations":[{"start":{"line":3,"column":4},"end":{"line":3,"column":4}},{"start":{"line":3,"column":4},"end":{"line":3,"column":4}}]},"5":{"line":3,"type":"binary-expr","locations":[{"start":{"line":3,"column":8},"end":{"line":3,"column":35}},{"start":{"line":3,"column":39},"end":{"line":3,"column":77}}]},"6":{"line":4,"type":"if","locations":[{"start":{"line":4,"column":58},"end":{"line":4,"column":58}},{"start":{"line":4,"column":58},"end":{"line":4,"column":58}}]},"7":{"line":4,"type":"binary-expr","locations":[{"start":{"line":4,"column":86},"end":{"line":4,"column":143}},{"start":{"line":4,"column":148},"end":{"line":4,"column":149}}]},"8":{"line":4,"type":"cond-expr","locations":[{"start":{"line":4,"column":94},"end":{"line":4,"column":98}},{"start":{"line":4,"column":101},"end":{"line":4,"column":143}}]},"9":{"line":4,"type":"cond-expr","locations":[{"start":{"line":4,"column":109},"end":{"line":4,"column":126}},{"start":{"line":4,"column":129},"end":{"line":4,"column":143}}]},"10":{"line":5,"type":"binary-expr","locations":[{"start":{"line":5,"column":11},"end":{"line":5,"column":16}},{"start":{"line":5,"column":20},"end":{"line":5,"column":21}},{"start":{"line":5,"column":25},"end":{"line":5,"column":62}}]},"11":{"line":25,"type":"if","locations":[{"start":{"line":25,"column":12},"end":{"line":25,"column":12}},{"start":{"line":25,"column":12},"end":{"line":25,"column":12}}]},"12":{"line":27,"type":"if","locations":[{"start":{"line":27,"column":16},"end":{"line":27,"column":16}},{"start":{"line":27,"column":16},"end":{"line":27,"column":16}}]}},"l":{"1":0,"2":0,"3":0,"4":0,"5":0,"7":0,"9":0,"10":0,"11":0,"12":0,"13":0,"14":0,"16":0,"17":0,"18":0,"20":0,"21":0,"22":0,"24":0,"25":0,"26":0,"27":0,"28":0,"29":0,"33":0,"36":0,"39":0,"43":0,"45":0}},
"D:\\Workarea\\unitejs\\web\\www\\dist\\attributes\\scrollToTopAttribute.js":{"path":"D:\\Workarea\\unitejs\\web\\www\\dist\\attributes\\scrollToTopAttribute.js","s":{"1":0,"2":0,"3":0,"4":0,"5":0,"6":0,"7":0,"8":0,"9":0,"10":0,"11":0,"12":0,"13":0,"14":0,"15":0,"16":0,"17":0,"18":0,"19":0,"20":0,"21":0,"22":0,"23":0,"24":0,"25":0,"26":0,"27":0,"28":0,"29":0,"30":0,"31":0,"32":0,"33":0},"b":{"1":[0,0,0],"2":[0,0],"3":[0,0],"4":[0,0],"5":[0,0],"6":[0,0],"7":[0,0],"8":[0,0],"9":[0,0],"10":[0,0,0]},"f":{"1":0,"2":0,"3":0,"4":0,"5":0,"6":0,"7":0,"8":0,"9":0,"10":0,"11":0,"12":0},"fnMap":{"1":{"name":"(anonymous_1)","line":1,"loc":{"start":{"line":1,"column":46},"end":{"line":1,"column":87}}},"2":{"name":"(anonymous_2)","line":7,"loc":{"start":{"line":7,"column":147},"end":{"line":7,"column":263}}},"3":{"name":"(anonymous_3)","line":10,"loc":{"start":{"line":10,"column":46},"end":{"line":10,"column":58}}},"4":{"name":"ScrollToTopAttribute","line":11,"loc":{"start":{"line":11,"column":8},"end":{"line":11,"column":47}}},"5":{"name":"(anonymous_5)","line":14,"loc":{"start":{"line":14,"column":46},"end":{"line":14,"column":58}}},"6":{"name":"(anonymous_6)","line":16,"loc":{"start":{"line":16,"column":46},"end":{"line":16,"column":59}}},"7":{"name":"(anonymous_7)","line":17,"loc":{"start":{"line":17,"column":52},"end":{"line":17,"column":65}}},"8":{"name":"(anonymous_8)","line":20,"loc":{"start":{"line":20,"column":48},"end":{"line":20,"column":60}}},"9":{"name":"(anonymous_9)","line":22,"loc":{"start":{"line":22,"column":49},"end":{"line":22,"column":62}}},"10":{"name":"(anonymous_10)","line":23,"loc":{"start":{"line":23,"column":55},"end":{"line":23,"column":68}}},"11":{"name":"(anonymous_11)","line":25,"loc":{"start":{"line":25,"column":53},"end":{"line":25,"column":65}}},"12":{"name":"(anonymous_12)","line":28,"loc":{"start":{"line":28,"column":52},"end":{"line":28,"column":64}}}},"statementMap":{"1":{"start":{"line":1,"column":0},"end":{"line":6,"column":2}},"2":{"start":{"line":2,"column":4},"end":{"line":2,"column":129}},"3":{"start":{"line":3,"column":4},"end":{"line":4,"column":150}},"4":{"start":{"line":3,"column":79},"end":{"line":3,"column":131}},"5":{"start":{"line":4,"column":9},"end":{"line":4,"column":150}},"6":{"start":{"line":4,"column":58},"end":{"line":4,"column":150}},"7":{"start":{"line":4,"column":81},"end":{"line":4,"column":150}},"8":{"start":{"line":5,"column":4},"end":{"line":5,"column":66}},"9":{"start":{"line":7,"column":0},"end":{"line":38,"column":3}},"10":{"start":{"line":9,"column":4},"end":{"line":9,"column":66}},"11":{"start":{"line":10,"column":4},"end":{"line":36,"column":9}},"12":{"start":{"line":11,"column":8},"end":{"line":13,"column":9}},"13":{"start":{"line":12,"column":12},"end":{"line":12,"column":36}},"14":{"start":{"line":14,"column":8},"end":{"line":19,"column":10}},"15":{"start":{"line":15,"column":12},"end":{"line":15,"column":29}},"16":{"start":{"line":16,"column":12},"end":{"line":16,"column":99}},"17":{"start":{"line":16,"column":61},"end":{"line":16,"column":88}},"18":{"start":{"line":17,"column":12},"end":{"line":17,"column":104}},"19":{"start":{"line":17,"column":67},"end":{"line":17,"column":93}},"20":{"start":{"line":18,"column":12},"end":{"line":18,"column":31}},"21":{"start":{"line":20,"column":8},"end":{"line":24,"column":10}},"22":{"start":{"line":21,"column":12},"end":{"line":21,"column":29}},"23":{"start":{"line":22,"column":12},"end":{"line":22,"column":95}},"24":{"start":{"line":22,"column":64},"end":{"line":22,"column":91}},"25":{"start":{"line":23,"column":12},"end":{"line":23,"column":100}},"26":{"start":{"line":23,"column":70},"end":{"line":23,"column":96}},"27":{"start":{"line":25,"column":8},"end":{"line":27,"column":10}},"28":{"start":{"line":26,"column":12},"end":{"line":26,"column":100}},"29":{"start":{"line":28,"column":8},"end":{"line":30,"column":10}},"30":{"start":{"line":29,"column":12},"end":{"line":29,"column":55}},"31":{"start":{"line":31,"column":8},"end":{"line":34,"column":33}},"32":{"start":{"line":35,"column":8},"end":{"line":35,"column":36}},"33":{"start":{"line":37,"column":4},"end":{"line":37,"column":56}}},"branchMap":{"1":{"line":1,"type":"binary-expr","locations":[{"start":{"line":1,"column":18},"end":{"line":1,"column":22}},{"start":{"line":1,"column":26},"end":{"line":1,"column":41}},{"start":{"line":1,"column":46},"end":{"line":6,"column":1}}]},"2":{"line":2,"type":"cond-expr","locations":[{"start":{"line":2,"column":42},"end":{"line":2,"column":48}},{"start":{"line":2,"column":51},"end":{"line":2,"column":125}}]},"3":{"line":2,"type":"cond-expr","locations":[{"start":{"line":2,"column":67},"end":{"line":2,"column":118}},{"start":{"line":2,"column":121},"end":{"line":2,"column":125}}]},"4":{"line":3,"type":"if","locations":[{"start":{"line":3,"column":4},"end":{"line":3,"column":4}},{"start":{"line":3,"column":4},"end":{"line":3,"column":4}}]},"5":{"line":3,"type":"binary-expr","locations":[{"start":{"line":3,"column":8},"end":{"line":3,"column":35}},{"start":{"line":3,"column":39},"end":{"line":3,"column":77}}]},"6":{"line":4,"type":"if","locations":[{"start":{"line":4,"column":58},"end":{"line":4,"column":58}},{"start":{"line":4,"column":58},"end":{"line":4,"column":58}}]},"7":{"line":4,"type":"binary-expr","locations":[{"start":{"line":4,"column":86},"end":{"line":4,"column":143}},{"start":{"line":4,"column":148},"end":{"line":4,"column":149}}]},"8":{"line":4,"type":"cond-expr","locations":[{"start":{"line":4,"column":94},"end":{"line":4,"column":98}},{"start":{"line":4,"column":101},"end":{"line":4,"column":143}}]},"9":{"line":4,"type":"cond-expr","locations":[{"start":{"line":4,"column":109},"end":{"line":4,"column":126}},{"start":{"line":4,"column":129},"end":{"line":4,"column":143}}]},"10":{"line":5,"type":"binary-expr","locations":[{"start":{"line":5,"column":11},"end":{"line":5,"column":16}},{"start":{"line":5,"column":20},"end":{"line":5,"column":21}},{"start":{"line":5,"column":25},"end":{"line":5,"column":62}}]}},"l":{"1":0,"2":0,"3":0,"4":0,"5":0,"7":0,"9":0,"10":0,"11":0,"12":0,"14":0,"15":0,"16":0,"17":0,"18":0,"20":0,"21":0,"22":0,"23":0,"25":0,"26":0,"28":0,"29":0,"31":0,"35":0,"37":0}},
"D:\\Workarea\\unitejs\\web\\www\\dist\\child\\child.js":{"path":"D:\\Workarea\\unitejs\\web\\www\\dist\\child\\child.js","s":{"1":0,"2":0,"3":0,"4":0,"5":0,"6":0,"7":0},"b":{},"f":{"1":0,"2":0,"3":0},"fnMap":{"1":{"name":"(anonymous_1)","line":1,"loc":{"start":{"line":1,"column":31},"end":{"line":1,"column":59}}},"2":{"name":"(anonymous_2)","line":7,"loc":{"start":{"line":7,"column":31},"end":{"line":7,"column":43}}},"3":{"name":"Child","line":8,"loc":{"start":{"line":8,"column":8},"end":{"line":8,"column":25}}}},"statementMap":{"1":{"start":{"line":1,"column":0},"end":{"line":14,"column":3}},"2":{"start":{"line":3,"column":4},"end":{"line":3,"column":66}},"3":{"start":{"line":7,"column":4},"end":{"line":12,"column":9}},"4":{"start":{"line":8,"column":8},"end":{"line":10,"column":9}},"5":{"start":{"line":9,"column":12},"end":{"line":9,"column":50}},"6":{"start":{"line":11,"column":8},"end":{"line":11,"column":21}},"7":{"start":{"line":13,"column":4},"end":{"line":13,"column":26}}},"branchMap":{},"l":{"1":0,"3":0,"7":0,"8":0,"9":0,"11":0,"13":0}},
"D:\\Workarea\\unitejs\\web\\www\\dist\\documentation\\documentation.js":{"path":"D:\\Workarea\\unitejs\\web\\www\\dist\\documentation\\documentation.js","s":{"1":0,"2":0,"3":0,"4":0,"5":0,"6":0,"7":0,"8":0,"9":0,"10":0,"11":0,"12":0,"13":0,"14":0,"15":0,"16":0,"17":0,"18":0,"19":0,"20":0,"21":0,"22":0,"23":0,"24":0},"b":{"1":[0,0,0],"2":[0,0],"3":[0,0],"4":[0,0],"5":[0,0],"6":[0,0],"7":[0,0],"8":[0,0],"9":[0,0],"10":[0,0,0],"11":[0,0]},"f":{"1":0,"2":0,"3":0,"4":0,"5":0,"6":0},"fnMap":{"1":{"name":"(anonymous_1)","line":1,"loc":{"start":{"line":1,"column":46},"end":{"line":1,"column":87}}},"2":{"name":"(anonymous_2)","line":7,"loc":{"start":{"line":7,"column":53},"end":{"line":7,"column":103}}},"3":{"name":"(anonymous_3)","line":10,"loc":{"start":{"line":10,"column":39},"end":{"line":10,"column":51}}},"4":{"name":"Documentation","line":11,"loc":{"start":{"line":11,"column":8},"end":{"line":11,"column":33}}},"5":{"name":"(anonymous_5)","line":14,"loc":{"start":{"line":14,"column":43},"end":{"line":14,"column":55}}},"6":{"name":"(anonymous_6)","line":21,"loc":{"start":{"line":21,"column":55},"end":{"line":21,"column":72}}}},"statementMap":{"1":{"start":{"line":1,"column":0},"end":{"line":6,"column":2}},"2":{"start":{"line":2,"column":4},"end":{"line":2,"column":129}},"3":{"start":{"line":3,"column":4},"end":{"line":4,"column":150}},"4":{"start":{"line":3,"column":79},"end":{"line":3,"column":131}},"5":{"start":{"line":4,"column":9},"end":{"line":4,"column":150}},"6":{"start":{"line":4,"column":58},"end":{"line":4,"column":150}},"7":{"start":{"line":4,"column":81},"end":{"line":4,"column":150}},"8":{"start":{"line":5,"column":4},"end":{"line":5,"column":66}},"9":{"start":{"line":7,"column":0},"end":{"line":33,"column":3}},"10":{"start":{"line":9,"column":4},"end":{"line":9,"column":66}},"11":{"start":{"line":10,"column":4},"end":{"line":31,"column":9}},"12":{"start":{"line":11,"column":8},"end":{"line":13,"column":9}},"13":{"start":{"line":12,"column":12},"end":{"line":12,"column":42}},"14":{"start":{"line":14,"column":8},"end":{"line":20,"column":10}},"15":{"start":{"line":15,"column":12},"end":{"line":15,"column":67}},"16":{"start":{"line":16,"column":12},"end":{"line":19,"column":13}},"17":{"start":{"line":17,"column":16},"end":{"line":17,"column":68}},"18":{"start":{"line":18,"column":16},"end":{"line":18,"column":51}},"19":{"start":{"line":21,"column":8},"end":{"line":23,"column":10}},"20":{"start":{"line":22,"column":12},"end":{"line":22,"column":40}},"21":{"start":{"line":24,"column":8},"end":{"line":26,"column":62}},"22":{"start":{"line":27,"column":8},"end":{"line":29,"column":57}},"23":{"start":{"line":30,"column":8},"end":{"line":30,"column":29}},"24":{"start":{"line":32,"column":4},"end":{"line":32,"column":42}}},"branchMap":{"1":{"line":1,"type":"binary-expr","locations":[{"start":{"line":1,"column":18},"end":{"line":1,"column":22}},{"start":{"line":1,"column":26},"end":{"line":1,"column":41}},{"start":{"line":1,"column":46},"end":{"line":6,"column":1}}]},"2":{"line":2,"type":"cond-expr","locations":[{"start":{"line":2,"column":42},"end":{"line":2,"column":48}},{"start":{"line":2,"column":51},"end":{"line":2,"column":125}}]},"3":{"line":2,"type":"cond-expr","locations":[{"start":{"line":2,"column":67},"end":{"line":2,"column":118}},{"start":{"line":2,"column":121},"end":{"line":2,"column":125}}]},"4":{"line":3,"type":"if","locations":[{"start":{"line":3,"column":4},"end":{"line":3,"column":4}},{"start":{"line":3,"column":4},"end":{"line":3,"column":4}}]},"5":{"line":3,"type":"binary-expr","locations":[{"start":{"line":3,"column":8},"end":{"line":3,"column":35}},{"start":{"line":3,"column":39},"end":{"line":3,"column":77}}]},"6":{"line":4,"type":"if","locations":[{"start":{"line":4,"column":58},"end":{"line":4,"column":58}},{"start":{"line":4,"column":58},"end":{"line":4,"column":58}}]},"7":{"line":4,"type":"binary-expr","locations":[{"start":{"line":4,"column":86},"end":{"line":4,"column":143}},{"start":{"line":4,"column":148},"end":{"line":4,"column":149}}]},"8":{"line":4,"type":"cond-expr","locations":[{"start":{"line":4,"column":94},"end":{"line":4,"column":98}},{"start":{"line":4,"column":101},"end":{"line":4,"column":143}}]},"9":{"line":4,"type":"cond-expr","locations":[{"start":{"line":4,"column":109},"end":{"line":4,"column":126}},{"start":{"line":4,"column":129},"end":{"line":4,"column":143}}]},"10":{"line":5,"type":"binary-expr","locations":[{"start":{"line":5,"column":11},"end":{"line":5,"column":16}},{"start":{"line":5,"column":20},"end":{"line":5,"column":21}},{"start":{"line":5,"column":25},"end":{"line":5,"column":62}}]},"11":{"line":16,"type":"if","locations":[{"start":{"line":16,"column":12},"end":{"line":16,"column":12}},{"start":{"line":16,"column":12},"end":{"line":16,"column":12}}]}},"l":{"1":0,"2":0,"3":0,"4":0,"5":0,"7":0,"9":0,"10":0,"11":0,"12":0,"14":0,"15":0,"16":0,"17":0,"18":0,"21":0,"22":0,"24":0,"27":0,"30":0,"32":0}},
"D:\\Workarea\\unitejs\\web\\www\\dist\\domHelpers\\clipboard.js":{"path":"D:\\Workarea\\unitejs\\web\\www\\dist\\domHelpers\\clipboard.js","s":{"1":0,"2":0,"3":0,"4":0,"5":0,"6":0,"7":0,"8":0,"9":0,"10":0,"11":0,"12":0,"13":0,"14":0,"15":0,"16":0,"17":0,"18":0,"19":0,"20":0,"21":0,"22":0,"23":0,"24":0},"b":{},"f":{"1":0,"2":0,"3":0,"4":0},"fnMap":{"1":{"name":"(anonymous_1)","line":1,"loc":{"start":{"line":1,"column":31},"end":{"line":1,"column":59}}},"2":{"name":"(anonymous_2)","line":7,"loc":{"start":{"line":7,"column":35},"end":{"line":7,"column":47}}},"3":{"name":"Clipboard","line":8,"loc":{"start":{"line":8,"column":8},"end":{"line":8,"column":29}}},"4":{"name":"(anonymous_4)","line":10,"loc":{"start":{"line":10,"column":27},"end":{"line":10,"column":43}}}},"statementMap":{"1":{"start":{"line":1,"column":0},"end":{"line":42,"column":3}},"2":{"start":{"line":3,"column":4},"end":{"line":3,"column":66}},"3":{"start":{"line":7,"column":4},"end":{"line":40,"column":9}},"4":{"start":{"line":8,"column":8},"end":{"line":9,"column":9}},"5":{"start":{"line":10,"column":8},"end":{"line":38,"column":10}},"6":{"start":{"line":11,"column":12},"end":{"line":11,"column":62}},"7":{"start":{"line":13,"column":12},"end":{"line":13,"column":46}},"8":{"start":{"line":14,"column":12},"end":{"line":14,"column":37}},"9":{"start":{"line":15,"column":12},"end":{"line":15,"column":38}},"10":{"start":{"line":18,"column":12},"end":{"line":18,"column":41}},"11":{"start":{"line":19,"column":12},"end":{"line":19,"column":42}},"12":{"start":{"line":21,"column":12},"end":{"line":21,"column":41}},"13":{"start":{"line":23,"column":12},"end":{"line":23,"column":43}},"14":{"start":{"line":24,"column":12},"end":{"line":24,"column":44}},"15":{"start":{"line":25,"column":12},"end":{"line":25,"column":46}},"16":{"start":{"line":27,"column":12},"end":{"line":27,"column":54}},"17":{"start":{"line":28,"column":12},"end":{"line":28,"column":34}},"18":{"start":{"line":29,"column":12},"end":{"line":29,"column":48}},"19":{"start":{"line":30,"column":12},"end":{"line":30,"column":30}},"20":{"start":{"line":31,"column":12},"end":{"line":36,"column":13}},"21":{"start":{"line":32,"column":16},"end":{"line":32,"column":45}},"22":{"start":{"line":37,"column":12},"end":{"line":37,"column":48}},"23":{"start":{"line":39,"column":8},"end":{"line":39,"column":25}},"24":{"start":{"line":41,"column":4},"end":{"line":41,"column":34}}},"branchMap":{},"l":{"1":0,"3":0,"7":0,"8":0,"10":0,"11":0,"13":0,"14":0,"15":0,"18":0,"19":0,"21":0,"23":0,"24":0,"25":0,"27":0,"28":0,"29":0,"30":0,"31":0,"32":0,"37":0,"39":0,"41":0}},
"D:\\Workarea\\unitejs\\web\\www\\dist\\domHelpers\\localStorage.js":{"path":"D:\\Workarea\\unitejs\\web\\www\\dist\\domHelpers\\localStorage.js","s":{"1":0,"2":0,"3":0,"4":0,"5":0,"6":0,"7":0,"8":0,"9":0,"10":0,"11":0,"12":0,"13":0,"14":0,"15":0,"16":0,"17":0,"18":0,"19":0,"20":0,"21":0,"22":0,"23":0},"b":{"1":[0,0],"2":[0,0],"3":[0,0],"4":[0,0],"5":[0,0],"6":[0,0]},"f":{"1":0,"2":0,"3":0,"4":0,"5":0,"6":0},"fnMap":{"1":{"name":"(anonymous_1)","line":1,"loc":{"start":{"line":1,"column":31},"end":{"line":1,"column":59}}},"2":{"name":"(anonymous_2)","line":7,"loc":{"start":{"line":7,"column":38},"end":{"line":7,"column":50}}},"3":{"name":"LocalStorage","line":8,"loc":{"start":{"line":8,"column":8},"end":{"line":8,"column":32}}},"4":{"name":"(anonymous_4)","line":10,"loc":{"start":{"line":10,"column":27},"end":{"line":10,"column":48}}},"5":{"name":"(anonymous_5)","line":20,"loc":{"start":{"line":20,"column":27},"end":{"line":20,"column":43}}},"6":{"name":"(anonymous_6)","line":39,"loc":{"start":{"line":39,"column":30},"end":{"line":39,"column":46}}}},"statementMap":{"1":{"start":{"line":1,"column":0},"end":{"line":47,"column":3}},"2":{"start":{"line":3,"column":4},"end":{"line":3,"column":66}},"3":{"start":{"line":7,"column":4},"end":{"line":45,"column":9}},"4":{"start":{"line":8,"column":8},"end":{"line":9,"column":9}},"5":{"start":{"line":10,"column":8},"end":{"line":19,"column":10}},"6":{"start":{"line":11,"column":12},"end":{"line":18,"column":13}},"7":{"start":{"line":12,"column":16},"end":{"line":17,"column":17}},"8":{"start":{"line":13,"column":20},"end":{"line":13,"column":57}},"9":{"start":{"line":16,"column":20},"end":{"line":16,"column":75}},"10":{"start":{"line":20,"column":8},"end":{"line":38,"column":10}},"11":{"start":{"line":21,"column":12},"end":{"line":37,"column":13}},"12":{"start":{"line":22,"column":16},"end":{"line":22,"column":60}},"13":{"start":{"line":23,"column":16},"end":{"line":33,"column":17}},"14":{"start":{"line":24,"column":20},"end":{"line":29,"column":21}},"15":{"start":{"line":25,"column":24},"end":{"line":25,"column":47}},"16":{"start":{"line":28,"column":24},"end":{"line":28,"column":41}},"17":{"start":{"line":32,"column":20},"end":{"line":32,"column":37}},"18":{"start":{"line":36,"column":16},"end":{"line":36,"column":33}},"19":{"start":{"line":39,"column":8},"end":{"line":43,"column":10}},"20":{"start":{"line":40,"column":12},"end":{"line":42,"column":13}},"21":{"start":{"line":41,"column":16},"end":{"line":41,"column":53}},"22":{"start":{"line":44,"column":8},"end":{"line":44,"column":28}},"23":{"start":{"line":46,"column":4},"end":{"line":46,"column":40}}},"branchMap":{"1":{"line":11,"type":"if","locations":[{"start":{"line":11,"column":12},"end":{"line":11,"column":12}},{"start":{"line":11,"column":12},"end":{"line":11,"column":12}}]},"2":{"line":12,"type":"if","locations":[{"start":{"line":12,"column":16},"end":{"line":12,"column":16}},{"start":{"line":12,"column":16},"end":{"line":12,"column":16}}]},"3":{"line":12,"type":"binary-expr","locations":[{"start":{"line":12,"column":20},"end":{"line":12,"column":32}},{"start":{"line":12,"column":36},"end":{"line":12,"column":53}}]},"4":{"line":21,"type":"if","locations":[{"start":{"line":21,"column":12},"end":{"line":21,"column":12}},{"start":{"line":21,"column":12},"end":{"line":21,"column":12}}]},"5":{"line":23,"type":"if","locations":[{"start":{"line":23,"column":16},"end":{"line":23,"column":16}},{"start":{"line":23,"column":16},"end":{"line":23,"column":16}}]},"6":{"line":40,"type":"if","locations":[{"start":{"line":40,"column":12},"end":{"line":40,"column":12}},{"start":{"line":40,"column":12},"end":{"line":40,"column":12}}]}},"l":{"1":0,"3":0,"7":0,"8":0,"10":0,"11":0,"12":0,"13":0,"16":0,"20":0,"21":0,"22":0,"23":0,"24":0,"25":0,"28":0,"32":0,"36":0,"39":0,"40":0,"41":0,"44":0,"46":0}},
"D:\\Workarea\\unitejs\\web\\www\\dist\\domHelpers\\style.js":{"path":"D:\\Workarea\\unitejs\\web\\www\\dist\\domHelpers\\style.js","s":{"1":0,"2":0,"3":0,"4":0,"5":0,"6":0,"7":0,"8":0,"9":0,"10":0,"11":0,"12":0,"13":0,"14":0},"b":{"1":[0,0],"2":[0,0],"3":[0,0]},"f":{"1":0,"2":0,"3":0,"4":0,"5":0},"fnMap":{"1":{"name":"(anonymous_1)","line":1,"loc":{"start":{"line":1,"column":31},"end":{"line":1,"column":59}}},"2":{"name":"(anonymous_2)","line":7,"loc":{"start":{"line":7,"column":31},"end":{"line":7,"column":43}}},"3":{"name":"Style","line":8,"loc":{"start":{"line":8,"column":8},"end":{"line":8,"column":25}}},"4":{"name":"(anonymous_4)","line":10,"loc":{"start":{"line":10,"column":23},"end":{"line":10,"column":59}}},"5":{"name":"(anonymous_5)","line":22,"loc":{"start":{"line":22,"column":20},"end":{"line":22,"column":51}}}},"statementMap":{"1":{"start":{"line":1,"column":0},"end":{"line":28,"column":3}},"2":{"start":{"line":3,"column":4},"end":{"line":3,"column":66}},"3":{"start":{"line":7,"column":4},"end":{"line":26,"column":9}},"4":{"start":{"line":8,"column":8},"end":{"line":9,"column":9}},"5":{"start":{"line":10,"column":8},"end":{"line":21,"column":10}},"6":{"start":{"line":11,"column":12},"end":{"line":20,"column":13}},"7":{"start":{"line":12,"column":16},"end":{"line":14,"column":17}},"8":{"start":{"line":13,"column":20},"end":{"line":13,"column":54}},"9":{"start":{"line":17,"column":16},"end":{"line":19,"column":17}},"10":{"start":{"line":18,"column":20},"end":{"line":18,"column":57}},"11":{"start":{"line":22,"column":8},"end":{"line":24,"column":10}},"12":{"start":{"line":23,"column":12},"end":{"line":23,"column":58}},"13":{"start":{"line":25,"column":8},"end":{"line":25,"column":21}},"14":{"start":{"line":27,"column":4},"end":{"line":27,"column":26}}},"branchMap":{"1":{"line":11,"type":"if","locations":[{"start":{"line":11,"column":12},"end":{"line":11,"column":12}},{"start":{"line":11,"column":12},"end":{"line":11,"column":12}}]},"2":{"line":12,"type":"if","locations":[{"start":{"line":12,"column":16},"end":{"line":12,"column":16}},{"start":{"line":12,"column":16},"end":{"line":12,"column":16}}]},"3":{"line":17,"type":"if","locations":[{"start":{"line":17,"column":16},"end":{"line":17,"column":16}},{"start":{"line":17,"column":16},"end":{"line":17,"column":16}}]}},"l":{"1":0,"3":0,"7":0,"8":0,"10":0,"11":0,"12":0,"13":0,"17":0,"18":0,"22":0,"23":0,"25":0,"27":0}},
"D:\\Workarea\\unitejs\\web\\www\\dist\\elements\\aureliaSvg.js":{"path":"D:\\Workarea\\unitejs\\web\\www\\dist\\elements\\aureliaSvg.js","s":{"1":0,"2":0,"3":0,"4":0,"5":0,"6":0,"7":0,"8":0,"9":0,"10":0,"11":0,"12":0,"13":0,"14":0,"15":0,"16":0,"17":0,"18":0,"19":0,"20":0,"21":0,"22":0,"23":0,"24":0,"25":0,"26":0,"27":0,"28":0,"29":0,"30":0,"31":0},"b":{"1":[0,0,0],"2":[0,0],"3":[0,0],"4":[0,0],"5":[0,0],"6":[0,0],"7":[0,0],"8":[0,0],"9":[0,0],"10":[0,0,0],"11":[0,0],"12":[0,0],"13":[0,0],"14":[0,0],"15":[0,0]},"f":{"1":0,"2":0,"3":0,"4":0,"5":0,"6":0,"7":0},"fnMap":{"1":{"name":"(anonymous_1)","line":1,"loc":{"start":{"line":1,"column":46},"end":{"line":1,"column":87}}},"2":{"name":"(anonymous_2)","line":7,"loc":{"start":{"line":7,"column":123},"end":{"line":7,"column":243}}},"3":{"name":"(anonymous_3)","line":10,"loc":{"start":{"line":10,"column":36},"end":{"line":10,"column":48}}},"4":{"name":"AureliaSvg","line":11,"loc":{"start":{"line":11,"column":8},"end":{"line":11,"column":37}}},"5":{"name":"(anonymous_5)","line":14,"loc":{"start":{"line":14,"column":42},"end":{"line":14,"column":54}}},"6":{"name":"(anonymous_6)","line":19,"loc":{"start":{"line":19,"column":26},"end":{"line":19,"column":46}}},"7":{"name":"(anonymous_7)","line":31,"loc":{"start":{"line":31,"column":27},"end":{"line":31,"column":42}}}},"statementMap":{"1":{"start":{"line":1,"column":0},"end":{"line":6,"column":2}},"2":{"start":{"line":2,"column":4},"end":{"line":2,"column":129}},"3":{"start":{"line":3,"column":4},"end":{"line":4,"column":150}},"4":{"start":{"line":3,"column":79},"end":{"line":3,"column":131}},"5":{"start":{"line":4,"column":9},"end":{"line":4,"column":150}},"6":{"start":{"line":4,"column":58},"end":{"line":4,"column":150}},"7":{"start":{"line":4,"column":81},"end":{"line":4,"column":150}},"8":{"start":{"line":5,"column":4},"end":{"line":5,"column":66}},"9":{"start":{"line":7,"column":0},"end":{"line":52,"column":3}},"10":{"start":{"line":9,"column":4},"end":{"line":9,"column":66}},"11":{"start":{"line":10,"column":4},"end":{"line":50,"column":9}},"12":{"start":{"line":11,"column":8},"end":{"line":13,"column":9}},"13":{"start":{"line":12,"column":12},"end":{"line":12,"column":36}},"14":{"start":{"line":14,"column":8},"end":{"line":35,"column":10}},"15":{"start":{"line":15,"column":12},"end":{"line":15,"column":29}},"16":{"start":{"line":16,"column":12},"end":{"line":34,"column":13}},"17":{"start":{"line":17,"column":16},"end":{"line":17,"column":72}},"18":{"start":{"line":18,"column":16},"end":{"line":33,"column":19}},"19":{"start":{"line":20,"column":20},"end":{"line":29,"column":21}},"20":{"start":{"line":21,"column":24},"end":{"line":21,"column":51}},"21":{"start":{"line":22,"column":24},"end":{"line":24,"column":25}},"22":{"start":{"line":23,"column":28},"end":{"line":23,"column":98}},"23":{"start":{"line":25,"column":24},"end":{"line":27,"column":25}},"24":{"start":{"line":26,"column":28},"end":{"line":26,"column":101}},"25":{"start":{"line":28,"column":24},"end":{"line":28,"column":68}},"26":{"start":{"line":36,"column":8},"end":{"line":38,"column":50}},"27":{"start":{"line":39,"column":8},"end":{"line":41,"column":51}},"28":{"start":{"line":42,"column":8},"end":{"line":44,"column":48}},"29":{"start":{"line":45,"column":8},"end":{"line":48,"column":23}},"30":{"start":{"line":49,"column":8},"end":{"line":49,"column":26}},"31":{"start":{"line":51,"column":4},"end":{"line":51,"column":36}}},"branchMap":{"1":{"line":1,"type":"binary-expr","locations":[{"start":{"line":1,"column":18},"end":{"line":1,"column":22}},{"start":{"line":1,"column":26},"end":{"line":1,"column":41}},{"start":{"line":1,"column":46},"end":{"line":6,"column":1}}]},"2":{"line":2,"type":"cond-expr","locations":[{"start":{"line":2,"column":42},"end":{"line":2,"column":48}},{"start":{"line":2,"column":51},"end":{"line":2,"column":125}}]},"3":{"line":2,"type":"cond-expr","locations":[{"start":{"line":2,"column":67},"end":{"line":2,"column":118}},{"start":{"line":2,"column":121},"end":{"line":2,"column":125}}]},"4":{"line":3,"type":"if","locations":[{"start":{"line":3,"column":4},"end":{"line":3,"column":4}},{"start":{"line":3,"column":4},"end":{"line":3,"column":4}}]},"5":{"line":3,"type":"binary-expr","locations":[{"start":{"line":3,"column":8},"end":{"line":3,"column":35}},{"start":{"line":3,"column":39},"end":{"line":3,"column":77}}]},"6":{"line":4,"type":"if","locations":[{"start":{"line":4,"column":58},"end":{"line":4,"column":58}},{"start":{"line":4,"column":58},"end":{"line":4,"column":58}}]},"7":{"line":4,"type":"binary-expr","locations":[{"start":{"line":4,"column":86},"end":{"line":4,"column":143}},{"start":{"line":4,"column":148},"end":{"line":4,"column":149}}]},"8":{"line":4,"type":"cond-expr","locations":[{"start":{"line":4,"column":94},"end":{"line":4,"column":98}},{"start":{"line":4,"column":101},"end":{"line":4,"column":143}}]},"9":{"line":4,"type":"cond-expr","locations":[{"start":{"line":4,"column":109},"end":{"line":4,"column":126}},{"start":{"line":4,"column":129},"end":{"line":4,"column":143}}]},"10":{"line":5,"type":"binary-expr","locations":[{"start":{"line":5,"column":11},"end":{"line":5,"column":16}},{"start":{"line":5,"column":20},"end":{"line":5,"column":21}},{"start":{"line":5,"column":25},"end":{"line":5,"column":62}}]},"11":{"line":16,"type":"if","locations":[{"start":{"line":16,"column":12},"end":{"line":16,"column":12}},{"start":{"line":16,"column":12},"end":{"line":16,"column":12}}]},"12":{"line":16,"type":"binary-expr","locations":[{"start":{"line":16,"column":16},"end":{"line":16,"column":24}},{"start":{"line":16,"column":28},"end":{"line":16,"column":47}}]},"13":{"line":20,"type":"if","locations":[{"start":{"line":20,"column":20},"end":{"line":20,"column":20}},{"start":{"line":20,"column":20},"end":{"line":20,"column":20}}]},"14":{"line":22,"type":"if","locations":[{"start":{"line":22,"column":24},"end":{"line":22,"column":24}},{"start":{"line":22,"column":24},"end":{"line":22,"column":24}}]},"15":{"line":25,"type":"if","locations":[{"start":{"line":25,"column":24},"end":{"line":25,"column":24}},{"start":{"line":25,"column":24},"end":{"line":25,"column":24}}]}},"l":{"1":0,"2":0,"3":0,"4":0,"5":0,"7":0,"9":0,"10":0,"11":0,"12":0,"14":0,"15":0,"16":0,"17":0,"18":0,"20":0,"21":0,"22":0,"23":0,"25":0,"26":0,"28":0,"36":0,"39":0,"42":0,"45":0,"49":0,"51":0}},
"D:\\Workarea\\unitejs\\web\\www\\dist\\examples\\examples.js":{"path":"D:\\Workarea\\unitejs\\web\\www\\dist\\examples\\examples.js","s":{"1":0,"2":0,"3":0,"4":0,"5":0,"6":0},"b":{},"f":{"1":0,"2":0,"3":0},"fnMap":{"1":{"name":"(anonymous_1)","line":1,"loc":{"start":{"line":1,"column":31},"end":{"line":1,"column":59}}},"2":{"name":"(anonymous_2)","line":7,"loc":{"start":{"line":7,"column":34},"end":{"line":7,"column":46}}},"3":{"name":"Examples","line":8,"loc":{"start":{"line":8,"column":8},"end":{"line":8,"column":28}}}},"statementMap":{"1":{"start":{"line":1,"column":0},"end":{"line":13,"column":3}},"2":{"start":{"line":3,"column":4},"end":{"line":3,"column":66}},"3":{"start":{"line":7,"column":4},"end":{"line":11,"column":9}},"4":{"start":{"line":8,"column":8},"end":{"line":9,"column":9}},"5":{"start":{"line":10,"column":8},"end":{"line":10,"column":24}},"6":{"start":{"line":12,"column":4},"end":{"line":12,"column":32}}},"branchMap":{},"l":{"1":0,"3":0,"7":0,"8":0,"10":0,"12":0}},
"D:\\Workarea\\unitejs\\web\\www\\dist\\generator\\generator.js":{"path":"D:\\Workarea\\unitejs\\web\\www\\dist\\generator\\generator.js","s":{"1":0,"2":0,"3":0,"4":0,"5":0,"6":0,"7":0,"8":0,"9":0,"10":0,"11":0,"12":0,"13":0,"14":0,"15":0,"16":0,"17":0,"18":0,"19":0,"20":0,"21":0,"22":0,"23":0,"24":0,"25":0,"26":0,"27":0,"28":0,"29":0,"30":0,"31":0,"32":0,"33":0,"34":0,"35":0,"36":0,"37":0,"38":0,"39":0,"40":0,"41":0,"42":0,"43":0,"44":0,"45":0,"46":0,"47":0,"48":0,"49":0,"50":0,"51":0,"52":0,"53":0,"54":0,"55":0,"56":0,"57":0,"58":0,"59":0,"60":0,"61":0,"62":0,"63":0,"64":0,"65":0,"66":0,"67":0,"68":0,"69":0,"70":0,"71":0,"72":0,"73":0,"74":0,"75":0,"76":0,"77":0,"78":0,"79":0,"80":0,"81":0,"82":0,"83":0,"84":0,"85":0,"86":0,"87":0,"88":0,"89":0,"90":0,"91":0,"92":0,"93":0,"94":0,"95":0,"96":0,"97":0,"98":0,"99":0,"100":0,"101":0,"102":0,"103":0,"104":0,"105":0,"106":0,"107":0,"108":0,"109":0,"110":0,"111":0,"112":0,"113":0,"114":0,"115":0,"116":0,"117":0,"118":0,"119":0,"120":0,"121":0,"122":0,"123":0,"124":0,"125":0,"126":0,"127":0,"128":0,"129":0,"130":0,"131":0,"132":0,"133":0,"134":0,"135":0,"136":0,"137":0,"138":0,"139":0,"140":0,"141":0,"142":0,"143":0,"144":0,"145":0,"146":0,"147":0,"148":0,"149":0,"150":0,"151":0,"152":0,"153":0,"154":0,"155":0,"156":0,"157":0,"158":0,"159":0,"160":0,"161":0,"162":0,"163":0,"164":0,"165":0,"166":0,"167":0,"168":0,"169":0,"170":0,"171":0,"172":0,"173":0,"174":0,"175":0,"176":0,"177":0,"178":0,"179":0,"180":0,"181":0,"182":0,"183":0,"184":0,"185":0,"186":0,"187":0,"188":0,"189":0,"190":0,"191":0,"192":0,"193":0,"194":0,"195":0,"196":0,"197":0,"198":0,"199":0,"200":0,"201":0,"202":0,"203":0,"204":0,"205":0,"206":0,"207":0,"208":0,"209":0,"210":0,"211":0,"212":0,"213":0,"214":0,"215":0,"216":0,"217":0,"218":0,"219":0,"220":0,"221":0,"222":0,"223":0,"224":0,"225":0,"226":0,"227":0,"228":0,"229":0,"230":0,"231":0,"232":0,"233":0,"234":0,"235":0,"236":0,"237":0,"238":0,"239":0,"240":0,"241":0,"242":0,"243":0,"244":0,"245":0,"246":0,"247":0,"248":0,"249":0},"b":{"1":[0,0,0],"2":[0,0],"3":[0,0],"4":[0,0],"5":[0,0],"6":[0,0],"7":[0,0],"8":[0,0],"9":[0,0],"10":[0,0,0],"11":[0,0,0],"12":[0,0,0],"13":[0,0,0],"14":[0,0,0],"15":[0,0,0],"16":[0,0,0,0,0],"17":[0,0],"18":[0,0],"19":[0,0],"20":[0,0],"21":[0,0],"22":[0,0],"23":[0,0,0],"24":[0,0],"25":[0,0,0,0],"26":[0,0],"27":[0,0],"28":[0,0,0,0],"29":[0,0,0,0],"30":[0,0],"31":[0,0],"32":[0,0],"33":[0,0],"34":[0,0],"35":[0,0],"36":[0,0],"37":[0,0],"38":[0,0],"39":[0,0],"40":[0,0],"41":[0,0],"42":[0,0],"43":[0,0],"44":[0,0],"45":[0,0],"46":[0,0],"47":[0,0],"48":[0,0],"49":[0,0],"50":[0,0],"51":[0,0],"52":[0,0],"53":[0,0],"54":[0,0],"55":[0,0],"56":[0,0],"57":[0,0],"58":[0,0],"59":[0,0],"60":[0,0],"61":[0,0,0],"62":[0,0],"63":[0,0],"64":[0,0],"65":[0,0]},"f":{"1":0,"2":0,"3":0,"4":0,"5":0,"6":0,"7":0,"8":0,"9":0,"10":0,"11":0,"12":0,"13":0,"14":0,"15":0,"16":0,"17":0,"18":0,"19":0,"20":0,"21":0,"22":0,"23":0,"24":0,"25":0,"26":0,"27":0,"28":0,"29":0,"30":0,"31":0,"32":0,"33":0,"34":0,"35":0,"36":0,"37":0,"38":0,"39":0,"40":0,"41":0,"42":0,"43":0,"44":0,"45":0,"46":0,"47":0,"48":0,"49":0,"50":0,"51":0,"52":0,"53":0,"54":0,"55":0,"56":0,"57":0,"58":0,"59":0,"60":0,"61":0},"fnMap":{"1":{"name":"(anonymous_1)","line":1,"loc":{"start":{"line":1,"column":46},"end":{"line":1,"column":87}}},"2":{"name":"(anonymous_2)","line":7,"loc":{"start":{"line":7,"column":258},"end":{"line":7,"column":461}}},"3":{"name":"(anonymous_3)","line":10,"loc":{"start":{"line":10,"column":35},"end":{"line":10,"column":47}}},"4":{"name":"Generator","line":11,"loc":{"start":{"line":11,"column":8},"end":{"line":11,"column":39}}},"5":{"name":"(anonymous_5)","line":15,"loc":{"start":{"line":15,"column":88},"end":{"line":15,"column":110}}},"6":{"name":"(anonymous_6)","line":19,"loc":{"start":{"line":19,"column":84},"end":{"line":19,"column":106}}},"7":{"name":"(anonymous_7)","line":23,"loc":{"start":{"line":23,"column":96},"end":{"line":23,"column":118}}},"8":{"name":"(anonymous_8)","line":27,"loc":{"start":{"line":27,"column":89},"end":{"line":27,"column":111}}},"9":{"name":"(anonymous_9)","line":31,"loc":{"start":{"line":31,"column":80},"end":{"line":31,"column":102}}},"10":{"name":"(anonymous_10)","line":36,"loc":{"start":{"line":36,"column":83},"end":{"line":36,"column":105}}},"11":{"name":"(anonymous_11)","line":40,"loc":{"start":{"line":40,"column":84},"end":{"line":40,"column":106}}},"12":{"name":"(anonymous_12)","line":44,"loc":{"start":{"line":44,"column":83},"end":{"line":44,"column":105}}},"13":{"name":"(anonymous_13)","line":47,"loc":{"start":{"line":47,"column":87},"end":{"line":47,"column":109}}},"14":{"name":"(anonymous_14)","line":50,"loc":{"start":{"line":50,"column":95},"end":{"line":50,"column":117}}},"15":{"name":"(anonymous_15)","line":53,"loc":{"start":{"line":53,"column":82},"end":{"line":53,"column":104}}},"16":{"name":"(anonymous_16)","line":56,"loc":{"start":{"line":56,"column":85},"end":{"line":56,"column":107}}},"17":{"name":"(anonymous_17)","line":61,"loc":{"start":{"line":61,"column":79},"end":{"line":61,"column":101}}},"18":{"name":"(anonymous_18)","line":64,"loc":{"start":{"line":64,"column":77},"end":{"line":64,"column":99}}},"19":{"name":"(anonymous_19)","line":67,"loc":{"start":{"line":67,"column":82},"end":{"line":67,"column":104}}},"20":{"name":"(anonymous_20)","line":72,"loc":{"start":{"line":72,"column":84},"end":{"line":72,"column":106}}},"21":{"name":"(anonymous_21)","line":78,"loc":{"start":{"line":78,"column":24},"end":{"line":78,"column":37}}},"22":{"name":"(anonymous_22)","line":85,"loc":{"start":{"line":85,"column":24},"end":{"line":85,"column":37}}},"23":{"name":"(anonymous_23)","line":86,"loc":{"start":{"line":86,"column":24},"end":{"line":86,"column":37}}},"24":{"name":"(anonymous_24)","line":87,"loc":{"start":{"line":87,"column":24},"end":{"line":87,"column":37}}},"25":{"name":"(anonymous_25)","line":93,"loc":{"start":{"line":93,"column":24},"end":{"line":93,"column":37}}},"26":{"name":"(anonymous_26)","line":96,"loc":{"start":{"line":96,"column":24},"end":{"line":96,"column":37}}},"27":{"name":"(anonymous_27)","line":103,"loc":{"start":{"line":103,"column":24},"end":{"line":103,"column":37}}},"28":{"name":"(anonymous_28)","line":112,"loc":{"start":{"line":112,"column":24},"end":{"line":112,"column":37}}},"29":{"name":"(anonymous_29)","line":115,"loc":{"start":{"line":115,"column":24},"end":{"line":115,"column":37}}},"30":{"name":"(anonymous_30)","line":116,"loc":{"start":{"line":116,"column":24},"end":{"line":116,"column":37}}},"31":{"name":"(anonymous_31)","line":120,"loc":{"start":{"line":120,"column":24},"end":{"line":120,"column":37}}},"32":{"name":"(anonymous_32)","line":124,"loc":{"start":{"line":124,"column":24},"end":{"line":124,"column":37}}},"33":{"name":"(anonymous_33)","line":125,"loc":{"start":{"line":125,"column":24},"end":{"line":125,"column":37}}},"34":{"name":"(anonymous_34)","line":127,"loc":{"start":{"line":127,"column":24},"end":{"line":127,"column":37}}},"35":{"name":"(anonymous_35)","line":128,"loc":{"start":{"line":128,"column":24},"end":{"line":128,"column":37}}},"36":{"name":"(anonymous_36)","line":129,"loc":{"start":{"line":129,"column":24},"end":{"line":129,"column":37}}},"37":{"name":"(anonymous_37)","line":132,"loc":{"start":{"line":132,"column":39},"end":{"line":132,"column":51}}},"38":{"name":"(anonymous_38)","line":136,"loc":{"start":{"line":136,"column":22},"end":{"line":136,"column":42}}},"39":{"name":"(anonymous_39)","line":140,"loc":{"start":{"line":140,"column":52},"end":{"line":140,"column":74}}},"40":{"name":"(anonymous_40)","line":145,"loc":{"start":{"line":145,"column":30},"end":{"line":145,"column":51}}},"41":{"name":"(anonymous_41)","line":149,"loc":{"start":{"line":149,"column":60},"end":{"line":149,"column":82}}},"42":{"name":"(anonymous_42)","line":168,"loc":{"start":{"line":168,"column":23},"end":{"line":168,"column":38}}},"43":{"name":"(anonymous_43)","line":172,"loc":{"start":{"line":172,"column":44},"end":{"line":172,"column":83}}},"44":{"name":"(anonymous_44)","line":208,"loc":{"start":{"line":208,"column":45},"end":{"line":208,"column":57}}},"45":{"name":"(anonymous_45)","line":211,"loc":{"start":{"line":211,"column":49},"end":{"line":211,"column":62}}},"46":{"name":"(anonymous_46)","line":233,"loc":{"start":{"line":233,"column":58},"end":{"line":233,"column":70}}},"47":{"name":"(anonymous_47)","line":236,"loc":{"start":{"line":236,"column":48},"end":{"line":236,"column":60}}},"48":{"name":"(anonymous_48)","line":241,"loc":{"start":{"line":241,"column":45},"end":{"line":241,"column":57}}},"49":{"name":"(anonymous_49)","line":245,"loc":{"start":{"line":245,"column":52},"end":{"line":245,"column":64}}},"50":{"name":"(anonymous_50)","line":248,"loc":{"start":{"line":248,"column":44},"end":{"line":248,"column":56}}},"51":{"name":"(anonymous_51)","line":251,"loc":{"start":{"line":251,"column":52},"end":{"line":251,"column":64}}},"52":{"name":"(anonymous_52)","line":266,"loc":{"start":{"line":266,"column":55},"end":{"line":266,"column":67}}},"53":{"name":"(anonymous_53)","line":269,"loc":{"start":{"line":269,"column":52},"end":{"line":269,"column":64}}},"54":{"name":"(anonymous_54)","line":272,"loc":{"start":{"line":272,"column":51},"end":{"line":272,"column":63}}},"55":{"name":"(anonymous_55)","line":282,"loc":{"start":{"line":282,"column":39},"end":{"line":282,"column":51}}},"56":{"name":"(anonymous_56)","line":304,"loc":{"start":{"line":304,"column":46},"end":{"line":304,"column":59}}},"57":{"name":"(anonymous_57)","line":312,"loc":{"start":{"line":312,"column":22},"end":{"line":312,"column":40}}},"58":{"name":"(anonymous_58)","line":343,"loc":{"start":{"line":343,"column":42},"end":{"line":343,"column":104}}},"59":{"name":"(anonymous_59)","line":354,"loc":{"start":{"line":354,"column":36},"end":{"line":354,"column":48}}},"60":{"name":"(anonymous_60)","line":360,"loc":{"start":{"line":360,"column":23},"end":{"line":360,"column":35}}},"61":{"name":"(anonymous_61)","line":362,"loc":{"start":{"line":362,"column":46},"end":{"line":362,"column":58}}}},"statementMap":{"1":{"start":{"line":1,"column":0},"end":{"line":6,"column":2}},"2":{"start":{"line":2,"column":4},"end":{"line":2,"column":129}},"3":{"start":{"line":3,"column":4},"end":{"line":4,"column":150}},"4":{"start":{"line":3,"column":79},"end":{"line":3,"column":131}},"5":{"start":{"line":4,"column":9},"end":{"line":4,"column":150}},"6":{"start":{"line":4,"column":58},"end":{"line":4,"column":150}},"7":{"start":{"line":4,"column":81},"end":{"line":4,"column":150}},"8":{"start":{"line":5,"column":4},"end":{"line":5,"column":66}},"9":{"start":{"line":7,"column":0},"end":{"line":425,"column":3}},"10":{"start":{"line":9,"column":4},"end":{"line":9,"column":66}},"11":{"start":{"line":10,"column":4},"end":{"line":423,"column":9}},"12":{"start":{"line":11,"column":8},"end":{"line":131,"column":9}},"13":{"start":{"line":12,"column":12},"end":{"line":12,"column":41}},"14":{"start":{"line":13,"column":12},"end":{"line":13,"column":93}},"15":{"start":{"line":14,"column":12},"end":{"line":14,"column":96}},"16":{"start":{"line":15,"column":12},"end":{"line":18,"column":73}},"17":{"start":{"line":16,"column":16},"end":{"line":17,"column":50}},"18":{"start":{"line":19,"column":12},"end":{"line":22,"column":83}},"19":{"start":{"line":20,"column":16},"end":{"line":21,"column":80}},"20":{"start":{"line":23,"column":12},"end":{"line":26,"column":72}},"21":{"start":{"line":24,"column":16},"end":{"line":25,"column":67}},"22":{"start":{"line":27,"column":12},"end":{"line":30,"column":77}},"23":{"start":{"line":28,"column":16},"end":{"line":29,"column":56}},"24":{"start":{"line":31,"column":12},"end":{"line":35,"column":77}},"25":{"start":{"line":32,"column":16},"end":{"line":34,"column":85}},"26":{"start":{"line":36,"column":12},"end":{"line":39,"column":90}},"27":{"start":{"line":37,"column":16},"end":{"line":38,"column":81}},"28":{"start":{"line":40,"column":12},"end":{"line":43,"column":70}},"29":{"start":{"line":41,"column":16},"end":{"line":42,"column":81}},"30":{"start":{"line":44,"column":12},"end":{"line":46,"column":78}},"31":{"start":{"line":45,"column":16},"end":{"line":45,"column":93}},"32":{"start":{"line":47,"column":12},"end":{"line":49,"column":70}},"33":{"start":{"line":48,"column":16},"end":{"line":48,"column":79}},"34":{"start":{"line":50,"column":12},"end":{"line":52,"column":89}},"35":{"start":{"line":51,"column":16},"end":{"line":51,"column":116}},"36":{"start":{"line":53,"column":12},"end":{"line":55,"column":91}},"37":{"start":{"line":54,"column":16},"end":{"line":54,"column":86}},"38":{"start":{"line":56,"column":12},"end":{"line":60,"column":48}},"39":{"start":{"line":57,"column":16},"end":{"line":59,"column":56}},"40":{"start":{"line":61,"column":12},"end":{"line":63,"column":98}},"41":{"start":{"line":62,"column":16},"end":{"line":62,"column":92}},"42":{"start":{"line":64,"column":12},"end":{"line":66,"column":93}},"43":{"start":{"line":65,"column":16},"end":{"line":65,"column":87}},"44":{"start":{"line":67,"column":12},"end":{"line":71,"column":48}},"45":{"start":{"line":68,"column":16},"end":{"line":70,"column":56}},"46":{"start":{"line":72,"column":12},"end":{"line":76,"column":50}},"47":{"start":{"line":73,"column":16},"end":{"line":75,"column":55}},"48":{"start":{"line":77,"column":12},"end":{"line":130,"column":26}},"49":{"start":{"line":78,"column":39},"end":{"line":78,"column":60}},"50":{"start":{"line":85,"column":39},"end":{"line":85,"column":54}},"51":{"start":{"line":86,"column":39},"end":{"line":86,"column":56}},"52":{"start":{"line":87,"column":39},"end":{"line":87,"column":69}},"53":{"start":{"line":93,"column":39},"end":{"line":93,"column":63}},"54":{"start":{"line":96,"column":39},"end":{"line":96,"column":59}},"55":{"start":{"line":103,"column":39},"end":{"line":103,"column":56}},"56":{"start":{"line":112,"column":39},"end":{"line":112,"column":55}},"57":{"start":{"line":115,"column":39},"end":{"line":115,"column":63}},"58":{"start":{"line":116,"column":39},"end":{"line":116,"column":66}},"59":{"start":{"line":120,"column":39},"end":{"line":120,"column":63}},"60":{"start":{"line":124,"column":39},"end":{"line":124,"column":62}},"61":{"start":{"line":125,"column":39},"end":{"line":125,"column":65}},"62":{"start":{"line":127,"column":39},"end":{"line":127,"column":55}},"63":{"start":{"line":128,"column":39},"end":{"line":128,"column":56}},"64":{"start":{"line":129,"column":39},"end":{"line":129,"column":63}},"65":{"start":{"line":132,"column":8},"end":{"line":171,"column":10}},"66":{"start":{"line":133,"column":12},"end":{"line":133,"column":29}},"67":{"start":{"line":134,"column":12},"end":{"line":134,"column":68}},"68":{"start":{"line":135,"column":12},"end":{"line":170,"column":15}},"69":{"start":{"line":137,"column":16},"end":{"line":166,"column":17}},"70":{"start":{"line":138,"column":20},"end":{"line":138,"column":54}},"71":{"start":{"line":139,"column":20},"end":{"line":139,"column":40}},"72":{"start":{"line":140,"column":20},"end":{"line":142,"column":23}},"73":{"start":{"line":141,"column":24},"end":{"line":141,"column":97}},"74":{"start":{"line":143,"column":20},"end":{"line":143,"column":77}},"75":{"start":{"line":144,"column":20},"end":{"line":162,"column":23}},"76":{"start":{"line":146,"column":24},"end":{"line":161,"column":25}},"77":{"start":{"line":147,"column":28},"end":{"line":147,"column":63}},"78":{"start":{"line":148,"column":28},"end":{"line":148,"column":48}},"79":{"start":{"line":149,"column":28},"end":{"line":151,"column":31}},"80":{"start":{"line":150,"column":32},"end":{"line":150,"column":104}},"81":{"start":{"line":152,"column":28},"end":{"line":152,"column":107}},"82":{"start":{"line":153,"column":28},"end":{"line":153,"column":85}},"83":{"start":{"line":154,"column":28},"end":{"line":154,"column":77}},"84":{"start":{"line":155,"column":28},"end":{"line":157,"column":29}},"85":{"start":{"line":156,"column":32},"end":{"line":156,"column":49}},"86":{"start":{"line":160,"column":28},"end":{"line":160,"column":108}},"87":{"start":{"line":165,"column":20},"end":{"line":165,"column":91}},"88":{"start":{"line":169,"column":16},"end":{"line":169,"column":87}},"89":{"start":{"line":172,"column":8},"end":{"line":207,"column":10}},"90":{"start":{"line":173,"column":12},"end":{"line":173,"column":102}},"91":{"start":{"line":174,"column":12},"end":{"line":174,"column":64}},"92":{"start":{"line":175,"column":12},"end":{"line":175,"column":63}},"93":{"start":{"line":176,"column":12},"end":{"line":176,"column":86}},"94":{"start":{"line":177,"column":12},"end":{"line":177,"column":56}},"95":{"start":{"line":178,"column":12},"end":{"line":178,"column":61}},"96":{"start":{"line":179,"column":12},"end":{"line":179,"column":63}},"97":{"start":{"line":180,"column":12},"end":{"line":180,"column":76}},"98":{"start":{"line":181,"column":12},"end":{"line":181,"column":72}},"99":{"start":{"line":182,"column":12},"end":{"line":182,"column":62}},"100":{"start":{"line":183,"column":12},"end":{"line":183,"column":61}},"101":{"start":{"line":184,"column":12},"end":{"line":184,"column":48}},"102":{"start":{"line":185,"column":12},"end":{"line":185,"column":51}},"103":{"start":{"line":186,"column":12},"end":{"line":186,"column":35}},"104":{"start":{"line":187,"column":12},"end":{"line":187,"column":95}},"105":{"start":{"line":188,"column":12},"end":{"line":188,"column":83}},"106":{"start":{"line":189,"column":12},"end":{"line":189,"column":87}},"107":{"start":{"line":190,"column":12},"end":{"line":190,"column":113}},"108":{"start":{"line":191,"column":12},"end":{"line":191,"column":101}},"109":{"start":{"line":192,"column":12},"end":{"line":192,"column":93}},"110":{"start":{"line":193,"column":12},"end":{"line":193,"column":87}},"111":{"start":{"line":194,"column":12},"end":{"line":194,"column":85}},"112":{"start":{"line":195,"column":12},"end":{"line":195,"column":101}},"113":{"start":{"line":196,"column":12},"end":{"line":196,"column":107}},"114":{"start":{"line":197,"column":12},"end":{"line":197,"column":81}},"115":{"start":{"line":198,"column":12},"end":{"line":198,"column":101}},"116":{"start":{"line":199,"column":12},"end":{"line":199,"column":75}},"117":{"start":{"line":200,"column":12},"end":{"line":200,"column":99}},"118":{"start":{"line":201,"column":12},"end":{"line":201,"column":105}},"119":{"start":{"line":202,"column":12},"end":{"line":202,"column":79}},"120":{"start":{"line":203,"column":12},"end":{"line":203,"column":85}},"121":{"start":{"line":204,"column":12},"end":{"line":204,"column":87}},"122":{"start":{"line":205,"column":12},"end":{"line":205,"column":101}},"123":{"start":{"line":206,"column":12},"end":{"line":206,"column":103}},"124":{"start":{"line":208,"column":8},"end":{"line":232,"column":10}},"125":{"start":{"line":209,"column":12},"end":{"line":209,"column":29}},"126":{"start":{"line":210,"column":12},"end":{"line":231,"column":13}},"127":{"start":{"line":211,"column":16},"end":{"line":211,"column":98}},"128":{"start":{"line":211,"column":64},"end":{"line":211,"column":94}},"129":{"start":{"line":212,"column":16},"end":{"line":230,"column":17}},"130":{"start":{"line":213,"column":20},"end":{"line":213,"column":58}},"131":{"start":{"line":214,"column":20},"end":{"line":214,"column":84}},"132":{"start":{"line":215,"column":20},"end":{"line":215,"column":72}},"133":{"start":{"line":216,"column":20},"end":{"line":216,"column":64}},"134":{"start":{"line":217,"column":20},"end":{"line":217,"column":58}},"135":{"start":{"line":218,"column":20},"end":{"line":218,"column":56}},"136":{"start":{"line":219,"column":20},"end":{"line":219,"column":72}},"137":{"start":{"line":220,"column":20},"end":{"line":220,"column":78}},"138":{"start":{"line":221,"column":20},"end":{"line":221,"column":89}},"139":{"start":{"line":222,"column":20},"end":{"line":222,"column":72}},"140":{"start":{"line":223,"column":20},"end":{"line":223,"column":83}},"141":{"start":{"line":224,"column":20},"end":{"line":224,"column":70}},"142":{"start":{"line":225,"column":20},"end":{"line":225,"column":76}},"143":{"start":{"line":226,"column":20},"end":{"line":226,"column":87}},"144":{"start":{"line":227,"column":20},"end":{"line":227,"column":56}},"145":{"start":{"line":228,"column":20},"end":{"line":228,"column":58}},"146":{"start":{"line":229,"column":20},"end":{"line":229,"column":72}},"147":{"start":{"line":233,"column":8},"end":{"line":235,"column":10}},"148":{"start":{"line":234,"column":12},"end":{"line":234,"column":80}},"149":{"start":{"line":236,"column":8},"end":{"line":240,"column":10}},"150":{"start":{"line":237,"column":12},"end":{"line":237,"column":93}},"151":{"start":{"line":238,"column":12},"end":{"line":238,"column":80}},"152":{"start":{"line":239,"column":12},"end":{"line":239,"column":87}},"153":{"start":{"line":241,"column":8},"end":{"line":244,"column":10}},"154":{"start":{"line":242,"column":12},"end":{"line":242,"column":93}},"155":{"start":{"line":243,"column":12},"end":{"line":243,"column":83}},"156":{"start":{"line":245,"column":8},"end":{"line":247,"column":10}},"157":{"start":{"line":246,"column":12},"end":{"line":246,"column":79}},"158":{"start":{"line":248,"column":8},"end":{"line":250,"column":10}},"159":{"start":{"line":249,"column":12},"end":{"line":249,"column":87}},"160":{"start":{"line":251,"column":8},"end":{"line":265,"column":10}},"161":{"start":{"line":252,"column":12},"end":{"line":261,"column":13}},"162":{"start":{"line":253,"column":16},"end":{"line":253,"column":51}},"163":{"start":{"line":254,"column":16},"end":{"line":254,"column":48}},"164":{"start":{"line":255,"column":16},"end":{"line":255,"column":54}},"165":{"start":{"line":256,"column":16},"end":{"line":256,"column":51}},"166":{"start":{"line":259,"column":16},"end":{"line":259,"column":53}},"167":{"start":{"line":260,"column":16},"end":{"line":260,"column":50}},"168":{"start":{"line":262,"column":12},"end":{"line":262,"column":90}},"169":{"start":{"line":263,"column":12},"end":{"line":263,"column":87}},"170":{"start":{"line":264,"column":12},"end":{"line":264,"column":83}},"171":{"start":{"line":266,"column":8},"end":{"line":268,"column":10}},"172":{"start":{"line":267,"column":12},"end":{"line":267,"column":87}},"173":{"start":{"line":269,"column":8},"end":{"line":271,"column":10}},"174":{"start":{"line":270,"column":12},"end":{"line":270,"column":87}},"175":{"start":{"line":272,"column":8},"end":{"line":281,"column":10}},"176":{"start":{"line":273,"column":12},"end":{"line":279,"column":13}},"177":{"start":{"line":274,"column":16},"end":{"line":274,"column":50}},"178":{"start":{"line":275,"column":16},"end":{"line":275,"column":53}},"179":{"start":{"line":278,"column":16},"end":{"line":278,"column":52}},"180":{"start":{"line":280,"column":12},"end":{"line":280,"column":89}},"181":{"start":{"line":282,"column":8},"end":{"line":342,"column":10}},"182":{"start":{"line":283,"column":12},"end":{"line":283,"column":29}},"183":{"start":{"line":284,"column":12},"end":{"line":284,"column":83}},"184":{"start":{"line":285,"column":12},"end":{"line":285,"column":62}},"185":{"start":{"line":286,"column":12},"end":{"line":286,"column":50}},"186":{"start":{"line":287,"column":12},"end":{"line":287,"column":54}},"187":{"start":{"line":288,"column":12},"end":{"line":288,"column":80}},"188":{"start":{"line":289,"column":12},"end":{"line":289,"column":60}},"189":{"start":{"line":290,"column":12},"end":{"line":290,"column":54}},"190":{"start":{"line":291,"column":12},"end":{"line":291,"column":68}},"191":{"start":{"line":292,"column":12},"end":{"line":292,"column":52}},"192":{"start":{"line":293,"column":12},"end":{"line":293,"column":68}},"193":{"start":{"line":294,"column":12},"end":{"line":294,"column":74}},"194":{"start":{"line":295,"column":12},"end":{"line":295,"column":68}},"195":{"start":{"line":296,"column":12},"end":{"line":296,"column":66}},"196":{"start":{"line":297,"column":12},"end":{"line":297,"column":72}},"197":{"start":{"line":298,"column":12},"end":{"line":298,"column":52}},"198":{"start":{"line":299,"column":12},"end":{"line":299,"column":54}},"199":{"start":{"line":300,"column":12},"end":{"line":300,"column":68}},"200":{"start":{"line":301,"column":12},"end":{"line":301,"column":70}},"201":{"start":{"line":302,"column":12},"end":{"line":302,"column":24}},"202":{"start":{"line":303,"column":12},"end":{"line":308,"column":13}},"203":{"start":{"line":304,"column":16},"end":{"line":304,"column":95}},"204":{"start":{"line":304,"column":61},"end":{"line":304,"column":91}},"205":{"start":{"line":305,"column":16},"end":{"line":307,"column":17}},"206":{"start":{"line":306,"column":20},"end":{"line":306,"column":42}},"207":{"start":{"line":309,"column":12},"end":{"line":309,"column":86}},"208":{"start":{"line":310,"column":12},"end":{"line":310,"column":69}},"209":{"start":{"line":311,"column":12},"end":{"line":341,"column":15}},"210":{"start":{"line":313,"column":16},"end":{"line":340,"column":17}},"211":{"start":{"line":314,"column":20},"end":{"line":336,"column":82}},"212":{"start":{"line":339,"column":20},"end":{"line":339,"column":83}},"213":{"start":{"line":343,"column":8},"end":{"line":353,"column":10}},"214":{"start":{"line":344,"column":12},"end":{"line":352,"column":13}},"215":{"start":{"line":345,"column":16},"end":{"line":345,"column":26}},"216":{"start":{"line":347,"column":17},"end":{"line":352,"column":13}},"217":{"start":{"line":348,"column":16},"end":{"line":348,"column":26}},"218":{"start":{"line":351,"column":16},"end":{"line":351,"column":107}},"219":{"start":{"line":354,"column":8},"end":{"line":361,"column":10}},"220":{"start":{"line":355,"column":12},"end":{"line":355,"column":29}},"221":{"start":{"line":356,"column":12},"end":{"line":356,"column":69}},"222":{"start":{"line":357,"column":12},"end":{"line":357,"column":58}},"223":{"start":{"line":358,"column":12},"end":{"line":358,"column":33}},"224":{"start":{"line":359,"column":12},"end":{"line":359,"column":41}},"225":{"start":{"line":360,"column":12},"end":{"line":360,"column":76}},"226":{"start":{"line":360,"column":37},"end":{"line":360,"column":69}},"227":{"start":{"line":362,"column":8},"end":{"line":364,"column":10}},"228":{"start":{"line":363,"column":12},"end":{"line":363,"column":59}},"229":{"start":{"line":365,"column":8},"end":{"line":367,"column":55}},"230":{"start":{"line":368,"column":8},"end":{"line":370,"column":49}},"231":{"start":{"line":371,"column":8},"end":{"line":373,"column":51}},"232":{"start":{"line":374,"column":8},"end":{"line":376,"column":51}},"233":{"start":{"line":377,"column":8},"end":{"line":379,"column":64}},"234":{"start":{"line":380,"column":8},"end":{"line":382,"column":58}},"235":{"start":{"line":383,"column":8},"end":{"line":385,"column":50}},"236":{"start":{"line":386,"column":8},"end":{"line":388,"column":54}},"237":{"start":{"line":389,"column":8},"end":{"line":391,"column":51}},"238":{"start":{"line":392,"column":8},"end":{"line":394,"column":58}},"239":{"start":{"line":395,"column":8},"end":{"line":397,"column":61}},"240":{"start":{"line":398,"column":8},"end":{"line":400,"column":58}},"241":{"start":{"line":401,"column":8},"end":{"line":403,"column":57}},"242":{"start":{"line":404,"column":8},"end":{"line":406,"column":60}},"243":{"start":{"line":407,"column":8},"end":{"line":409,"column":50}},"244":{"start":{"line":410,"column":8},"end":{"line":412,"column":51}},"245":{"start":{"line":413,"column":8},"end":{"line":415,"column":58}},"246":{"start":{"line":416,"column":8},"end":{"line":418,"column":59}},"247":{"start":{"line":419,"column":8},"end":{"line":421,"column":22}},"248":{"start":{"line":422,"column":8},"end":{"line":422,"column":25}},"249":{"start":{"line":424,"column":4},"end":{"li
[...]
"D:\\Workarea\\unitejs\\web\\www\\dist\\info\\about.js":{"path":"D:\\Workarea\\unitejs\\web\\www\\dist\\info\\about.js","s":{"1":0,"2":0,"3":0,"4":0,"5":0,"6":0},"b":{},"f":{"1":0,"2":0,"3":0},"fnMap":{"1":{"name":"(anonymous_1)","line":1,"loc":{"start":{"line":1,"column":31},"end":{"line":1,"column":59}}},"2":{"name":"(anonymous_2)","line":7,"loc":{"start":{"line":7,"column":31},"end":{"line":7,"column":43}}},"3":{"name":"About","line":8,"loc":{"start":{"line":8,"column":8},"end":{"line":8,"column":25}}}},"statementMap":{"1":{"start":{"line":1,"column":0},"end":{"line":13,"column":3}},"2":{"start":{"line":3,"column":4},"end":{"line":3,"column":66}},"3":{"start":{"line":7,"column":4},"end":{"line":11,"column":9}},"4":{"start":{"line":8,"column":8},"end":{"line":9,"column":9}},"5":{"start":{"line":10,"column":8},"end":{"line":10,"column":21}},"6":{"start":{"line":12,"column":4},"end":{"line":12,"column":26}}},"branchMap":{},"l":{"1":0,"3":0,"7":0,"8":0,"10":0,"12":0}},
"D:\\Workarea\\unitejs\\web\\www\\dist\\info\\license.js":{"path":"D:\\Workarea\\unitejs\\web\\www\\dist\\info\\license.js","s":{"1":0,"2":0,"3":0,"4":0,"5":0,"6":0},"b":{},"f":{"1":0,"2":0,"3":0},"fnMap":{"1":{"name":"(anonymous_1)","line":1,"loc":{"start":{"line":1,"column":31},"end":{"line":1,"column":59}}},"2":{"name":"(anonymous_2)","line":7,"loc":{"start":{"line":7,"column":33},"end":{"line":7,"column":45}}},"3":{"name":"License","line":8,"loc":{"start":{"line":8,"column":8},"end":{"line":8,"column":27}}}},"statementMap":{"1":{"start":{"line":1,"column":0},"end":{"line":13,"column":3}},"2":{"start":{"line":3,"column":4},"end":{"line":3,"column":66}},"3":{"start":{"line":7,"column":4},"end":{"line":11,"column":9}},"4":{"start":{"line":8,"column":8},"end":{"line":9,"column":9}},"5":{"start":{"line":10,"column":8},"end":{"line":10,"column":23}},"6":{"start":{"line":12,"column":4},"end":{"line":12,"column":30}}},"branchMap":{},"l":{"1":0,"3":0,"7":0,"8":0,"10":0,"12":0}},
"D:\\Workarea\\unitejs\\web\\www\\dist\\info\\media.js":{"path":"D:\\Workarea\\unitejs\\web\\www\\dist\\info\\media.js","s":{"1":0,"2":0,"3":0,"4":0,"5":0,"6":0},"b":{},"f":{"1":0,"2":0,"3":0},"fnMap":{"1":{"name":"(anonymous_1)","line":1,"loc":{"start":{"line":1,"column":31},"end":{"line":1,"column":59}}},"2":{"name":"(anonymous_2)","line":7,"loc":{"start":{"line":7,"column":31},"end":{"line":7,"column":43}}},"3":{"name":"Media","line":8,"loc":{"start":{"line":8,"column":8},"end":{"line":8,"column":25}}}},"statementMap":{"1":{"start":{"line":1,"column":0},"end":{"line":13,"column":3}},"2":{"start":{"line":3,"column":4},"end":{"line":3,"column":66}},"3":{"start":{"line":7,"column":4},"end":{"line":11,"column":9}},"4":{"start":{"line":8,"column":8},"end":{"line":9,"column":9}},"5":{"start":{"line":10,"column":8},"end":{"line":10,"column":21}},"6":{"start":{"line":12,"column":4},"end":{"line":12,"column":26}}},"branchMap":{},"l":{"1":0,"3":0,"7":0,"8":0,"10":0,"12":0}},
"D:\\Workarea\\unitejs\\web\\www\\dist\\info\\theTeam.js":{"path":"D:\\Workarea\\unitejs\\web\\www\\dist\\info\\theTeam.js","s":{"1":0,"2":0,"3":0,"4":0,"5":0,"6":0},"b":{},"f":{"1":0,"2":0,"3":0},"fnMap":{"1":{"name":"(anonymous_1)","line":1,"loc":{"start":{"line":1,"column":31},"end":{"line":1,"column":59}}},"2":{"name":"(anonymous_2)","line":7,"loc":{"start":{"line":7,"column":33},"end":{"line":7,"column":45}}},"3":{"name":"TheTeam","line":8,"loc":{"start":{"line":8,"column":8},"end":{"line":8,"column":27}}}},"statementMap":{"1":{"start":{"line":1,"column":0},"end":{"line":13,"column":3}},"2":{"start":{"line":3,"column":4},"end":{"line":3,"column":66}},"3":{"start":{"line":7,"column":4},"end":{"line":11,"column":9}},"4":{"start":{"line":8,"column":8},"end":{"line":9,"column":9}},"5":{"start":{"line":10,"column":8},"end":{"line":10,"column":23}},"6":{"start":{"line":12,"column":4},"end":{"line":12,"column":30}}},"branchMap":{},"l":{"1":0,"3":0,"7":0,"8":0,"10":0,"12":0}},
"D:\\Workarea\\unitejs\\web\\www\\dist\\models\\ISpdx.js":{"path":"D:\\Workarea\\unitejs\\web\\www\\dist\\models\\ISpdx.js","s":{"1":0,"2":0},"b":{},"f":{"1":0},"fnMap":{"1":{"name":"(anonymous_1)","line":1,"loc":{"start":{"line":1,"column":31},"end":{"line":1,"column":59}}}},"statementMap":{"1":{"start":{"line":1,"column":0},"end":{"line":4,"column":3}},"2":{"start":{"line":3,"column":4},"end":{"line":3,"column":66}}},"branchMap":{},"l":{"1":0,"3":0}},
"D:\\Workarea\\unitejs\\web\\www\\dist\\models\\ISpdxLicense.js":{"path":"D:\\Workarea\\unitejs\\web\\www\\dist\\models\\ISpdxLicense.js","s":{"1":0,"2":0},"b":{},"f":{"1":0},"fnMap":{"1":{"name":"(anonymous_1)","line":1,"loc":{"start":{"line":1,"column":31},"end":{"line":1,"column":59}}}},"statementMap":{"1":{"start":{"line":1,"column":0},"end":{"line":4,"column":3}},"2":{"start":{"line":3,"column":4},"end":{"line":3,"column":66}}},"branchMap":{},"l":{"1":0,"3":0}},
"D:\\Workarea\\unitejs\\web\\www\\dist\\models\\uniteConfiguration.js":{"path":"D:\\Workarea\\unitejs\\web\\www\\dist\\models\\uniteConfiguration.js","s":{"1":0,"2":0,"3":0,"4":0,"5":0,"6":0},"b":{},"f":{"1":0,"2":0,"3":0},"fnMap":{"1":{"name":"(anonymous_1)","line":1,"loc":{"start":{"line":1,"column":31},"end":{"line":1,"column":59}}},"2":{"name":"(anonymous_2)","line":7,"loc":{"start":{"line":7,"column":44},"end":{"line":7,"column":56}}},"3":{"name":"UniteConfiguration","line":8,"loc":{"start":{"line":8,"column":8},"end":{"line":8,"column":38}}}},"statementMap":{"1":{"start":{"line":1,"column":0},"end":{"line":13,"column":3}},"2":{"start":{"line":3,"column":4},"end":{"line":3,"column":66}},"3":{"start":{"line":7,"column":4},"end":{"line":11,"column":9}},"4":{"start":{"line":8,"column":8},"end":{"line":9,"column":9}},"5":{"start":{"line":10,"column":8},"end":{"line":10,"column":34}},"6":{"start":{"line":12,"column":4},"end":{"line":12,"column":52}}},"branchMap":{},"l":{"1":0,"3":0,"7":0,"8":0,"10":0,"12":0}},
"D:\\Workarea\\unitejs\\web\\www\\dist\\navBar.js":{"path":"D:\\Workarea\\unitejs\\web\\www\\dist\\navBar.js","s":{"1":0,"2":0,"3":0,"4":0,"5":0,"6":0,"7":0,"8":0,"9":0,"10":0,"11":0,"12":0,"13":0,"14":0,"15":0,"16":0,"17":0,"18":0},"b":{"1":[0,0,0],"2":[0,0],"3":[0,0],"4":[0,0],"5":[0,0],"6":[0,0],"7":[0,0],"8":[0,0],"9":[0,0],"10":[0,0,0]},"f":{"1":0,"2":0,"3":0,"4":0,"5":0},"fnMap":{"1":{"name":"(anonymous_1)","line":1,"loc":{"start":{"line":1,"column":46},"end":{"line":1,"column":87}}},"2":{"name":"(anonymous_2)","line":7,"loc":{"start":{"line":7,"column":53},"end":{"line":7,"column":103}}},"3":{"name":"(anonymous_3)","line":10,"loc":{"start":{"line":10,"column":32},"end":{"line":10,"column":44}}},"4":{"name":"NavBar","line":11,"loc":{"start":{"line":11,"column":8},"end":{"line":11,"column":26}}},"5":{"name":"(anonymous_5)","line":13,"loc":{"start":{"line":13,"column":36},"end":{"line":13,"column":48}}}},"statementMap":{"1":{"start":{"line":1,"column":0},"end":{"line":6,"column":2}},"2":{"start":{"line":2,"column":4},"end":{"line":2,"column":129}},"3":{"start":{"line":3,"column":4},"end":{"line":4,"column":150}},"4":{"start":{"line":3,"column":79},"end":{"line":3,"column":131}},"5":{"start":{"line":4,"column":9},"end":{"line":4,"column":150}},"6":{"start":{"line":4,"column":58},"end":{"line":4,"column":150}},"7":{"start":{"line":4,"column":81},"end":{"line":4,"column":150}},"8":{"start":{"line":5,"column":4},"end":{"line":5,"column":66}},"9":{"start":{"line":7,"column":0},"end":{"line":40,"column":3}},"10":{"start":{"line":9,"column":4},"end":{"line":9,"column":66}},"11":{"start":{"line":10,"column":4},"end":{"line":38,"column":9}},"12":{"start":{"line":11,"column":8},"end":{"line":12,"column":9}},"13":{"start":{"line":13,"column":8},"end":{"line":30,"column":10}},"14":{"start":{"line":14,"column":12},"end":{"line":14,"column":43}},"15":{"start":{"line":31,"column":8},"end":{"line":33,"column":47}},"16":{"start":{"line":34,"column":8},"end":{"line":36,"column":19}},"17":{"start":{"line":37,"column":8},"end":{"line":37,"column":22}},"18":{"start":{"line":39,"column":4},"end":{"line":39,"column":28}}},"branchMap":{"1":{"line":1,"type":"binary-expr","locations":[{"start":{"line":1,"column":18},"end":{"line":1,"column":22}},{"start":{"line":1,"column":26},"end":{"line":1,"column":41}},{"start":{"line":1,"column":46},"end":{"line":6,"column":1}}]},"2":{"line":2,"type":"cond-expr","locations":[{"start":{"line":2,"column":42},"end":{"line":2,"column":48}},{"start":{"line":2,"column":51},"end":{"line":2,"column":125}}]},"3":{"line":2,"type":"cond-expr","locations":[{"start":{"line":2,"column":67},"end":{"line":2,"column":118}},{"start":{"line":2,"column":121},"end":{"line":2,"column":125}}]},"4":{"line":3,"type":"if","locations":[{"start":{"line":3,"column":4},"end":{"line":3,"column":4}},{"start":{"line":3,"column":4},"end":{"line":3,"column":4}}]},"5":{"line":3,"type":"binary-expr","locations":[{"start":{"line":3,"column":8},"end":{"line":3,"column":35}},{"start":{"line":3,"column":39},"end":{"line":3,"column":77}}]},"6":{"line":4,"type":"if","locations":[{"start":{"line":4,"column":58},"end":{"line":4,"column":58}},{"start":{"line":4,"column":58},"end":{"line":4,"column":58}}]},"7":{"line":4,"type":"binary-expr","locations":[{"start":{"line":4,"column":86},"end":{"line":4,"column":143}},{"start":{"line":4,"column":148},"end":{"line":4,"column":149}}]},"8":{"line":4,"type":"cond-expr","locations":[{"start":{"line":4,"column":94},"end":{"line":4,"column":98}},{"start":{"line":4,"column":101},"end":{"line":4,"column":143}}]},"9":{"line":4,"type":"cond-expr","locations":[{"start":{"line":4,"column":109},"end":{"line":4,"column":126}},{"start":{"line":4,"column":129},"end":{"line":4,"column":143}}]},"10":{"line":5,"type":"binary-expr","locations":[{"start":{"line":5,"column":11},"end":{"line":5,"column":16}},{"start":{"line":5,"column":20},"end":{"line":5,"column":21}},{"start":{"line":5,"column":25},"end":{"line":5,"column":62}}]}},"l":{"1":0,"2":0,"3":0,"4":0,"5":0,"7":0,"9":0,"10":0,"11":0,"13":0,"14":0,"31":0,"34":0,"37":0,"39":0}},
"D:\\Workarea\\unitejs\\web\\www\\dist\\navFooter.js":{"path":"D:\\Workarea\\unitejs\\web\\www\\dist\\navFooter.js","s":{"1":0,"2":0,"3":0,"4":0,"5":0,"6":0,"7":0,"8":0,"9":0,"10":0,"11":0,"12":0,"13":0,"14":0,"15":0},"b":{"1":[0,0,0],"2":[0,0],"3":[0,0],"4":[0,0],"5":[0,0],"6":[0,0],"7":[0,0],"8":[0,0],"9":[0,0],"10":[0,0,0]},"f":{"1":0,"2":0,"3":0,"4":0},"fnMap":{"1":{"name":"(anonymous_1)","line":1,"loc":{"start":{"line":1,"column":46},"end":{"line":1,"column":87}}},"2":{"name":"(anonymous_2)","line":7,"loc":{"start":{"line":7,"column":53},"end":{"line":7,"column":103}}},"3":{"name":"(anonymous_3)","line":10,"loc":{"start":{"line":10,"column":35},"end":{"line":10,"column":47}}},"4":{"name":"NavFooter","line":11,"loc":{"start":{"line":11,"column":8},"end":{"line":11,"column":29}}}},"statementMap":{"1":{"start":{"line":1,"column":0},"end":{"line":6,"column":2}},"2":{"start":{"line":2,"column":4},"end":{"line":2,"column":129}},"3":{"start":{"line":3,"column":4},"end":{"line":4,"column":150}},"4":{"start":{"line":3,"column":79},"end":{"line":3,"column":131}},"5":{"start":{"line":4,"column":9},"end":{"line":4,"column":150}},"6":{"start":{"line":4,"column":58},"end":{"line":4,"column":150}},"7":{"start":{"line":4,"column":81},"end":{"line":4,"column":150}},"8":{"start":{"line":5,"column":4},"end":{"line":5,"column":66}},"9":{"start":{"line":7,"column":0},"end":{"line":19,"column":3}},"10":{"start":{"line":9,"column":4},"end":{"line":9,"column":66}},"11":{"start":{"line":10,"column":4},"end":{"line":17,"column":9}},"12":{"start":{"line":11,"column":8},"end":{"line":12,"column":9}},"13":{"start":{"line":13,"column":8},"end":{"line":15,"column":22}},"14":{"start":{"line":16,"column":8},"end":{"line":16,"column":25}},"15":{"start":{"line":18,"column":4},"end":{"line":18,"column":34}}},"branchMap":{"1":{"line":1,"type":"binary-expr","locations":[{"start":{"line":1,"column":18},"end":{"line":1,"column":22}},{"start":{"line":1,"column":26},"end":{"line":1,"column":41}},{"start":{"line":1,"column":46},"end":{"line":6,"column":1}}]},"2":{"line":2,"type":"cond-expr","locations":[{"start":{"line":2,"column":42},"end":{"line":2,"column":48}},{"start":{"line":2,"column":51},"end":{"line":2,"column":125}}]},"3":{"line":2,"type":"cond-expr","locations":[{"start":{"line":2,"column":67},"end":{"line":2,"column":118}},{"start":{"line":2,"column":121},"end":{"line":2,"column":125}}]},"4":{"line":3,"type":"if","locations":[{"start":{"line":3,"column":4},"end":{"line":3,"column":4}},{"start":{"line":3,"column":4},"end":{"line":3,"column":4}}]},"5":{"line":3,"type":"binary-expr","locations":[{"start":{"line":3,"column":8},"end":{"line":3,"column":35}},{"start":{"line":3,"column":39},"end":{"line":3,"column":77}}]},"6":{"line":4,"type":"if","locations":[{"start":{"line":4,"column":58},"end":{"line":4,"column":58}},{"start":{"line":4,"column":58},"end":{"line":4,"column":58}}]},"7":{"line":4,"type":"binary-expr","locations":[{"start":{"line":4,"column":86},"end":{"line":4,"column":143}},{"start":{"line":4,"column":148},"end":{"line":4,"column":149}}]},"8":{"line":4,"type":"cond-expr","locations":[{"start":{"line":4,"column":94},"end":{"line":4,"column":98}},{"start":{"line":4,"column":101},"end":{"line":4,"column":143}}]},"9":{"line":4,"type":"cond-expr","locations":[{"start":{"line":4,"column":109},"end":{"line":4,"column":126}},{"start":{"line":4,"column":129},"end":{"line":4,"column":143}}]},"10":{"line":5,"type":"binary-expr","locations":[{"start":{"line":5,"column":11},"end":{"line":5,"column":16}},{"start":{"line":5,"column":20},"end":{"line":5,"column":21}},{"start":{"line":5,"column":25},"end":{"line":5,"column":62}}]}},"l":{"1":0,"2":0,"3":0,"4":0,"5":0,"7":0,"9":0,"10":0,"11":0,"13":0,"16":0,"18":0}},
"D:\\Workarea\\unitejs\\web\\www\\dist\\validation\\bootstrapFormRenderer.js":{"path":"D:\\Workarea\\unitejs\\web\\www\\dist\\validation\\bootstrapFormRenderer.js","s":{"1":0,"2":0,"3":0,"4":0,"5":0,"6":0,"7":0,"8":0,"9":0,"10":0,"11":0,"12":0,"13":0,"14":0,"15":0,"16":0,"17":0,"18":0,"19":0,"20":0,"21":0,"22":0,"23":0,"24":0,"25":0,"26":0,"27":0,"28":0,"29":0,"30":0,"31":0,"32":0,"33":0,"34":0,"35":0,"36":0,"37":0,"38":0,"39":0,"40":0},"b":{"1":[0,0],"2":[0,0],"3":[0,0],"4":[0,0],"5":[0,0]},"f":{"1":0,"2":0,"3":0,"4":0,"5":0,"6":0},"fnMap":{"1":{"name":"(anonymous_1)","line":1,"loc":{"start":{"line":1,"column":54},"end":{"line":1,"column":91}}},"2":{"name":"(anonymous_2)","line":4,"loc":{"start":{"line":4,"column":47},"end":{"line":4,"column":59}}},"3":{"name":"BootstrapFormRenderer","line":5,"loc":{"start":{"line":5,"column":8},"end":{"line":5,"column":41}}},"4":{"name":"(anonymous_4)","line":7,"loc":{"start":{"line":7,"column":49},"end":{"line":7,"column":72}}},"5":{"name":"(anonymous_5)","line":23,"loc":{"start":{"line":23,"column":46},"end":{"line":23,"column":73}}},"6":{"name":"(anonymous_6)","line":43,"loc":{"start":{"line":43,"column":49},"end":{"line":43,"column":76}}}},"statementMap":{"1":{"start":{"line":1,"column":0},"end":{"line":58,"column":3}},"2":{"start":{"line":3,"column":4},"end":{"line":3,"column":66}},"3":{"start":{"line":4,"column":4},"end":{"line":56,"column":9}},"4":{"start":{"line":5,"column":8},"end":{"line":6,"column":9}},"5":{"start":{"line":7,"column":8},"end":{"line":22,"column":10}},"6":{"start":{"line":8,"column":12},"end":{"line":14,"column":13}},"7":{"start":{"line":9,"column":16},"end":{"line":9,"column":76}},"8":{"start":{"line":10,"column":16},"end":{"line":13,"column":17}},"9":{"start":{"line":11,"column":20},"end":{"line":11,"column":49}},"10":{"start":{"line":12,"column":20},"end":{"line":12,"column":49}},"11":{"start":{"line":15,"column":12},"end":{"line":21,"column":13}},"12":{"start":{"line":16,"column":16},"end":{"line":16,"column":76}},"13":{"start":{"line":17,"column":16},"end":{"line":20,"column":17}},"14":{"start":{"line":18,"column":20},"end":{"line":18,"column":49}},"15":{"start":{"line":19,"column":20},"end":{"line":19,"column":46}},"16":{"start":{"line":23,"column":8},"end":{"line":42,"column":10}},"17":{"start":{"line":24,"column":12},"end":{"line":24,"column":59}},"18":{"start":{"line":25,"column":12},"end":{"line":27,"column":13}},"19":{"start":{"line":26,"column":16},"end":{"line":26,"column":23}},"20":{"start":{"line":28,"column":12},"end":{"line":41,"column":13}},"21":{"start":{"line":29,"column":16},"end":{"line":31,"column":17}},"22":{"start":{"line":30,"column":20},"end":{"line":30,"column":68}},"23":{"start":{"line":34,"column":16},"end":{"line":34,"column":65}},"24":{"start":{"line":35,"column":16},"end":{"line":35,"column":66}},"25":{"start":{"line":36,"column":16},"end":{"line":36,"column":61}},"26":{"start":{"line":37,"column":16},"end":{"line":37,"column":55}},"27":{"start":{"line":38,"column":16},"end":{"line":38,"column":53}},"28":{"start":{"line":39,"column":16},"end":{"line":39,"column":63}},"29":{"start":{"line":40,"column":16},"end":{"line":40,"column":47}},"30":{"start":{"line":43,"column":8},"end":{"line":54,"column":10}},"31":{"start":{"line":44,"column":12},"end":{"line":44,"column":63}},"32":{"start":{"line":45,"column":12},"end":{"line":45,"column":61}},"33":{"start":{"line":46,"column":12},"end":{"line":46,"column":59}},"34":{"start":{"line":47,"column":12},"end":{"line":49,"column":13}},"35":{"start":{"line":48,"column":16},"end":{"line":48,"column":23}},"36":{"start":{"line":50,"column":12},"end":{"line":50,"column":86}},"37":{"start":{"line":51,"column":12},"end":{"line":53,"column":13}},"38":{"start":{"line":52,"column":16},"end":{"line":52,"column":47}},"39":{"start":{"line":55,"column":8},"end":{"line":55,"column":37}},"40":{"start":{"line":57,"column":4},"end":{"line":57,"column":58}}},"branchMap":{"1":{"line":25,"type":"if","locations":[{"start":{"line":25,"column":12},"end":{"line":25,"column":12}},{"start":{"line":25,"column":12},"end":{"line":25,"column":12}}]},"2":{"line":28,"type":"if","locations":[{"start":{"line":28,"column":12},"end":{"line":28,"column":12}},{"start":{"line":28,"column":12},"end":{"line":28,"column":12}}]},"3":{"line":29,"type":"if","locations":[{"start":{"line":29,"column":16},"end":{"line":29,"column":16}},{"start":{"line":29,"column":16},"end":{"line":29,"column":16}}]},"4":{"line":47,"type":"if","locations":[{"start":{"line":47,"column":12},"end":{"line":47,"column":12}},{"start":{"line":47,"column":12},"end":{"line":47,"column":12}}]},"5":{"line":51,"type":"if","locations":[{"start":{"line":51,"column":12},"end":{"line":51,"column":12}},{"start":{"line":51,"column":12},"end":{"line":51,"column":12}}]}},"l":{"1":0,"3":0,"4":0,"5":0,"7":0,"8":0,"9":0,"10":0,"11":0,"12":0,"15":0,"16":0,"17":0,"18":0,"19":0,"23":0,"24":0,"25":0,"26":0,"28":0,"29":0,"30":0,"34":0,"35":0,"36":0,"37":0,"38":0,"39":0,"40":0,"43":0,"44":0,"45":0,"46":0,"47":0,"48":0,"50":0,"51":0,"52":0,"55":0,"57":0}},
"D:\\Workarea\\unitejs\\web\\www\\dist\\whatsNew\\whatsNew.js":{"path":"D:\\Workarea\\unitejs\\web\\www\\dist\\whatsNew\\whatsNew.js","s":{"1":0,"2":0,"3":0,"4":0,"5":0,"6":0},"b":{},"f":{"1":0,"2":0,"3":0},"fnMap":{"1":{"name":"(anonymous_1)","line":1,"loc":{"start":{"line":1,"column":31},"end":{"line":1,"column":59}}},"2":{"name":"(anonymous_2)","line":7,"loc":{"start":{"line":7,"column":34},"end":{"line":7,"column":46}}},"3":{"name":"WhatsNew","line":8,"loc":{"start":{"line":8,"column":8},"end":{"line":8,"column":28}}}},"statementMap":{"1":{"start":{"line":1,"column":0},"end":{"line":13,"column":3}},"2":{"start":{"line":3,"column":4},"end":{"line":3,"column":66}},"3":{"start":{"line":7,"column":4},"end":{"line":11,"column":9}},"4":{"start":{"line":8,"column":8},"end":{"line":9,"column":9}},"5":{"start":{"line":10,"column":8},"end":{"line":10,"column":24}},"6":{"start":{"line":12,"column":4},"end":{"line":12,"column":32}}},"branchMap":{},"l":{"1":0,"3":0,"7":0,"8":0,"10":0,"12":0}}}
