{
"D:\\Workarea\\unitejs\\web\\www\\dist\\app.ts":{"path":"D:\\Workarea\\unitejs\\web\\www\\dist\\app.ts","statementMap":{"1":{"start":{"line":8,"column":0},"end":{"line":90,"column":1}},"2":{"start":{"line":11,"column":11},"end":{"line":89,"column":5}},"3":{"start":{"line":12,"column":8},"end":{"line":12,"column":33}},"4":{"start":{"line":13,"column":8},"end":{"line":13,"column":58}},"5":{"start":{"line":14,"column":8},"end":{"line":14,"column":54}},"6":{"start":{"line":15,"column":8},"end":{"line":86,"column":11}},"7":{"start":{"line":88,"column":8},"end":{"line":88,"column":29}},"8":{"start":{"line":90,"column":0},"end":{"line":90,"column":1}},"9":{"start":{"line":8,"column":13},"end":{"line":8,"column":16}}},"fnMap":{"1":{"name":"(anonymous_2)","line":8,"loc":{"start":{"line":8,"column":0},"end":{"line":null,"column":-1}}},"2":{"name":"(anonymous_4)","line":11,"loc":{"start":{"line":11,"column":4},"end":{"line":11,"column":70}}}},"branchMap":{},"s":{"1":2,"2":1,"3":0,"4":0,"5":0,"6":0,"7":0,"8":1,"9":1},"b":{},"f":{"1":2,"2":0},"code":"/**\n * Main application class.\n */\nimport { Router, RouterConfiguration } from \"aurelia-router\";\nimport { GoogleAnalyticsStep } from \"./pipelineSteps/googleAnalyticsStep\";\nimport { ScrollToTopPipelineStep } from \"./pipelineSteps/scrollToTopPipelineStep\";\n\nexport class App {\n    public router: Router;\n\n    public configureRouter(config: RouterConfiguration, router: Router): any {\n        config.title = \"UniteJS\";\n        config.addPostRenderStep(ScrollToTopPipelineStep);\n        config.addPostRenderStep(GoogleAnalyticsStep);\n        config.map([\n            {\n                route: [\"\", \"home\"],\n                name: \"home\",\n                moduleId: \"./home/home\",\n                nav: true,\n                title: \"Home\"\n            },\n            {\n                route: \"whatsnew\",\n                name: \"whatsnew\",\n                moduleId: \"./whatsNew/whatsNew\",\n                nav: true,\n                title: \"What's New\"\n            },\n            {\n                route: \"articles\",\n                name: \"articles\",\n                moduleId: \"./articles/articles\",\n                nav: true,\n                title: \"Articles\"\n            },\n            {\n                route: \"documentation\",\n                name: \"documentation\",\n                moduleId: \"./documentation/documentation\",\n                nav: true,\n                title: \"Documentation\"\n            },\n            {\n                route: \"generator\",\n                name: \"generator\",\n                moduleId: \"./generator/generator\",\n                nav: true,\n                title: \"Generator\"\n            },\n            {\n                route: \"examples\",\n                name: \"examples\",\n                moduleId: \"./examples/examples\",\n                nav: true,\n                title: \"Examples\"\n            },\n            {\n                route: \"about\",\n                name: \"about\",\n                moduleId: \"./info/about\",\n                nav: false,\n                title: \"About\"\n            },\n            {\n                route: \"the-team\",\n                name: \"the-team\",\n                moduleId: \"./info/theTeam\",\n                nav: false,\n                title: \"The Team\"\n            },\n            {\n                route: \"license\",\n                name: \"license\",\n                moduleId: \"./info/license\",\n                nav: false,\n                title: \"License\"\n            },\n            {\n                route: \"media\",\n                name: \"media\",\n                moduleId: \"./info/media\",\n                nav: false,\n                title: \"Media\"\n            }\n        ]);\n\n        this.router = router;\n    }\n}\n","l":{"8":2,"11":1,"12":0,"13":0,"14":0,"15":0,"88":0,"90":1}},
"D:\\Workarea\\unitejs\\web\\www\\dist\\bootstrapper.ts":{"path":"D:\\Workarea\\unitejs\\web\\www\\dist\\bootstrapper.ts","statementMap":{"1":{"start":{"line":8,"column":0},"end":{"line":27,"column":1}},"2":{"start":{"line":9,"column":4},"end":{"line":26,"column":7}},"3":{"start":{"line":10,"column":8},"end":{"line":13,"column":42}},"4":{"start":{"line":15,"column":8},"end":{"line":17,"column":9}},"5":{"start":{"line":16,"column":12},"end":{"line":16,"column":45}},"6":{"start":{"line":19,"column":8},"end":{"line":25,"column":15}},"7":{"start":{"line":21,"column":16},"end":{"line":21,"column":61}},"8":{"start":{"line":22,"column":16},"end":{"line":22,"column":50}},"9":{"start":{"line":23,"column":16},"end":{"line":23,"column":53}},"10":{"start":{"line":24,"column":16},"end":{"line":24,"column":31}}},"fnMap":{"1":{"name":"bootstrap","line":8,"loc":{"start":{"line":8,"column":0},"end":{"line":null,"column":-1}}},"2":{"name":"(anonymous_3)","line":9,"loc":{"start":{"line":9,"column":15},"end":{"line":9,"column":32}}},"3":{"name":"(anonymous_4)","line":20,"loc":{"start":{"line":20,"column":18},"end":{"line":null,"column":-1}}}},"branchMap":{"1":{"line":15,"type":"if","locations":[{"start":{"line":15,"column":8},"end":{"line":15,"column":7}},{"start":{"line":15,"column":8},"end":{"line":15,"column":7}}]}},"s":{"1":2,"2":0,"3":0,"4":0,"5":0,"6":0,"7":0,"8":0,"9":0,"10":0},"b":{"1":[0,0]},"f":{"1":0,"2":0,"3":0},"code":"/**\n * Main entry point for app.\n */\n/// <reference types=\"unitejs-types\" />\nimport { bootstrap as abootstrap } from \"aurelia-bootstrapper\";\nimport { Aurelia } from \"aurelia-framework\";\n\nexport function bootstrap(): void {\n    abootstrap((aurelia: Aurelia) => {\n        aurelia.use\n            .standardConfiguration()\n            .plugin(\"aurelia-dialog\")\n            .plugin(\"aurelia-validation\");\n\n        if (window.unite.configName === \"dev\") {\n            aurelia.use.developmentLogging();\n        }\n\n        return aurelia.start()\n            .then(() => {\n                const root = document.getElementById(\"root\");\n                aurelia.setRoot(\"dist/app\", root);\n                root.setAttribute(\"aurelia-app\", \"\");\n                return aurelia;\n            });\n    });\n}\n\n// Generated by UniteJS\n","l":{"8":2,"9":0,"10":0,"15":0,"16":0,"19":0,"21":0,"22":0,"23":0,"24":0}},
"D:\\Workarea\\unitejs\\web\\www\\dist\\pipelineSteps\\googleAnalyticsStep.ts":{"path":"D:\\Workarea\\unitejs\\web\\www\\dist\\pipelineSteps\\googleAnalyticsStep.ts","statementMap":{"1":{"start":{"line":7,"column":0},"end":{"line":18,"column":1}},"2":{"start":{"line":8,"column":11},"end":{"line":17,"column":5}},"3":{"start":{"line":9,"column":8},"end":{"line":15,"column":9}},"4":{"start":{"line":10,"column":12},"end":{"line":14,"column":15}},"5":{"start":{"line":16,"column":8},"end":{"line":16,"column":22}},"6":{"start":{"line":18,"column":0},"end":{"line":18,"column":1}},"7":{"start":{"line":7,"column":13},"end":{"line":7,"column":32}}},"fnMap":{"1":{"name":"(anonymous_2)","line":7,"loc":{"start":{"line":7,"column":0},"end":{"line":null,"column":-1}}},"2":{"name":"(anonymous_4)","line":8,"loc":{"start":{"line":8,"column":4},"end":{"line":8,"column":71}}}},"branchMap":{"1":{"line":9,"type":"if","locations":[{"start":{"line":9,"column":8},"end":{"line":9,"column":7}},{"start":{"line":9,"column":8},"end":{"line":9,"column":7}}]}},"s":{"1":2,"2":1,"3":0,"4":0,"5":0,"6":1,"7":1},"b":{"1":[0,0]},"f":{"1":1,"2":0},"code":"/**\n * Google Analytics Step class.\n */\n/// <reference types=\"google.analytics\" />\nimport { NavigationInstruction, Next } from \"aurelia-router\";\n\nexport class GoogleAnalyticsStep {\n    public run(navigationInstruction: NavigationInstruction, next: Next): Promise<any> {\n        if ((window as any).ga !== undefined) {\n            ga(\"send\", {\n                hitType: \"pageview\",\n                page: navigationInstruction.fragment,\n                title: navigationInstruction.config.title\n            });\n        }\n        return next();\n    }\n}\n","l":{"7":2,"8":1,"9":0,"10":0,"16":0,"18":1}},
"D:\\Workarea\\unitejs\\web\\www\\dist\\pipelineSteps\\scrollToTopPipelineStep.ts":{"path":"D:\\Workarea\\unitejs\\web\\www\\dist\\pipelineSteps\\scrollToTopPipelineStep.ts","statementMap":{"1":{"start":{"line":7,"column":0},"end":{"line":12,"column":1}},"2":{"start":{"line":8,"column":11},"end":{"line":11,"column":5}},"3":{"start":{"line":9,"column":8},"end":{"line":9,"column":42}},"4":{"start":{"line":10,"column":8},"end":{"line":10,"column":22}},"5":{"start":{"line":12,"column":0},"end":{"line":12,"column":1}},"6":{"start":{"line":7,"column":13},"end":{"line":7,"column":36}}},"fnMap":{"1":{"name":"(anonymous_2)","line":7,"loc":{"start":{"line":7,"column":0},"end":{"line":null,"column":-1}}},"2":{"name":"(anonymous_4)","line":8,"loc":{"start":{"line":8,"column":4},"end":{"line":8,"column":71}}}},"branchMap":{},"s":{"1":2,"2":1,"3":0,"4":0,"5":1,"6":1},"b":{},"f":{"1":1,"2":0},"code":"/**\n * Scroll To Top Pipeline Step class.\n */\nimport { NavigationInstruction, Next } from \"aurelia-router\";\nimport { Scroll } from \"../domHelpers/scroll\";\n\nexport class ScrollToTopPipelineStep {\n    public run(navigationInstruction: NavigationInstruction, next: Next): Promise<any> {\n        Scroll.smoothScroll(window, 0, 0);\n        return next();\n    }\n}\n","l":{"7":2,"8":1,"9":0,"10":0,"12":1}},
"D:\\Workarea\\unitejs\\web\\www\\dist\\domHelpers\\scroll.ts":{"path":"D:\\Workarea\\unitejs\\web\\www\\dist\\domHelpers\\scroll.ts","statementMap":{"1":{"start":{"line":4,"column":0},"end":{"line":60,"column":1}},"2":{"start":{"line":5,"column":18},"end":{"line":15,"column":5}},"3":{"start":{"line":6,"column":8},"end":{"line":14,"column":9}},"4":{"start":{"line":7,"column":12},"end":{"line":11,"column":13}},"5":{"start":{"line":8,"column":16},"end":{"line":8,"column":110}},"6":{"start":{"line":10,"column":16},"end":{"line":10,"column":71}},"7":{"start":{"line":13,"column":12},"end":{"line":13,"column":29}},"8":{"start":{"line":17,"column":18},"end":{"line":27,"column":5}},"9":{"start":{"line":18,"column":8},"end":{"line":26,"column":9}},"10":{"start":{"line":19,"column":12},"end":{"line":25,"column":13}},"11":{"start":{"line":20,"column":16},"end":{"line":22,"column":65}},"12":{"start":{"line":24,"column":16},"end":{"line":24,"column":96}},"13":{"start":{"line":29,"column":19},"end":{"line":50,"column":5}},"14":{"start":{"line":35,"column":8},"end":{"line":35,"column":32}},"15":{"start":{"line":36,"column":8},"end":{"line":36,"column":47}},"16":{"start":{"line":38,"column":8},"end":{"line":38,"column":44}},"17":{"start":{"line":40,"column":8},"end":{"line":40,"column":41}},"18":{"start":{"line":42,"column":8},"end":{"line":42,"column":55}},"19":{"start":{"line":43,"column":8},"end":{"line":43,"column":55}},"20":{"start":{"line":45,"column":8},"end":{"line":45,"column":43}},"21":{"start":{"line":47,"column":8},"end":{"line":49,"column":9}},"22":{"start":{"line":48,"column":12},"end":{"line":48,"column":102}},"23":{"start":{"line":48,"column":47},"end":{"line":48,"column":100}},"24":{"start":{"line":52,"column":19},"end":{"line":55,"column":5}},"25":{"start":{"line":53,"column":8},"end":{"line":54,"column":52}},"26":{"start":{"line":57,"column":19},"end":{"line":59,"column":5}},"27":{"start":{"line":58,"column":8},"end":{"line":58,"column":49}},"28":{"start":{"line":60,"column":0},"end":{"line":60,"column":1}},"29":{"start":{"line":4,"column":13},"end":{"line":4,"column":19}}},"fnMap":{"1":{"name":"(anonymous_2)","line":4,"loc":{"start":{"line":4,"column":0},"end":{"line":null,"column":-1}}},"2":{"name":"(anonymous_4)","line":5,"loc":{"start":{"line":5,"column":4},"end":{"line":5,"column":57}}},"3":{"name":"(anonymous_5)","line":17,"loc":{"start":{"line":17,"column":4},"end":{"line":17,"column":82}}},"4":{"name":"(anonymous_6)","line":29,"loc":{"start":{"line":29,"column":4},"end":{"line":34,"column":33}}},"5":{"name":"(anonymous_7)","line":48,"loc":{"start":{"line":48,"column":41},"end":{"line":48,"column":46}}},"6":{"name":"(anonymous_8)","line":52,"loc":{"start":{"line":52,"column":4},"end":{"line":null,"column":-1}}},"7":{"name":"(anonymous_9)","line":57,"loc":{"start":{"line":57,"column":4},"end":{"line":57,"column":33}}}},"branchMap":{"1":{"line":6,"type":"if","locations":[{"start":{"line":6,"column":8},"end":{"line":6,"column":7}},{"start":{"line":6,"column":8},"end":{"line":6,"column":7}}]},"2":{"line":7,"type":"if","locations":[{"start":{"line":7,"column":12},"end":{"line":7,"column":11}},{"start":{"line":7,"column":12},"end":{"line":7,"column":11}}]},"3":{"line":18,"type":"if","locations":[{"start":{"line":18,"column":8},"end":{"line":18,"column":7}},{"start":{"line":18,"column":8},"end":{"line":18,"column":7}}]},"4":{"line":19,"type":"if","locations":[{"start":{"line":19,"column":12},"end":{"line":19,"column":11}},{"start":{"line":19,"column":12},"end":{"line":19,"column":11}}]},"5":{"line":38,"type":"cond-expr","locations":[{"start":{"line":38,"column":32},"end":{"line":38,"column":33}},{"start":{"line":38,"column":36},"end":{"line":38,"column":43}}]},"6":{"line":47,"type":"if","locations":[{"start":{"line":47,"column":8},"end":{"line":47,"column":7}},{"start":{"line":47,"column":8},"end":{"line":47,"column":7}}]},"7":{"line":47,"type":"binary-expr","locations":[{"start":{"line":47,"column":12},"end":{"line":47,"column":26}},{"start":{"line":47,"column":30},"end":{"line":47,"column":44}}]},"8":{"line":54,"type":"cond-expr","locations":[{"start":{"line":54,"column":14},"end":{"line":54,"column":38}},{"start":{"line":54,"column":41},"end":{"line":54,"column":51}}]},"9":{"line":53,"type":"binary-expr","locations":[{"start":{"line":53,"column":15},"end":{"line":53,"column":33}},{"start":{"line":53,"column":37},"end":{"line":53,"column":59}}]}},"s":{"1":2,"2":1,"3":0,"4":0,"5":0,"6":0,"7":0,"8":1,"9":0,"10":0,"11":0,"12":0,"13":1,"14":0,"15":0,"16":0,"17":0,"18":0,"19":0,"20":0,"21":0,"22":0,"23":0,"24":1,"25":0,"26":1,"27":0,"28":1,"29":1},"b":{"1":[0,0],"2":[0,0],"3":[0,0],"4":[0,0],"5":[0,0],"6":[0,0],"7":[0,0],"8":[0,0],"9":[0,0]},"f":{"1":1,"2":0,"3":0,"4":0,"5":0,"6":0,"7":0},"code":"/**\n * Scroll class.\n */\nexport class Scroll {\n    public static getOffset(element: HTMLElement | Window): { x: number; y: number } {\n        if (element) {\n            if (element instanceof Window) {\n                return { x: element.scrollX | element.pageXOffset, y: element.scrollY | element.pageYOffset };\n            } else {\n                return { x: element.scrollLeft, y: element.scrollTop };\n            }\n        } else {\n            return undefined;\n        }\n    }\n\n    public static smoothScroll(element: HTMLElement | Window, x: number, y: number): void {\n        if (element) {\n            if (element instanceof Window) {\n                Scroll.step(element, Scroll.now(),\n                    element.scrollX | element.pageXOffset,\n                    element.scrollY | element.pageYOffset, x, y);\n            } else {\n                Scroll.step(element, Scroll.now(), element.scrollLeft, element.scrollTop, x, y);\n            }\n        }\n    }\n\n    private static step(element: HTMLElement | Window,\n                        startTime: number,\n                        startX: number,\n                        startY: number,\n                        x: number,\n                        y: number): void {\n        const time = this.now();\n        let elapsed = (time - startTime) / 468;\n\n        elapsed = elapsed > 1 ? 1 : elapsed;\n\n        const value = this.ease(elapsed);\n\n        const currentX = startX + (x - startX) * value;\n        const currentY = startY + (y - startY) * value;\n\n        element.scroll(currentX, currentY);\n\n        if (currentX !== x || currentY !== y) {\n            window.requestAnimationFrame(() => Scroll.step(element, startTime, startX, startY, x, y));\n        }\n    }\n\n    private static now(): number {\n        return window.performance && window.performance.now\n            ? window.performance.now() : Date.now();\n    }\n\n    private static ease(k: number): number {\n        return 0.5 * (1 - Math.cos(Math.PI * k));\n    }\n}\n","l":{"4":2,"5":1,"6":0,"7":0,"8":0,"10":0,"13":0,"17":1,"18":0,"19":0,"20":0,"24":0,"29":1,"35":0,"36":0,"38":0,"40":0,"42":0,"43":0,"45":0,"47":0,"48":0,"52":1,"53":0,"57":1,"58":0,"60":1}},
"D:\\Workarea\\unitejs\\web\\www\\dist\\articles\\articles.ts":{"path":"D:\\Workarea\\unitejs\\web\\www\\dist\\articles\\articles.ts","statementMap":{"1":{"start":{"line":4,"column":0},"end":{"line":5,"column":1}},"2":{"start":{"line":5,"column":0},"end":{"line":5,"column":1}},"3":{"start":{"line":4,"column":13},"end":{"line":4,"column":21}}},"fnMap":{"1":{"name":"(anonymous_2)","line":4,"loc":{"start":{"line":4,"column":0},"end":{"line":null,"column":-1}}}},"branchMap":{},"s":{"1":0,"2":0,"3":0},"b":{},"f":{"1":0},"code":"/**\n * Articles class.\n */\nexport class Articles {\n}\n","l":{"4":0,"5":0}},
"D:\\Workarea\\unitejs\\web\\www\\dist\\attributes\\prismAttribute.ts":{"path":"D:\\Workarea\\unitejs\\web\\www\\dist\\attributes\\prismAttribute.ts","statementMap":{"1":{"start":{"line":13,"column":0},"end":{"line":26,"column":1}},"2":{"start":{"line":16,"column":4},"end":{"line":18,"column":5}},"3":{"start":{"line":17,"column":8},"end":{"line":17,"column":32}},"4":{"start":{"line":20,"column":11},"end":{"line":25,"column":5}},"5":{"start":{"line":20,"column":4},"end":{"line":25,"column":5}},"6":{"start":{"line":21,"column":8},"end":{"line":24,"column":14}},"7":{"start":{"line":22,"column":12},"end":{"line":22,"column":61}},"8":{"start":{"line":23,"column":12},"end":{"line":23,"column":57}},"9":{"start":{"line":13,"column":13},"end":{"line":26,"column":1}},"10":{"start":{"line":26,"column":0},"end":{"line":26,"column":1}},"11":{"start":{"line":13,"column":13},"end":{"line":13,"column":27}}},"fnMap":{"1":{"name":"(anonymous_3)","line":13,"loc":{"start":{"line":13,"column":0},"end":{"line":null,"column":-1}}},"2":{"name":"PrismAttribute","line":16,"loc":{"start":{"line":16,"column":4},"end":{"line":16,"column":36}}},"3":{"name":"(anonymous_5)","line":20,"loc":{"start":{"line":20,"column":4},"end":{"line":20,"column":58}}},"4":{"name":"(anonymous_6)","line":21,"loc":{"start":{"line":21,"column":19},"end":{"line":null,"column":-1}}}},"branchMap":{},"s":{"1":0,"2":0,"3":0,"4":0,"5":0,"6":0,"7":0,"8":0,"9":0,"10":0,"11":0},"b":{},"f":{"1":0,"2":0,"3":0,"4":0},"code":"/**\n * Prism Attibute class.\n */\nimport { inject } from \"aurelia-dependency-injection\";\nimport { DOM } from \"aurelia-pal\";\nimport { customAttribute } from \"aurelia-templating\";\nimport \"prismjs\";\n\ndeclare var Prism: any;\n\n@customAttribute(\"au-prism\")\n@inject(DOM.Element)\nexport class PrismAttribute {\n    private _element: HTMLElement;\n\n    constructor(element: HTMLElement) {\n        this._element = element;\n    }\n\n    public valueChanged(newValue: string, oldValue: string): void {\n        setTimeout(() => {\n            this._element.className = \"language-\" + newValue;\n            Prism.highlightElement(this._element, false);\n        }, 0);\n    }\n}\n","l":{"13":0,"16":0,"17":0,"20":0,"21":0,"22":0,"23":0,"26":0}},
"D:\\Workarea\\unitejs\\web\\www\\dist\\attributes\\scrollToElementAttribute.ts":{"path":"D:\\Workarea\\unitejs\\web\\www\\dist\\attributes\\scrollToElementAttribute.ts","statementMap":{"1":{"start":{"line":13,"column":0},"end":{"line":47,"column":1}},"2":{"start":{"line":22,"column":4},"end":{"line":27,"column":5}},"3":{"start":{"line":23,"column":8},"end":{"line":23,"column":32}},"4":{"start":{"line":24,"column":8},"end":{"line":24,"column":44}},"5":{"start":{"line":26,"column":8},"end":{"line":26,"column":25}},"6":{"start":{"line":29,"column":11},"end":{"line":31,"column":5}},"7":{"start":{"line":29,"column":4},"end":{"line":31,"column":5}},"8":{"start":{"line":30,"column":8},"end":{"line":30,"column":81}},"9":{"start":{"line":30,"column":55},"end":{"line":30,"column":72}},"10":{"start":{"line":33,"column":11},"end":{"line":35,"column":5}},"11":{"start":{"line":33,"column":4},"end":{"line":35,"column":5}},"12":{"start":{"line":34,"column":8},"end":{"line":34,"column":77}},"13":{"start":{"line":34,"column":58},"end":{"line":34,"column":75}},"14":{"start":{"line":37,"column":12},"end":{"line":46,"column":5}},"15":{"start":{"line":38,"column":8},"end":{"line":45,"column":9}},"16":{"start":{"line":39,"column":12},"end":{"line":39,"column":58}},"17":{"start":{"line":41,"column":12},"end":{"line":44,"column":13}},"18":{"start":{"line":42,"column":16},"end":{"line":42,"column":60}},"19":{"start":{"line":43,"column":16},"end":{"line":43,"column":78}},"20":{"start":{"line":15,"column":4},"end":{"line":15,"column":22}},"21":{"start":{"line":18,"column":4},"end":{"line":18,"column":27}},"22":{"start":{"line":13,"column":13},"end":{"line":47,"column":1}},"23":{"start":{"line":47,"column":0},"end":{"line":47,"column":1}},"24":{"start":{"line":13,"column":13},"end":{"line":13,"column":37}}},"fnMap":{"1":{"name":"(anonymous_3)","line":13,"loc":{"start":{"line":13,"column":0},"end":{"line":null,"column":-1}}},"2":{"name":"ScrollToElementAttribute","line":22,"loc":{"start":{"line":22,"column":4},"end":{"line":22,"column":40}}},"3":{"name":"(anonymous_5)","line":29,"loc":{"start":{"line":29,"column":4},"end":{"line":null,"column":-1}}},"4":{"name":"(anonymous_6)","line":30,"loc":{"start":{"line":30,"column":48},"end":{"line":30,"column":50}}},"5":{"name":"(anonymous_7)","line":33,"loc":{"start":{"line":33,"column":4},"end":{"line":null,"column":-1}}},"6":{"name":"(anonymous_8)","line":34,"loc":{"start":{"line":34,"column":51},"end":{"line":34,"column":53}}},"7":{"name":"(anonymous_9)","line":37,"loc":{"start":{"line":37,"column":4},"end":{"line":null,"column":-1}}}},"branchMap":{"1":{"line":38,"type":"if","locations":[{"start":{"line":38,"column":8},"end":{"line":38,"column":7}},{"start":{"line":38,"column":8},"end":{"line":38,"column":7}}]},"2":{"line":41,"type":"if","locations":[{"start":{"line":41,"column":12},"end":{"line":41,"column":11}},{"start":{"line":41,"column":12},"end":{"line":41,"column":11}}]}},"s":{"1":0,"2":0,"3":0,"4":0,"5":0,"6":0,"7":0,"8":0,"9":0,"10":0,"11":0,"12":0,"13":0,"14":0,"15":0,"16":0,"17":0,"18":0,"19":0,"20":0,"21":0,"22":0,"23":0,"24":0},"b":{"1":[0,0],"2":[0,0]},"f":{"1":0,"2":0,"3":0,"4":0,"5":0,"6":0,"7":0},"code":"/**\n * Scroll To Element class.\n */\nimport { bindingMode } from \"aurelia-binding\";\nimport { inject } from \"aurelia-dependency-injection\";\nimport { DOM } from \"aurelia-pal\";\nimport { bindable, customAttribute } from \"aurelia-templating\";\nimport { Scroll } from \"../domHelpers/scroll\";\nimport { Style } from \"../domHelpers/style\";\n\n@customAttribute(\"au-scroll-to-element\")\n@inject(DOM.Element)\nexport class ScrollToElementAttribute {\n    @bindable\n    public id: string;\n\n    @bindable({defaultBindingMode: bindingMode.twoWay})\n    public yOffset: number;\n\n    private _element: HTMLLinkElement;\n\n    constructor(element: HTMLLinkElement) {\n        this._element = element;\n        this._element.href = \"javascript:;\";\n\n        this.yOffset = 0;\n    }\n\n    public bind(): void {\n        this._element.addEventListener(\"click\", (e) => this.clickEvent(), false);\n    }\n\n    public unbind(): void {\n        this._element.removeEventListener(\"click\", (e) => this.clickEvent());\n    }\n\n    private clickEvent(): void {\n        if (this.id) {\n            const elem = document.getElementById(this.id);\n\n            if (elem) {\n                const offset = elem.getBoundingClientRect();\n                Scroll.smoothScroll(window, 0, elem.offsetTop - this.yOffset);\n            }\n        }\n    }\n}\n","l":{"13":0,"15":0,"18":0,"22":0,"23":0,"24":0,"26":0,"29":0,"30":0,"33":0,"34":0,"37":0,"38":0,"39":0,"41":0,"42":0,"43":0,"47":0}},
"D:\\Workarea\\unitejs\\web\\www\\dist\\attributes\\scrollToTopAttribute.ts":{"path":"D:\\Workarea\\unitejs\\web\\www\\dist\\attributes\\scrollToTopAttribute.ts","statementMap":{"1":{"start":{"line":12,"column":0},"end":{"line":37,"column":1}},"2":{"start":{"line":15,"column":4},"end":{"line":17,"column":5}},"3":{"start":{"line":16,"column":8},"end":{"line":16,"column":32}},"4":{"start":{"line":19,"column":11},"end":{"line":23,"column":5}},"5":{"start":{"line":19,"column":4},"end":{"line":23,"column":5}},"6":{"start":{"line":20,"column":8},"end":{"line":20,"column":76}},"7":{"start":{"line":20,"column":49},"end":{"line":20,"column":67}},"8":{"start":{"line":21,"column":8},"end":{"line":21,"column":81}},"9":{"start":{"line":21,"column":55},"end":{"line":21,"column":72}},"10":{"start":{"line":22,"column":8},"end":{"line":22,"column":27}},"11":{"start":{"line":25,"column":11},"end":{"line":28,"column":5}},"12":{"start":{"line":25,"column":4},"end":{"line":28,"column":5}},"13":{"start":{"line":26,"column":8},"end":{"line":26,"column":72}},"14":{"start":{"line":26,"column":52},"end":{"line":26,"column":70}},"15":{"start":{"line":27,"column":8},"end":{"line":27,"column":77}},"16":{"start":{"line":27,"column":58},"end":{"line":27,"column":75}},"17":{"start":{"line":30,"column":12},"end":{"line":32,"column":5}},"18":{"start":{"line":31,"column":8},"end":{"line":31,"column":79}},"19":{"start":{"line":34,"column":12},"end":{"line":36,"column":5}},"20":{"start":{"line":35,"column":8},"end":{"line":35,"column":42}},"21":{"start":{"line":12,"column":13},"end":{"line":37,"column":1}},"22":{"start":{"line":37,"column":0},"end":{"line":37,"column":1}},"23":{"start":{"line":12,"column":13},"end":{"line":12,"column":33}}},"fnMap":{"1":{"name":"(anonymous_3)","line":12,"loc":{"start":{"line":12,"column":0},"end":{"line":null,"column":-1}}},"2":{"name":"ScrollToTopAttribute","line":15,"loc":{"start":{"line":15,"column":4},"end":{"line":15,"column":36}}},"3":{"name":"(anonymous_5)","line":19,"loc":{"start":{"line":19,"column":4},"end":{"line":null,"column":-1}}},"4":{"name":"(anonymous_6)","line":20,"loc":{"start":{"line":20,"column":42},"end":{"line":20,"column":44}}},"5":{"name":"(anonymous_7)","line":21,"loc":{"start":{"line":21,"column":48},"end":{"line":21,"column":50}}},"6":{"name":"(anonymous_8)","line":25,"loc":{"start":{"line":25,"column":4},"end":{"line":null,"column":-1}}},"7":{"name":"(anonymous_9)","line":26,"loc":{"start":{"line":26,"column":45},"end":{"line":26,"column":47}}},"8":{"name":"(anonymous_10)","line":27,"loc":{"start":{"line":27,"column":51},"end":{"line":27,"column":53}}},"9":{"name":"(anonymous_11)","line":30,"loc":{"start":{"line":30,"column":4},"end":{"line":null,"column":-1}}},"10":{"name":"(anonymous_12)","line":34,"loc":{"start":{"line":34,"column":4},"end":{"line":null,"column":-1}}}},"branchMap":{},"s":{"1":0,"2":0,"3":0,"4":0,"5":0,"6":0,"7":0,"8":0,"9":0,"10":0,"11":0,"12":0,"13":0,"14":0,"15":0,"16":0,"17":0,"18":0,"19":0,"20":0,"21":0,"22":0,"23":0},"b":{},"f":{"1":0,"2":0,"3":0,"4":0,"5":0,"6":0,"7":0,"8":0,"9":0,"10":0},"code":"/**\n * Scroll To Top class.\n */\nimport { inject } from \"aurelia-dependency-injection\";\nimport { DOM } from \"aurelia-pal\";\nimport { customAttribute } from \"aurelia-templating\";\nimport { Scroll } from \"../domHelpers/scroll\";\nimport { Style } from \"../domHelpers/style\";\n\n@customAttribute(\"au-scroll-to-top\")\n@inject(DOM.Element)\nexport class ScrollToTopAttribute {\n    private _element: HTMLElement;\n\n    constructor(element: HTMLElement) {\n        this._element = element;\n    }\n\n    public bind(): void {\n        window.addEventListener(\"scroll\", (e) => this.scrollEvent(), false);\n        this._element.addEventListener(\"click\", (e) => this.clickEvent(), false);\n        this.scrollEvent();\n    }\n\n    public unbind(): void {\n        window.removeEventListener(\"scroll\", (e) => this.scrollEvent());\n        this._element.removeEventListener(\"click\", (e) => this.clickEvent());\n    }\n\n    private scrollEvent(): void {\n        Style.toggle(this._element, \"hidden\", Scroll.getOffset(window).y < 10);\n    }\n\n    private clickEvent(): void {\n        Scroll.smoothScroll(window, 0, 0);\n    }\n}\n","l":{"12":0,"15":0,"16":0,"19":0,"20":0,"21":0,"22":0,"25":0,"26":0,"27":0,"30":0,"31":0,"34":0,"35":0,"37":0}},
"D:\\Workarea\\unitejs\\web\\www\\dist\\child\\child.ts":{"path":"D:\\Workarea\\unitejs\\web\\www\\dist\\child\\child.ts","statementMap":{"1":{"start":{"line":4,"column":0},"end":{"line":10,"column":1}},"2":{"start":{"line":7,"column":4},"end":{"line":9,"column":5}},"3":{"start":{"line":8,"column":8},"end":{"line":8,"column":46}},"4":{"start":{"line":10,"column":0},"end":{"line":10,"column":1}},"5":{"start":{"line":4,"column":13},"end":{"line":4,"column":18}}},"fnMap":{"1":{"name":"(anonymous_2)","line":4,"loc":{"start":{"line":4,"column":0},"end":{"line":null,"column":-1}}},"2":{"name":"Child","line":7,"loc":{"start":{"line":7,"column":4},"end":{"line":null,"column":-1}}}},"branchMap":{},"s":{"1":0,"2":0,"3":0,"4":0,"5":0},"b":{},"f":{"1":0,"2":0},"code":"/**\n * Child class.\n */\nexport class Child {\n    public message: string;\n\n    constructor() {\n        this.message = \"Hello UniteJS World!\";\n    }\n}\n\n// Generated by UniteJS\n","l":{"4":0,"7":0,"8":0,"10":0}},
"D:\\Workarea\\unitejs\\web\\www\\dist\\documentation\\documentation.ts":{"path":"D:\\Workarea\\unitejs\\web\\www\\dist\\documentation\\documentation.ts","statementMap":{"1":{"start":{"line":7,"column":0},"end":{"line":30,"column":1}},"2":{"start":{"line":14,"column":4},"end":{"line":16,"column":5}},"3":{"start":{"line":15,"column":8},"end":{"line":15,"column":38}},"4":{"start":{"line":18,"column":11},"end":{"line":25,"column":5}},"5":{"start":{"line":19,"column":8},"end":{"line":19,"column":65}},"6":{"start":{"line":21,"column":8},"end":{"line":24,"column":9}},"7":{"start":{"line":22,"column":12},"end":{"line":22,"column":66}},"8":{"start":{"line":23,"column":12},"end":{"line":23,"column":47}},"9":{"start":{"line":27,"column":11},"end":{"line":29,"column":5}},"10":{"start":{"line":28,"column":8},"end":{"line":28,"column":36}},"11":{"start":{"line":9,"column":4},"end":{"line":9,"column":34}},"12":{"start":{"line":12,"column":4},"end":{"line":12,"column":29}},"13":{"start":{"line":30,"column":0},"end":{"line":30,"column":1}},"14":{"start":{"line":7,"column":13},"end":{"line":7,"column":26}}},"fnMap":{"1":{"name":"(anonymous_3)","line":7,"loc":{"start":{"line":7,"column":0},"end":{"line":null,"column":-1}}},"2":{"name":"Documentation","line":14,"loc":{"start":{"line":14,"column":4},"end":{"line":null,"column":-1}}},"3":{"name":"(anonymous_5)","line":18,"loc":{"start":{"line":18,"column":4},"end":{"line":null,"column":-1}}},"4":{"name":"(anonymous_6)","line":27,"loc":{"start":{"line":27,"column":4},"end":{"line":27,"column":45}}}},"branchMap":{"1":{"line":21,"type":"if","locations":[{"start":{"line":21,"column":8},"end":{"line":21,"column":7}},{"start":{"line":21,"column":8},"end":{"line":21,"column":7}}]}},"s":{"1":0,"2":0,"3":0,"4":0,"5":0,"6":0,"7":0,"8":0,"9":0,"10":0,"11":0,"12":0,"13":0,"14":0},"b":{"1":[0,0]},"f":{"1":0,"2":0,"3":0,"4":0},"code":"/**\n * Documentation class.\n */\nimport { bindable } from \"aurelia-templating\";\nimport { Scroll } from \"../domHelpers/scroll\";\n\nexport class Documentation {\n    @bindable\n    public commandDisplay: string;\n\n    @bindable\n    public topOffset: number;\n\n    constructor() {\n        this.commandDisplay = \"intro\";\n    }\n\n    public attached(): void {\n        const navBars = document.getElementsByTagName(\"nav-bar\");\n\n        if (navBars.length > 0) {\n            const navBarRect = navBars[0].getBoundingClientRect();\n            this.topOffset = navBarRect.height;\n        }\n    }\n\n    public displayDocumentation(which: string): void {\n        this.commandDisplay = which;\n    }\n}\n","l":{"7":0,"9":0,"12":0,"14":0,"15":0,"18":0,"19":0,"21":0,"22":0,"23":0,"27":0,"28":0,"30":0}},
"D:\\Workarea\\unitejs\\web\\www\\dist\\domHelpers\\clipboard.ts":{"path":"D:\\Workarea\\unitejs\\web\\www\\dist\\domHelpers\\clipboard.ts","statementMap":{"1":{"start":{"line":4,"column":0},"end":{"line":43,"column":1}},"2":{"start":{"line":5,"column":18},"end":{"line":42,"column":5}},"3":{"start":{"line":6,"column":8},"end":{"line":6,"column":60}},"4":{"start":{"line":9,"column":8},"end":{"line":9,"column":42}},"5":{"start":{"line":10,"column":8},"end":{"line":10,"column":33}},"6":{"start":{"line":11,"column":8},"end":{"line":11,"column":34}},"7":{"start":{"line":15,"column":8},"end":{"line":15,"column":37}},"8":{"start":{"line":16,"column":8},"end":{"line":16,"column":38}},"9":{"start":{"line":19,"column":8},"end":{"line":19,"column":37}},"10":{"start":{"line":22,"column":8},"end":{"line":22,"column":39}},"11":{"start":{"line":23,"column":8},"end":{"line":23,"column":40}},"12":{"start":{"line":24,"column":8},"end":{"line":24,"column":42}},"13":{"start":{"line":27,"column":8},"end":{"line":27,"column":50}},"14":{"start":{"line":29,"column":8},"end":{"line":29,"column":30}},"15":{"start":{"line":31,"column":8},"end":{"line":31,"column":44}},"16":{"start":{"line":33,"column":8},"end":{"line":33,"column":26}},"17":{"start":{"line":35,"column":8},"end":{"line":39,"column":9}},"18":{"start":{"line":36,"column":12},"end":{"line":36,"column":41}},"19":{"start":{"line":41,"column":8},"end":{"line":41,"column":44}},"20":{"start":{"line":43,"column":0},"end":{"line":43,"column":1}},"21":{"start":{"line":4,"column":13},"end":{"line":4,"column":22}}},"fnMap":{"1":{"name":"(anonymous_2)","line":4,"loc":{"start":{"line":4,"column":0},"end":{"line":null,"column":-1}}},"2":{"name":"(anonymous_4)","line":5,"loc":{"start":{"line":5,"column":4},"end":{"line":5,"column":37}}}},"branchMap":{},"s":{"1":0,"2":0,"3":0,"4":0,"5":0,"6":0,"7":0,"8":0,"9":0,"10":0,"11":0,"12":0,"13":0,"14":0,"15":0,"16":0,"17":0,"18":0,"19":0,"20":0,"21":0},"b":{},"f":{"1":0,"2":0},"code":"/**\n * Clipboard class.\n */\nexport class Clipboard {\n    public static copyTo(text: string): void {\n        const textArea = document.createElement(\"textarea\");\n\n        // Place in top-left corner of screen regardless of scroll position.\n        textArea.style.position = \"fixed\";\n        textArea.style.top = \"0\";\n        textArea.style.left = \"0\";\n\n        // Ensure it has a small width and height. Setting to 1px / 1em\n        // doesn't work as this gives a negative w/h on some browsers.\n        textArea.style.width = \"2em\";\n        textArea.style.height = \"2em\";\n\n        // We don't need padding, reducing the size if it does flash render.\n        textArea.style.padding = \"0\";\n\n        // Clean up any borders.\n        textArea.style.border = \"none\";\n        textArea.style.outline = \"none\";\n        textArea.style.boxShadow = \"none\";\n\n        // Avoid flash of white box if rendered for any reason.\n        textArea.style.background = \"transparent\";\n\n        textArea.value = text;\n\n        document.body.appendChild(textArea);\n\n        textArea.select();\n\n        try {\n            document.execCommand(\"copy\");\n        } catch (err) {\n            /* didn't copy must be an old browser */\n        }\n\n        document.body.removeChild(textArea);\n    }\n}\n","l":{"4":0,"5":0,"6":0,"9":0,"10":0,"11":0,"15":0,"16":0,"19":0,"22":0,"23":0,"24":0,"27":0,"29":0,"31":0,"33":0,"35":0,"36":0,"41":0,"43":0}},
"D:\\Workarea\\unitejs\\web\\www\\dist\\domHelpers\\localStorage.ts":{"path":"D:\\Workarea\\unitejs\\web\\www\\dist\\domHelpers\\localStorage.ts","statementMap":{"1":{"start":{"line":4,"column":0},"end":{"line":37,"column":1}},"2":{"start":{"line":5,"column":18},"end":{"line":13,"column":5}},"3":{"start":{"line":6,"column":8},"end":{"line":12,"column":9}},"4":{"start":{"line":7,"column":12},"end":{"line":11,"column":13}},"5":{"start":{"line":8,"column":16},"end":{"line":8,"column":53}},"6":{"start":{"line":10,"column":16},"end":{"line":10,"column":71}},"7":{"start":{"line":15,"column":18},"end":{"line":30,"column":5}},"8":{"start":{"line":16,"column":8},"end":{"line":29,"column":9}},"9":{"start":{"line":17,"column":12},"end":{"line":17,"column":58}},"10":{"start":{"line":18,"column":12},"end":{"line":26,"column":13}},"11":{"start":{"line":19,"column":16},"end":{"line":23,"column":17}},"12":{"start":{"line":20,"column":20},"end":{"line":20,"column":48}},"13":{"start":{"line":22,"column":20},"end":{"line":22,"column":37}},"14":{"start":{"line":25,"column":16},"end":{"line":25,"column":33}},"15":{"start":{"line":28,"column":12},"end":{"line":28,"column":29}},"16":{"start":{"line":32,"column":18},"end":{"line":36,"column":5}},"17":{"start":{"line":33,"column":8},"end":{"line":35,"column":9}},"18":{"start":{"line":34,"column":12},"end":{"line":34,"column":49}},"19":{"start":{"line":37,"column":0},"end":{"line":37,"column":1}},"20":{"start":{"line":4,"column":13},"end":{"line":4,"column":25}}},"fnMap":{"1":{"name":"(anonymous_2)","line":4,"loc":{"start":{"line":4,"column":0},"end":{"line":null,"column":-1}}},"2":{"name":"(anonymous_4)","line":5,"loc":{"start":{"line":5,"column":4},"end":{"line":5,"column":44}}},"3":{"name":"(anonymous_5)","line":15,"loc":{"start":{"line":15,"column":4},"end":{"line":15,"column":37}}},"4":{"name":"(anonymous_6)","line":32,"loc":{"start":{"line":32,"column":4},"end":{"line":32,"column":37}}}},"branchMap":{"1":{"line":6,"type":"if","locations":[{"start":{"line":6,"column":8},"end":{"line":6,"column":7}},{"start":{"line":6,"column":8},"end":{"line":6,"column":7}}]},"2":{"line":7,"type":"if","locations":[{"start":{"line":7,"column":12},"end":{"line":7,"column":11}},{"start":{"line":7,"column":12},"end":{"line":7,"column":11}}]},"3":{"line":7,"type":"binary-expr","locations":[{"start":{"line":7,"column":16},"end":{"line":7,"column":28}},{"start":{"line":7,"column":32},"end":{"line":7,"column":49}}]},"4":{"line":16,"type":"if","locations":[{"start":{"line":16,"column":8},"end":{"line":16,"column":7}},{"start":{"line":16,"column":8},"end":{"line":16,"column":7}}]},"5":{"line":18,"type":"if","locations":[{"start":{"line":18,"column":12},"end":{"line":18,"column":11}},{"start":{"line":18,"column":12},"end":{"line":18,"column":11}}]},"6":{"line":33,"type":"if","locations":[{"start":{"line":33,"column":8},"end":{"line":33,"column":7}},{"start":{"line":33,"column":8},"end":{"line":33,"column":7}}]}},"s":{"1":0,"2":0,"3":0,"4":0,"5":0,"6":0,"7":0,"8":0,"9":0,"10":0,"11":0,"12":0,"13":0,"14":0,"15":0,"16":0,"17":0,"18":0,"19":0,"20":0},"b":{"1":[0,0],"2":[0,0],"3":[0,0],"4":[0,0],"5":[0,0],"6":[0,0]},"f":{"1":0,"2":0,"3":0,"4":0},"code":"/**\n * Cookie class.\n */\nexport class LocalStorage {\n    public static set(name: string, obj: any): void {\n        if (window.localStorage) {\n            if (obj === null || obj === undefined) {\n                window.localStorage.removeItem(name);\n            } else {\n                window.localStorage.setItem(name, JSON.stringify(obj));\n            }\n        }\n    }\n\n    public static get<T>(name: string): T {\n        if (window.localStorage) {\n            const obj = window.localStorage.getItem(name);\n            if (obj) {\n                try {\n                    return JSON.parse(obj) as T;\n                } catch (e) {\n                    return undefined;\n                }\n            } else {\n                return undefined;\n            }\n        } else {\n            return undefined;\n        }\n    }\n\n    public static remove(name: string): void {\n        if (window.localStorage) {\n            window.localStorage.removeItem(name);\n        }\n    }\n}\n","l":{"4":0,"5":0,"6":0,"7":0,"8":0,"10":0,"15":0,"16":0,"17":0,"18":0,"19":0,"20":0,"22":0,"25":0,"28":0,"32":0,"33":0,"34":0,"37":0}},
"D:\\Workarea\\unitejs\\web\\www\\dist\\domHelpers\\style.ts":{"path":"D:\\Workarea\\unitejs\\web\\www\\dist\\domHelpers\\style.ts","statementMap":{"1":{"start":{"line":4,"column":0},"end":{"line":20,"column":1}},"2":{"start":{"line":5,"column":18},"end":{"line":15,"column":5}},"3":{"start":{"line":6,"column":8},"end":{"line":14,"column":9}},"4":{"start":{"line":7,"column":12},"end":{"line":9,"column":13}},"5":{"start":{"line":8,"column":16},"end":{"line":8,"column":50}},"6":{"start":{"line":11,"column":12},"end":{"line":13,"column":13}},"7":{"start":{"line":12,"column":16},"end":{"line":12,"column":53}},"8":{"start":{"line":17,"column":18},"end":{"line":19,"column":5}},"9":{"start":{"line":18,"column":8},"end":{"line":18,"column":54}},"10":{"start":{"line":20,"column":0},"end":{"line":20,"column":1}},"11":{"start":{"line":4,"column":13},"end":{"line":4,"column":18}}},"fnMap":{"1":{"name":"(anonymous_2)","line":4,"loc":{"start":{"line":4,"column":0},"end":{"line":null,"column":-1}}},"2":{"name":"(anonymous_4)","line":5,"loc":{"start":{"line":5,"column":4},"end":{"line":5,"column":75}}},"3":{"name":"(anonymous_5)","line":17,"loc":{"start":{"line":17,"column":4},"end":{"line":17,"column":58}}}},"branchMap":{"1":{"line":6,"type":"if","locations":[{"start":{"line":6,"column":8},"end":{"line":6,"column":7}},{"start":{"line":6,"column":8},"end":{"line":6,"column":7}}]},"2":{"line":7,"type":"if","locations":[{"start":{"line":7,"column":12},"end":{"line":7,"column":11}},{"start":{"line":7,"column":12},"end":{"line":7,"column":11}}]},"3":{"line":11,"type":"if","locations":[{"start":{"line":11,"column":12},"end":{"line":11,"column":11}},{"start":{"line":11,"column":12},"end":{"line":11,"column":11}}]}},"s":{"1":0,"2":0,"3":0,"4":0,"5":0,"6":0,"7":0,"8":0,"9":0,"10":0,"11":0},"b":{"1":[0,0],"2":[0,0],"3":[0,0]},"f":{"1":0,"2":0,"3":0},"code":"/**\n * Style class.\n */\nexport class Style {\n    public static toggle(element: Element, classStyle: string, add: boolean): void {\n        if (add) {\n            if (!element.classList.contains(classStyle)) {\n                element.classList.add(classStyle);\n            }\n        } else {\n            if (element.classList.contains(classStyle)) {\n                element.classList.remove(classStyle);\n            }\n        }\n    }\n\n    public static has(element: Element, classStyle: string): boolean {\n        return element.classList.contains(classStyle);\n    }\n}\n","l":{"4":0,"5":0,"6":0,"7":0,"8":0,"11":0,"12":0,"17":0,"18":0,"20":0}},
"D:\\Workarea\\unitejs\\web\\www\\dist\\elements\\aureliaSvg.ts":{"path":"D:\\Workarea\\unitejs\\web\\www\\dist\\elements\\aureliaSvg.ts","statementMap":{"1":{"start":{"line":11,"column":0},"end":{"line":46,"column":1}},"2":{"start":{"line":21,"column":4},"end":{"line":23,"column":5}},"3":{"start":{"line":22,"column":8},"end":{"line":22,"column":32}},"4":{"start":{"line":25,"column":11},"end":{"line":45,"column":5}},"5":{"start":{"line":25,"column":4},"end":{"line":45,"column":5}},"6":{"start":{"line":26,"column":8},"end":{"line":44,"column":9}},"7":{"start":{"line":27,"column":12},"end":{"line":27,"column":48}},"8":{"start":{"line":28,"column":12},"end":{"line":43,"column":19}},"9":{"start":{"line":30,"column":20},"end":{"line":39,"column":21}},"10":{"start":{"line":31,"column":24},"end":{"line":31,"column":51}},"11":{"start":{"line":32,"column":24},"end":{"line":34,"column":25}},"12":{"start":{"line":33,"column":28},"end":{"line":33,"column":92}},"13":{"start":{"line":35,"column":24},"end":{"line":37,"column":25}},"14":{"start":{"line":36,"column":28},"end":{"line":36,"column":95}},"15":{"start":{"line":38,"column":24},"end":{"line":38,"column":67}},"16":{"start":{"line":13,"column":4},"end":{"line":13,"column":25}},"17":{"start":{"line":15,"column":4},"end":{"line":15,"column":26}},"18":{"start":{"line":17,"column":4},"end":{"line":17,"column":23}},"19":{"start":{"line":11,"column":13},"end":{"line":46,"column":1}},"20":{"start":{"line":46,"column":0},"end":{"line":46,"column":1}},"21":{"start":{"line":11,"column":13},"end":{"line":11,"column":23}}},"fnMap":{"1":{"name":"(anonymous_3)","line":11,"loc":{"start":{"line":11,"column":0},"end":{"line":null,"column":-1}}},"2":{"name":"AureliaSvg","line":21,"loc":{"start":{"line":21,"column":4},"end":{"line":21,"column":36}}},"3":{"name":"(anonymous_5)","line":25,"loc":{"start":{"line":25,"column":4},"end":{"line":null,"column":-1}}},"4":{"name":"(anonymous_6)","line":29,"loc":{"start":{"line":29,"column":22},"end":{"line":29,"column":31}}},"5":{"name":"(anonymous_7)","line":41,"loc":{"start":{"line":41,"column":23},"end":{"line":41,"column":27}}}},"branchMap":{"1":{"line":26,"type":"if","locations":[{"start":{"line":26,"column":8},"end":{"line":26,"column":7}},{"start":{"line":26,"column":8},"end":{"line":26,"column":7}}]},"2":{"line":26,"type":"binary-expr","locations":[{"start":{"line":26,"column":12},"end":{"line":26,"column":20}},{"start":{"line":26,"column":24},"end":{"line":26,"column":43}}]},"3":{"line":30,"type":"if","locations":[{"start":{"line":30,"column":20},"end":{"line":30,"column":19}},{"start":{"line":30,"column":20},"end":{"line":30,"column":19}}]},"4":{"line":32,"type":"if","locations":[{"start":{"line":32,"column":24},"end":{"line":32,"column":23}},{"start":{"line":32,"column":24},"end":{"line":32,"column":23}}]},"5":{"line":35,"type":"if","locations":[{"start":{"line":35,"column":24},"end":{"line":35,"column":23}},{"start":{"line":35,"column":24},"end":{"line":35,"column":23}}]}},"s":{"1":0,"2":0,"3":0,"4":0,"5":0,"6":0,"7":0,"8":0,"9":0,"10":0,"11":0,"12":0,"13":0,"14":0,"15":0,"16":0,"17":0,"18":0,"19":0,"20":0,"21":0},"b":{"1":[0,0],"2":[0,0],"3":[0,0],"4":[0,0],"5":[0,0]},"f":{"1":0,"2":0,"3":0,"4":0,"5":0},"code":"/**\n * Aurelia SVG class.\n */\nimport { inject } from \"aurelia-dependency-injection\";\nimport { HttpClient } from \"aurelia-http-client\";\nimport { DOM } from \"aurelia-pal\";\nimport { bindable, customElement } from \"aurelia-templating\";\n\n@customElement(\"au-svg\")\n@inject(DOM.Element)\nexport class AureliaSvg {\n    @bindable\n    public width: string;\n    @bindable\n    public height: string;\n    @bindable\n    public src: string;\n\n    private _element: HTMLElement;\n\n    constructor(element: HTMLElement) {\n        this._element = element;\n    }\n\n    public srcChanged(): void {\n        if (this.src && this.src.length > 0) {\n            const httpClient = new HttpClient();\n            httpClient.get(this.src)\n                .then((response) => {\n                    if (response.statusCode === 200) {\n                        let svg = response.content;\n                        if (this.width) {\n                            svg = svg.replace(/width=\\\"(.*?)\\\"/, `width=\\\"${this.width}\\\"`);\n                        }\n                        if (this.height) {\n                            svg = svg.replace(/height=\\\"(.*?)\\\"/, `height=\\\"${this.height}\\\"`);\n                        }\n                        this._element.innerHTML = response.content;\n                    }\n                })\n                .catch((err) => {\n                    // Just don't display the version its not critical\n                });\n        }\n    }\n}\n","l":{"11":0,"13":0,"15":0,"17":0,"21":0,"22":0,"25":0,"26":0,"27":0,"28":0,"30":0,"31":0,"32":0,"33":0,"35":0,"36":0,"38":0,"46":0}},
"D:\\Workarea\\unitejs\\web\\www\\dist\\examples\\examples.ts":{"path":"D:\\Workarea\\unitejs\\web\\www\\dist\\examples\\examples.ts","statementMap":{"1":{"start":{"line":4,"column":0},"end":{"line":5,"column":1}},"2":{"start":{"line":5,"column":0},"end":{"line":5,"column":1}},"3":{"start":{"line":4,"column":13},"end":{"line":4,"column":21}}},"fnMap":{"1":{"name":"(anonymous_2)","line":4,"loc":{"start":{"line":4,"column":0},"end":{"line":null,"column":-1}}}},"branchMap":{},"s":{"1":0,"2":0,"3":0},"b":{},"f":{"1":0},"code":"/**\n * Examples class.\n */\nexport class Examples {\n}\n","l":{"4":0,"5":0}},
"D:\\Workarea\\unitejs\\web\\www\\dist\\generator\\generator.ts":{"path":"D:\\Workarea\\unitejs\\web\\www\\dist\\generator\\generator.ts","statementMap":{"1":{"start":{"line":17,"column":0},"end":{"line":489,"column":1}},"2":{"start":{"line":95,"column":4},"end":{"line":234,"column":5}},"3":{"start":{"line":96,"column":8},"end":{"line":96,"column":37}},"4":{"start":{"line":98,"column":8},"end":{"line":98,"column":65}},"5":{"start":{"line":100,"column":8},"end":{"line":100,"column":71}},"6":{"start":{"line":102,"column":8},"end":{"line":105,"column":70}},"7":{"start":{"line":103,"column":12},"end":{"line":104,"column":46}},"8":{"start":{"line":107,"column":8},"end":{"line":110,"column":80}},"9":{"start":{"line":108,"column":12},"end":{"line":109,"column":76}},"10":{"start":{"line":112,"column":8},"end":{"line":115,"column":69}},"11":{"start":{"line":113,"column":12},"end":{"line":114,"column":63}},"12":{"start":{"line":117,"column":8},"end":{"line":120,"column":74}},"13":{"start":{"line":118,"column":12},"end":{"line":119,"column":52}},"14":{"start":{"line":122,"column":8},"end":{"line":126,"column":73}},"15":{"start":{"line":123,"column":12},"end":{"line":125,"column":81}},"16":{"start":{"line":128,"column":8},"end":{"line":131,"column":86}},"17":{"start":{"line":129,"column":12},"end":{"line":130,"column":77}},"18":{"start":{"line":133,"column":8},"end":{"line":136,"column":66}},"19":{"start":{"line":134,"column":12},"end":{"line":135,"column":77}},"20":{"start":{"line":138,"column":8},"end":{"line":140,"column":74}},"21":{"start":{"line":139,"column":12},"end":{"line":139,"column":89}},"22":{"start":{"line":142,"column":8},"end":{"line":144,"column":66}},"23":{"start":{"line":143,"column":12},"end":{"line":143,"column":75}},"24":{"start":{"line":146,"column":8},"end":{"line":148,"column":85}},"25":{"start":{"line":147,"column":12},"end":{"line":147,"column":112}},"26":{"start":{"line":150,"column":8},"end":{"line":152,"column":87}},"27":{"start":{"line":151,"column":12},"end":{"line":151,"column":82}},"28":{"start":{"line":154,"column":8},"end":{"line":158,"column":44}},"29":{"start":{"line":155,"column":12},"end":{"line":157,"column":52}},"30":{"start":{"line":160,"column":8},"end":{"line":162,"column":94}},"31":{"start":{"line":161,"column":12},"end":{"line":161,"column":88}},"32":{"start":{"line":164,"column":8},"end":{"line":166,"column":89}},"33":{"start":{"line":165,"column":12},"end":{"line":165,"column":83}},"34":{"start":{"line":168,"column":8},"end":{"line":172,"column":44}},"35":{"start":{"line":169,"column":12},"end":{"line":171,"column":52}},"36":{"start":{"line":174,"column":8},"end":{"line":178,"column":46}},"37":{"start":{"line":175,"column":12},"end":{"line":177,"column":51}},"38":{"start":{"line":180,"column":8},"end":{"line":233,"column":22}},"39":{"start":{"line":181,"column":38},"end":{"line":181,"column":51}},"40":{"start":{"line":188,"column":38},"end":{"line":188,"column":45}},"41":{"start":{"line":189,"column":38},"end":{"line":189,"column":47}},"42":{"start":{"line":190,"column":38},"end":{"line":190,"column":60}},"43":{"start":{"line":196,"column":38},"end":{"line":196,"column":54}},"44":{"start":{"line":199,"column":38},"end":{"line":199,"column":50}},"45":{"start":{"line":206,"column":38},"end":{"line":206,"column":47}},"46":{"start":{"line":215,"column":38},"end":{"line":215,"column":46}},"47":{"start":{"line":218,"column":38},"end":{"line":218,"column":54}},"48":{"start":{"line":219,"column":38},"end":{"line":219,"column":57}},"49":{"start":{"line":223,"column":38},"end":{"line":223,"column":54}},"50":{"start":{"line":227,"column":38},"end":{"line":227,"column":53}},"51":{"start":{"line":228,"column":38},"end":{"line":228,"column":56}},"52":{"start":{"line":230,"column":38},"end":{"line":230,"column":46}},"53":{"start":{"line":231,"column":38},"end":{"line":231,"column":47}},"54":{"start":{"line":232,"column":38},"end":{"line":232,"column":54}},"55":{"start":{"line":236,"column":11},"end":{"line":277,"column":5}},"56":{"start":{"line":236,"column":4},"end":{"line":277,"column":5}},"57":{"start":{"line":237,"column":8},"end":{"line":237,"column":44}},"58":{"start":{"line":238,"column":8},"end":{"line":276,"column":15}},"59":{"start":{"line":240,"column":16},"end":{"line":272,"column":17}},"60":{"start":{"line":241,"column":20},"end":{"line":241,"column":61}},"61":{"start":{"line":243,"column":20},"end":{"line":243,"column":39}},"62":{"start":{"line":244,"column":20},"end":{"line":246,"column":23}},"63":{"start":{"line":245,"column":24},"end":{"line":245,"column":94}},"64":{"start":{"line":248,"column":20},"end":{"line":248,"column":57}},"65":{"start":{"line":249,"column":20},"end":{"line":269,"column":27}},"66":{"start":{"line":251,"column":28},"end":{"line":268,"column":29}},"67":{"start":{"line":252,"column":32},"end":{"line":252,"column":105}},"68":{"start":{"line":253,"column":32},"end":{"line":253,"column":51}},"69":{"start":{"line":254,"column":32},"end":{"line":256,"column":35}},"70":{"start":{"line":255,"column":36},"end":{"line":255,"column":105}},"71":{"start":{"line":258,"column":32},"end":{"line":258,"column":118}},"72":{"start":{"line":259,"column":32},"end":{"line":259,"column":84}},"73":{"start":{"line":261,"column":32},"end":{"line":261,"column":80}},"74":{"start":{"line":263,"column":32},"end":{"line":265,"column":33}},"75":{"start":{"line":264,"column":36},"end":{"line":264,"column":52}},"76":{"start":{"line":267,"column":32},"end":{"line":267,"column":111}},"77":{"start":{"line":271,"column":20},"end":{"line":271,"column":90}},"78":{"start":{"line":275,"column":16},"end":{"line":275,"column":86}},"79":{"start":{"line":279,"column":11},"end":{"line":315,"column":5}},"80":{"start":{"line":280,"column":8},"end":{"line":280,"column":98}},"81":{"start":{"line":281,"column":8},"end":{"line":281,"column":60}},"82":{"start":{"line":282,"column":8},"end":{"line":282,"column":59}},"83":{"start":{"line":283,"column":8},"end":{"line":283,"column":82}},"84":{"start":{"line":284,"column":8},"end":{"line":284,"column":52}},"85":{"start":{"line":285,"column":8},"end":{"line":285,"column":57}},"86":{"start":{"line":286,"column":8},"end":{"line":286,"column":59}},"87":{"start":{"line":287,"column":8},"end":{"line":287,"column":72}},"88":{"start":{"line":288,"column":8},"end":{"line":288,"column":68}},"89":{"start":{"line":289,"column":8},"end":{"line":289,"column":58}},"90":{"start":{"line":290,"column":8},"end":{"line":290,"column":57}},"91":{"start":{"line":291,"column":8},"end":{"line":291,"column":44}},"92":{"start":{"line":292,"column":8},"end":{"line":292,"column":47}},"93":{"start":{"line":294,"column":8},"end":{"line":294,"column":31}},"94":{"start":{"line":295,"column":8},"end":{"line":295,"column":91}},"95":{"start":{"line":296,"column":8},"end":{"line":296,"column":79}},"96":{"start":{"line":297,"column":8},"end":{"line":297,"column":83}},"97":{"start":{"line":298,"column":8},"end":{"line":298,"column":109}},"98":{"start":{"line":299,"column":8},"end":{"line":299,"column":97}},"99":{"start":{"line":300,"column":8},"end":{"line":300,"column":89}},"100":{"start":{"line":301,"column":8},"end":{"line":301,"column":83}},"101":{"start":{"line":302,"column":8},"end":{"line":302,"column":81}},"102":{"start":{"line":303,"column":8},"end":{"line":303,"column":97}},"103":{"start":{"line":304,"column":8},"end":{"line":304,"column":103}},"104":{"start":{"line":305,"column":8},"end":{"line":305,"column":77}},"105":{"start":{"line":306,"column":8},"end":{"line":306,"column":97}},"106":{"start":{"line":307,"column":8},"end":{"line":307,"column":71}},"107":{"start":{"line":308,"column":8},"end":{"line":308,"column":95}},"108":{"start":{"line":309,"column":8},"end":{"line":309,"column":101}},"109":{"start":{"line":310,"column":8},"end":{"line":310,"column":75}},"110":{"start":{"line":311,"column":8},"end":{"line":311,"column":81}},"111":{"start":{"line":312,"column":8},"end":{"line":312,"column":83}},"112":{"start":{"line":313,"column":8},"end":{"line":313,"column":97}},"113":{"start":{"line":314,"column":8},"end":{"line":314,"column":99}},"114":{"start":{"line":317,"column":11},"end":{"line":341,"column":5}},"115":{"start":{"line":317,"column":4},"end":{"line":341,"column":5}},"116":{"start":{"line":318,"column":8},"end":{"line":340,"column":9}},"117":{"start":{"line":319,"column":12},"end":{"line":319,"column":77}},"118":{"start":{"line":319,"column":54},"end":{"line":319,"column":75}},"119":{"start":{"line":321,"column":12},"end":{"line":339,"column":13}},"120":{"start":{"line":322,"column":16},"end":{"line":322,"column":54}},"121":{"start":{"line":323,"column":16},"end":{"line":323,"column":80}},"122":{"start":{"line":324,"column":16},"end":{"line":324,"column":68}},"123":{"start":{"line":325,"column":16},"end":{"line":325,"column":60}},"124":{"start":{"line":326,"column":16},"end":{"line":326,"column":54}},"125":{"start":{"line":327,"column":16},"end":{"line":327,"column":52}},"126":{"start":{"line":328,"column":16},"end":{"line":328,"column":68}},"127":{"start":{"line":329,"column":16},"end":{"line":329,"column":74}},"128":{"start":{"line":330,"column":16},"end":{"line":330,"column":85}},"129":{"start":{"line":331,"column":16},"end":{"line":331,"column":68}},"130":{"start":{"line":332,"column":16},"end":{"line":332,"column":79}},"131":{"start":{"line":333,"column":16},"end":{"line":333,"column":66}},"132":{"start":{"line":334,"column":16},"end":{"line":334,"column":72}},"133":{"start":{"line":335,"column":16},"end":{"line":335,"column":83}},"134":{"start":{"line":336,"column":16},"end":{"line":336,"column":52}},"135":{"start":{"line":337,"column":16},"end":{"line":337,"column":54}},"136":{"start":{"line":338,"column":16},"end":{"line":338,"column":68}},"137":{"start":{"line":343,"column":11},"end":{"line":345,"column":5}},"138":{"start":{"line":344,"column":8},"end":{"line":344,"column":76}},"139":{"start":{"line":347,"column":11},"end":{"line":351,"column":5}},"140":{"start":{"line":348,"column":8},"end":{"line":348,"column":89}},"141":{"start":{"line":349,"column":8},"end":{"line":349,"column":76}},"142":{"start":{"line":350,"column":8},"end":{"line":350,"column":83}},"143":{"start":{"line":353,"column":11},"end":{"line":356,"column":5}},"144":{"start":{"line":354,"column":8},"end":{"line":354,"column":89}},"145":{"start":{"line":355,"column":8},"end":{"line":355,"column":79}},"146":{"start":{"line":358,"column":11},"end":{"line":360,"column":5}},"147":{"start":{"line":359,"column":8},"end":{"line":359,"column":75}},"148":{"start":{"line":362,"column":11},"end":{"line":364,"column":5}},"149":{"start":{"line":363,"column":8},"end":{"line":363,"column":83}},"150":{"start":{"line":366,"column":11},"end":{"line":379,"column":5}},"151":{"start":{"line":367,"column":8},"end":{"line":375,"column":9}},"152":{"start":{"line":368,"column":12},"end":{"line":368,"column":47}},"153":{"start":{"line":369,"column":12},"end":{"line":369,"column":44}},"154":{"start":{"line":370,"column":12},"end":{"line":370,"column":50}},"155":{"start":{"line":371,"column":12},"end":{"line":371,"column":47}},"156":{"start":{"line":373,"column":12},"end":{"line":373,"column":49}},"157":{"start":{"line":374,"column":12},"end":{"line":374,"column":46}},"158":{"start":{"line":376,"column":8},"end":{"line":376,"column":86}},"159":{"start":{"line":377,"column":8},"end":{"line":377,"column":83}},"160":{"start":{"line":378,"column":8},"end":{"line":378,"column":79}},"161":{"start":{"line":381,"column":11},"end":{"line":383,"column":5}},"162":{"start":{"line":382,"column":8},"end":{"line":382,"column":83}},"163":{"start":{"line":385,"column":11},"end":{"line":387,"column":5}},"164":{"start":{"line":386,"column":8},"end":{"line":386,"column":83}},"165":{"start":{"line":389,"column":11},"end":{"line":397,"column":5}},"166":{"start":{"line":390,"column":8},"end":{"line":395,"column":9}},"167":{"start":{"line":391,"column":12},"end":{"line":391,"column":46}},"168":{"start":{"line":392,"column":12},"end":{"line":392,"column":49}},"169":{"start":{"line":394,"column":12},"end":{"line":394,"column":48}},"170":{"start":{"line":396,"column":8},"end":{"line":396,"column":85}},"171":{"start":{"line":399,"column":11},"end":{"line":461,"column":5}},"172":{"start":{"line":399,"column":4},"end":{"line":461,"column":5}},"173":{"start":{"line":400,"column":8},"end":{"line":400,"column":60}},"174":{"start":{"line":401,"column":8},"end":{"line":401,"column":58}},"175":{"start":{"line":402,"column":8},"end":{"line":402,"column":46}},"176":{"start":{"line":403,"column":8},"end":{"line":403,"column":50}},"177":{"start":{"line":404,"column":8},"end":{"line":404,"column":76}},"178":{"start":{"line":405,"column":8},"end":{"line":405,"column":56}},"179":{"start":{"line":406,"column":8},"end":{"line":406,"column":50}},"180":{"start":{"line":407,"column":8},"end":{"line":407,"column":64}},"181":{"start":{"line":408,"column":8},"end":{"line":408,"column":48}},"182":{"start":{"line":409,"column":8},"end":{"line":409,"column":64}},"183":{"start":{"line":410,"column":8},"end":{"line":410,"column":70}},"184":{"start":{"line":411,"column":8},"end":{"line":411,"column":64}},"185":{"start":{"line":412,"column":8},"end":{"line":412,"column":62}},"186":{"start":{"line":413,"column":8},"end":{"line":413,"column":68}},"187":{"start":{"line":414,"column":8},"end":{"line":414,"column":48}},"188":{"start":{"line":415,"column":8},"end":{"line":415,"column":50}},"189":{"start":{"line":416,"column":8},"end":{"line":416,"column":64}},"190":{"start":{"line":417,"column":8},"end":{"line":417,"column":66}},"191":{"start":{"line":419,"column":8},"end":{"line":419,"column":40}},"192":{"start":{"line":421,"column":8},"end":{"line":426,"column":9}},"193":{"start":{"line":422,"column":12},"end":{"line":422,"column":74}},"194":{"start":{"line":422,"column":51},"end":{"line":422,"column":72}},"195":{"start":{"line":423,"column":12},"end":{"line":425,"column":13}},"196":{"start":{"line":424,"column":16},"end":{"line":424,"column":38}},"197":{"start":{"line":428,"column":8},"end":{"line":428,"column":67}},"198":{"start":{"line":429,"column":8},"end":{"line":429,"column":50}},"199":{"start":{"line":431,"column":8},"end":{"line":460,"column":15}},"200":{"start":{"line":433,"column":16},"end":{"line":459,"column":17}},"201":{"start":{"line":434,"column":20},"end":{"line":456,"column":81}},"202":{"start":{"line":458,"column":20},"end":{"line":458,"column":82}},"203":{"start":{"line":463,"column":11},"end":{"line":474,"column":5}},"204":{"start":{"line":467,"column":8},"end":{"line":473,"column":9}},"205":{"start":{"line":468,"column":12},"end":{"line":468,"column":22}},"206":{"start":{"line":469,"column":15},"end":{"line":473,"column":9}},"207":{"start":{"line":470,"column":12},"end":{"line":470,"column":22}},"208":{"start":{"line":472,"column":12},"end":{"line":472,"column":96}},"209":{"start":{"line":476,"column":11},"end":{"line":484,"column":5}},"210":{"start":{"line":476,"column":4},"end":{"line":484,"column":5}},"211":{"start":{"line":477,"column":8},"end":{"line":477,"column":50}},"212":{"start":{"line":478,"column":8},"end":{"line":478,"column":39}},"213":{"start":{"line":480,"column":8},"end":{"line":480,"column":29}},"214":{"start":{"line":481,"column":8},"end":{"line":481,"column":37}},"215":{"start":{"line":483,"column":8},"end":{"line":483,"column":53}},"216":{"start":{"line":483,"column":25},"end":{"line":483,"column":48}},"217":{"start":{"line":486,"column":11},"end":{"line":488,"column":5}},"218":{"start":{"line":487,"column":8},"end":{"line":487,"column":43}},"219":{"start":{"line":21,"column":4},"end":{"line":21,"column":31}},"220":{"start":{"line":23,"column":4},"end":{"line":23,"column":25}},"221":{"start":{"line":26,"column":4},"end":{"line":26,"column":27}},"222":{"start":{"line":30,"column":4},"end":{"line":30,"column":27}},"223":{"start":{"line":34,"column":4},"end":{"line":34,"column":40}},"224":{"start":{"line":38,"column":4},"end":{"line":38,"column":34}},"225":{"start":{"line":42,"column":4},"end":{"line":42,"column":26}},"226":{"start":{"line":46,"column":4},"end":{"line":46,"column":30}},"227":{"start":{"line":50,"column":4},"end":{"line":50,"column":27}},"228":{"start":{"line":54,"column":4},"end":{"line":54,"column":34}},"229":{"start":{"line":58,"column":4},"end":{"line":58,"column":37}},"230":{"start":{"line":63,"column":4},"end":{"line":63,"column":34}},"231":{"start":{"line":68,"column":4},"end":{"line":68,"column":33}},"232":{"start":{"line":72,"column":4},"end":{"line":72,"column":36}},"233":{"start":{"line":77,"column":4},"end":{"line":77,"column":26}},"234":{"start":{"line":81,"column":4},"end":{"line":81,"column":27}},"235":{"start":{"line":85,"column":4},"end":{"line":85,"column":34}},"236":{"start":{"line":89,"column":4},"end":{"line":89,"column":35}},"237":{"start":{"line":17,"column":13},"end":{"line":489,"column":1}},"238":{"start":{"line":489,"column":0},"end":{"line":489,"column":1}},"239":{"start":{"line":17,"column":13},"end":{"line":17,"column":22}}},"fnMap":{"1":{"name":"(anonymous_3)","line":17,"loc":{"start":{"line":17,"column":0},"end":{"line":null,"column":-1}}},"2":{"name":"Generator","line":95,"loc":{"start":{"line":95,"column":4},"end":{"line":95,"column":48}}},"3":{"name":"(anonymous_5)","line":102,"loc":{"start":{"line":102,"column":63},"end":{"line":102,"column":93}}},"4":{"name":"(anonymous_6)","line":107,"loc":{"start":{"line":107,"column":59},"end":{"line":107,"column":89}}},"5":{"name":"(anonymous_7)","line":112,"loc":{"start":{"line":112,"column":71},"end":{"line":112,"column":101}}},"6":{"name":"(anonymous_8)","line":117,"loc":{"start":{"line":117,"column":64},"end":{"line":117,"column":94}}},"7":{"name":"(anonymous_9)","line":122,"loc":{"start":{"line":122,"column":55},"end":{"line":122,"column":85}}},"8":{"name":"(anonymous_10)","line":128,"loc":{"start":{"line":128,"column":58},"end":{"line":128,"column":88}}},"9":{"name":"(anonymous_11)","line":133,"loc":{"start":{"line":133,"column":59},"end":{"line":133,"column":89}}},"10":{"name":"(anonymous_12)","line":138,"loc":{"start":{"line":138,"column":58},"end":{"line":138,"column":88}}},"11":{"name":"(anonymous_13)","line":142,"loc":{"start":{"line":142,"column":62},"end":{"line":142,"column":92}}},"12":{"name":"(anonymous_14)","line":146,"loc":{"start":{"line":146,"column":70},"end":{"line":146,"column":100}}},"13":{"name":"(anonymous_15)","line":150,"loc":{"start":{"line":150,"column":57},"end":{"line":150,"column":87}}},"14":{"name":"(anonymous_16)","line":154,"loc":{"start":{"line":154,"column":60},"end":{"line":154,"column":90}}},"15":{"name":"(anonymous_17)","line":160,"loc":{"start":{"line":160,"column":54},"end":{"line":160,"column":84}}},"16":{"name":"(anonymous_18)","line":164,"loc":{"start":{"line":164,"column":52},"end":{"line":164,"column":82}}},"17":{"name":"(anonymous_19)","line":168,"loc":{"start":{"line":168,"column":57},"end":{"line":168,"column":87}}},"18":{"name":"(anonymous_20)","line":174,"loc":{"start":{"line":174,"column":59},"end":{"line":174,"column":89}}},"19":{"name":"(anonymous_21)","line":181,"loc":{"start":{"line":181,"column":20},"end":{"line":181,"column":33}}},"20":{"name":"(anonymous_22)","line":188,"loc":{"start":{"line":188,"column":20},"end":{"line":188,"column":33}}},"21":{"name":"(anonymous_23)","line":189,"loc":{"start":{"line":189,"column":20},"end":{"line":189,"column":33}}},"22":{"name":"(anonymous_24)","line":190,"loc":{"start":{"line":190,"column":20},"end":{"line":190,"column":33}}},"23":{"name":"(anonymous_25)","line":196,"loc":{"start":{"line":196,"column":20},"end":{"line":196,"column":33}}},"24":{"name":"(anonymous_26)","line":199,"loc":{"start":{"line":199,"column":20},"end":{"line":199,"column":33}}},"25":{"name":"(anonymous_27)","line":206,"loc":{"start":{"line":206,"column":20},"end":{"line":206,"column":33}}},"26":{"name":"(anonymous_28)","line":215,"loc":{"start":{"line":215,"column":20},"end":{"line":215,"column":33}}},"27":{"name":"(anonymous_29)","line":218,"loc":{"start":{"line":218,"column":20},"end":{"line":218,"column":33}}},"28":{"name":"(anonymous_30)","line":219,"loc":{"start":{"line":219,"column":20},"end":{"line":219,"column":33}}},"29":{"name":"(anonymous_31)","line":223,"loc":{"start":{"line":223,"column":20},"end":{"line":223,"column":33}}},"30":{"name":"(anonymous_32)","line":227,"loc":{"start":{"line":227,"column":20},"end":{"line":227,"column":33}}},"31":{"name":"(anonymous_33)","line":228,"loc":{"start":{"line":228,"column":20},"end":{"line":228,"column":33}}},"32":{"name":"(anonymous_34)","line":230,"loc":{"start":{"line":230,"column":20},"end":{"line":230,"column":33}}},"33":{"name":"(anonymous_35)","line":231,"loc":{"start":{"line":231,"column":20},"end":{"line":231,"column":33}}},"34":{"name":"(anonymous_36)","line":232,"loc":{"start":{"line":232,"column":20},"end":{"line":232,"column":33}}},"35":{"name":"(anonymous_37)","line":236,"loc":{"start":{"line":236,"column":4},"end":{"line":null,"column":-1}}},"36":{"name":"(anonymous_38)","line":239,"loc":{"start":{"line":239,"column":18},"end":{"line":239,"column":27}}},"37":{"name":"(anonymous_39)","line":244,"loc":{"start":{"line":244,"column":50},"end":{"line":244,"column":61}}},"38":{"name":"(anonymous_40)","line":250,"loc":{"start":{"line":250,"column":30},"end":{"line":250,"column":40}}},"39":{"name":"(anonymous_41)","line":254,"loc":{"start":{"line":254,"column":62},"end":{"line":254,"column":73}}},"40":{"name":"(anonymous_42)","line":274,"loc":{"start":{"line":274,"column":19},"end":{"line":274,"column":23}}},"41":{"name":"(anonymous_43)","line":279,"loc":{"start":{"line":279,"column":4},"end":{"line":279,"column":82}}},"42":{"name":"(anonymous_44)","line":317,"loc":{"start":{"line":317,"column":4},"end":{"line":null,"column":-1}}},"43":{"name":"(anonymous_45)","line":319,"loc":{"start":{"line":319,"column":47},"end":{"line":319,"column":49}}},"44":{"name":"(anonymous_46)","line":343,"loc":{"start":{"line":343,"column":4},"end":{"line":null,"column":-1}}},"45":{"name":"(anonymous_47)","line":347,"loc":{"start":{"line":347,"column":4},"end":{"line":null,"column":-1}}},"46":{"name":"(anonymous_48)","line":353,"loc":{"start":{"line":353,"column":4},"end":{"line":null,"column":-1}}},"47":{"name":"(anonymous_49)","line":358,"loc":{"start":{"line":358,"column":4},"end":{"line":null,"column":-1}}},"48":{"name":"(anonymous_50)","line":362,"loc":{"start":{"line":362,"column":4},"end":{"line":null,"column":-1}}},"49":{"name":"(anonymous_51)","line":366,"loc":{"start":{"line":366,"column":4},"end":{"line":null,"column":-1}}},"50":{"name":"(anonymous_52)","line":381,"loc":{"start":{"line":381,"column":4},"end":{"line":null,"column":-1}}},"51":{"name":"(anonymous_53)","line":385,"loc":{"start":{"line":385,"column":4},"end":{"line":null,"column":-1}}},"52":{"name":"(anonymous_54)","line":389,"loc":{"start":{"line":389,"column":4},"end":{"line":null,"column":-1}}},"53":{"name":"(anonymous_55)","line":399,"loc":{"start":{"line":399,"column":4},"end":{"line":null,"column":-1}}},"54":{"name":"(anonymous_56)","line":422,"loc":{"start":{"line":422,"column":44},"end":{"line":422,"column":46}}},"55":{"name":"(anonymous_57)","line":432,"loc":{"start":{"line":432,"column":18},"end":{"line":432,"column":25}}},"56":{"name":"(anonymous_58)","line":463,"loc":{"start":{"line":463,"column":4},"end":{"line":466,"column":39}}},"57":{"name":"(anonymous_59)","line":476,"loc":{"start":{"line":476,"column":4},"end":{"line":null,"column":-1}}},"58":{"name":"(anonymous_60)","line":483,"loc":{"start":{"line":483,"column":19},"end":{"line":483,"column":24}}},"59":{"name":"(anonymous_61)","line":486,"loc":{"start":{"line":486,"column":4},"end":{"line":null,"column":-1}}}},"branchMap":{"1":{"line":103,"type":"binary-expr","locations":[{"start":{"line":103,"column":19},"end":{"line":103,"column":38}},{"start":{"line":103,"column":42},"end":{"line":103,"column":56}},{"start":{"line":104,"column":16},"end":{"line":104,"column":45}}]},"2":{"line":108,"type":"binary-expr","locations":[{"start":{"line":108,"column":19},"end":{"line":108,"column":38}},{"start":{"line":108,"column":42},"end":{"line":108,"column":56}},{"start":{"line":109,"column":16},"end":{"line":109,"column":75}}]},"3":{"line":109,"type":"binary-expr","locations":[{"start":{"line":109,"column":18},"end":{"line":109,"column":34}},{"start":{"line":109,"column":38},"end":{"line":109,"column":54}},{"start":{"line":109,"column":58},"end":{"line":109,"column":74}}]},"4":{"line":113,"type":"binary-expr","locations":[{"start":{"line":113,"column":19},"end":{"line":113,"column":38}},{"start":{"line":113,"column":42},"end":{"line":113,"column":56}},{"start":{"line":114,"column":16},"end":{"line":114,"column":62}}]},"5":{"line":118,"type":"binary-expr","locations":[{"start":{"line":118,"column":19},"end":{"line":118,"column":38}},{"start":{"line":118,"column":42},"end":{"line":118,"column":56}},{"start":{"line":119,"column":16},"end":{"line":119,"column":51}}]},"6":{"line":123,"type":"binary-expr","locations":[{"start":{"line":123,"column":19},"end":{"line":123,"column":40}},{"start":{"line":124,"column":17},"end":{"line":124,"column":40}},{"start":{"line":124,"column":44},"end":{"line":124,"column":79}},{"start":{"line":125,"column":17},"end":{"line":125,"column":40}},{"start":{"line":125,"column":44},"end":{"line":125,"column":79}}]},"7":{"line":129,"type":"binary-expr","locations":[{"start":{"line":129,"column":19},"end":{"line":129,"column":57}},{"start":{"line":130,"column":16},"end":{"line":130,"column":76}}]},"8":{"line":130,"type":"binary-expr","locations":[{"start":{"line":130,"column":18},"end":{"line":130,"column":46}},{"start":{"line":130,"column":50},"end":{"line":130,"column":75}}]},"9":{"line":134,"type":"binary-expr","locations":[{"start":{"line":134,"column":19},"end":{"line":134,"column":56}},{"start":{"line":135,"column":16},"end":{"line":135,"column":76}}]},"10":{"line":135,"type":"binary-expr","locations":[{"start":{"line":135,"column":18},"end":{"line":135,"column":42}},{"start":{"line":135,"column":46},"end":{"line":135,"column":75}}]},"11":{"line":139,"type":"binary-expr","locations":[{"start":{"line":139,"column":19},"end":{"line":139,"column":57}},{"start":{"line":139,"column":61},"end":{"line":139,"column":88}}]},"12":{"line":143,"type":"binary-expr","locations":[{"start":{"line":143,"column":19},"end":{"line":143,"column":43}},{"start":{"line":143,"column":47},"end":{"line":143,"column":74}}]},"13":{"line":147,"type":"binary-expr","locations":[{"start":{"line":147,"column":19},"end":{"line":147,"column":48}},{"start":{"line":147,"column":53},"end":{"line":147,"column":78}},{"start":{"line":147,"column":82},"end":{"line":147,"column":110}}]},"14":{"line":151,"type":"binary-expr","locations":[{"start":{"line":151,"column":19},"end":{"line":151,"column":48}},{"start":{"line":151,"column":52},"end":{"line":151,"column":81}}]},"15":{"line":155,"type":"binary-expr","locations":[{"start":{"line":155,"column":22},"end":{"line":155,"column":54}},{"start":{"line":155,"column":58},"end":{"line":155,"column":87}},{"start":{"line":156,"column":16},"end":{"line":156,"column":51}},{"start":{"line":157,"column":16},"end":{"line":157,"column":51}}]},"16":{"line":161,"type":"binary-expr","locations":[{"start":{"line":161,"column":19},"end":{"line":161,"column":48}},{"start":{"line":161,"column":52},"end":{"line":161,"column":87}}]},"17":{"line":165,"type":"binary-expr","locations":[{"start":{"line":165,"column":19},"end":{"line":165,"column":48}},{"start":{"line":165,"column":52},"end":{"line":165,"column":82}}]},"18":{"line":169,"type":"binary-expr","locations":[{"start":{"line":169,"column":22},"end":{"line":169,"column":54}},{"start":{"line":169,"column":58},"end":{"line":169,"column":87}},{"start":{"line":170,"column":16},"end":{"line":170,"column":51}},{"start":{"line":171,"column":16},"end":{"line":171,"column":51}}]},"19":{"line":175,"type":"binary-expr","locations":[{"start":{"line":175,"column":22},"end":{"line":175,"column":53}},{"start":{"line":175,"column":57},"end":{"line":175,"column":85}},{"start":{"line":176,"column":16},"end":{"line":176,"column":50}},{"start":{"line":177,"column":16},"end":{"line":177,"column":50}}]},"20":{"line":240,"type":"if","locations":[{"start":{"line":240,"column":16},"end":{"line":240,"column":15}},{"start":{"line":240,"column":16},"end":{"line":240,"column":15}}]},"21":{"line":251,"type":"if","locations":[{"start":{"line":251,"column":28},"end":{"line":251,"column":27}},{"start":{"line":251,"column":28},"end":{"line":251,"column":27}}]},"22":{"line":263,"type":"if","locations":[{"start":{"line":263,"column":32},"end":{"line":263,"column":31}},{"start":{"line":263,"column":32},"end":{"line":263,"column":31}}]},"23":{"line":295,"type":"cond-expr","locations":[{"start":{"line":295,"column":48},"end":{"line":295,"column":78}},{"start":{"line":295,"column":81},"end":{"line":295,"column":90}}]},"24":{"line":296,"type":"cond-expr","locations":[{"start":{"line":296,"column":42},"end":{"line":296,"column":66}},{"start":{"line":296,"column":69},"end":{"line":296,"column":78}}]},"25":{"line":297,"type":"cond-expr","locations":[{"start":{"line":297,"column":44},"end":{"line":297,"column":70}},{"start":{"line":297,"column":73},"end":{"line":297,"column":82}}]},"26":{"line":298,"type":"cond-expr","locations":[{"start":{"line":298,"column":57},"end":{"line":298,"column":96}},{"start":{"line":298,"column":99},"end":{"line":298,"column":108}}]},"27":{"line":299,"type":"cond-expr","locations":[{"start":{"line":299,"column":51},"end":{"line":299,"column":84}},{"start":{"line":299,"column":87},"end":{"line":299,"column":96}}]},"28":{"line":300,"type":"cond-expr","locations":[{"start":{"line":300,"column":47},"end":{"line":300,"column":76}},{"start":{"line":300,"column":79},"end":{"line":300,"column":88}}]},"29":{"line":301,"type":"cond-expr","locations":[{"start":{"line":301,"column":44},"end":{"line":301,"column":70}},{"start":{"line":301,"column":73},"end":{"line":301,"column":82}}]},"30":{"line":302,"type":"cond-expr","locations":[{"start":{"line":302,"column":43},"end":{"line":302,"column":68}},{"start":{"line":302,"column":71},"end":{"line":302,"column":80}}]},"31":{"line":303,"type":"cond-expr","locations":[{"start":{"line":303,"column":51},"end":{"line":303,"column":84}},{"start":{"line":303,"column":87},"end":{"line":303,"column":96}}]},"32":{"line":304,"type":"cond-expr","locations":[{"start":{"line":304,"column":54},"end":{"line":304,"column":90}},{"start":{"line":304,"column":93},"end":{"line":304,"column":102}}]},"33":{"line":306,"type":"cond-expr","locations":[{"start":{"line":306,"column":51},"end":{"line":306,"column":84}},{"start":{"line":306,"column":87},"end":{"line":306,"column":96}}]},"34":{"line":308,"type":"cond-expr","locations":[{"start":{"line":308,"column":50},"end":{"line":308,"column":82}},{"start":{"line":308,"column":85},"end":{"line":308,"column":94}}]},"35":{"line":309,"type":"cond-expr","locations":[{"start":{"line":309,"column":53},"end":{"line":309,"column":88}},{"start":{"line":309,"column":91},"end":{"line":309,"column":100}}]},"36":{"line":311,"type":"cond-expr","locations":[{"start":{"line":311,"column":43},"end":{"line":311,"column":68}},{"start":{"line":311,"column":71},"end":{"line":311,"column":80}}]},"37":{"line":312,"type":"cond-expr","locations":[{"start":{"line":312,"column":44},"end":{"line":312,"column":70}},{"start":{"line":312,"column":73},"end":{"line":312,"column":82}}]},"38":{"line":313,"type":"cond-expr","locations":[{"start":{"line":313,"column":51},"end":{"line":313,"column":84}},{"start":{"line":313,"column":87},"end":{"line":313,"column":96}}]},"39":{"line":314,"type":"cond-expr","locations":[{"start":{"line":314,"column":52},"end":{"line":314,"column":86}},{"start":{"line":314,"column":89},"end":{"line":314,"column":98}}]},"40":{"line":318,"type":"if","locations":[{"start":{"line":318,"column":8},"end":{"line":318,"column":7}},{"start":{"line":318,"column":8},"end":{"line":318,"column":7}}]},"41":{"line":321,"type":"if","locations
[...]
urceLanguage = this.sourceLanguage;\n        uniteConfiguration.linter = this.linter;\n        uniteConfiguration.unitTestRunner = this.unitTestRunner;\n        uniteConfiguration.unitTestFramework = this.unitTestFramework;\n        uniteConfiguration.unitTestEngine = this.unitTestEngine;\n        uniteConfiguration.e2eTestRunner = this.e2eTestRunner;\n        uniteConfiguration.e2eTestFramework = this.e2eTestFramework;\n        uniteConfiguration.cssPre = this.cssPre;\n        uniteConfiguration.cssPost = this.cssPost;\n        uniteConfiguration.packageManager = this.packageManager;\n        uniteConfiguration.outputDirectory = this.outputDirectory;\n\n        let profile: UniteConfiguration;\n\n        if (this.profile) {\n            const item = this.profiles.find((p) => p.id === this.profile);\n            if (item) {\n                profile = item.config;\n            }\n        }\n\n        LocalStorage.set(\"uniteConfiguration\", uniteConfiguration);\n        LocalStorage.set(\"profile\", this.profile);\n\n        this.controller.validate()\n            .then((result) => {\n                if (result.valid) {\n                    this.commandLine = `unite configure` +\n                        ` --packageName=${this.packageName}` +\n                        ` --title=\"${this.title}\"` +\n                        (this.profile === undefined\n                            ? \"\" : ` --profile=${this.profile}`) +\n                        this.generateArg(profile, uniteConfiguration, \"license\") +\n                        this.generateArg(profile, uniteConfiguration, \"applicationFramework\", \"appFramework\") +\n                        this.generateArg(profile, uniteConfiguration, \"moduleType\") +\n                        this.generateArg(profile, uniteConfiguration, \"bundler\") +\n                        this.generateArg(profile, uniteConfiguration, \"sourceLanguage\") +\n                        this.generateArg(profile, uniteConfiguration, \"linter\") +\n                        this.generateArg(profile, uniteConfiguration, \"unitTestRunner\") +\n                        this.generateArg(profile, uniteConfiguration, \"unitTestFramework\") +\n                        this.generateArg(profile, uniteConfiguration, \"unitTestEngine\") +\n                        this.generateArg(profile, uniteConfiguration, \"e2eTestRunner\") +\n                        this.generateArg(profile, uniteConfiguration, \"e2eTestFramework\") +\n                        this.generateArg(profile, uniteConfiguration, \"cssPre\") +\n                        this.generateArg(profile, uniteConfiguration, \"cssPost\") +\n                        this.generateArg(profile, uniteConfiguration, \"packageManager\") +\n                        (this.outputDirectory === undefined ||\n                            this.outputDirectory === null ||\n                            this.outputDirectory.length === 0\n                            ? \"\" : ` --outputDirectory=${this.outputDirectory}`);\n                } else {\n                    this.commandLine = \"The parameter choices are not all valid.\";\n                }\n            });\n    }\n\n    public generateArg(profile: UniteConfiguration,\n                       uniteConfiguration: UniteConfiguration,\n                       propertyName: keyof UniteConfiguration,\n                       argName?: string): string {\n        if (profile && profile[propertyName] === uniteConfiguration[propertyName]) {\n            return \"\";\n        } else if (uniteConfiguration[propertyName] === undefined) {\n            return \"\";\n        } else {\n            return ` --${argName ? argName : propertyName}=${uniteConfiguration[propertyName]}`;\n        }\n    }\n\n    public clear(): void {\n        LocalStorage.remove(\"uniteConfiguration\");\n        LocalStorage.remove(\"profile\");\n\n        this.defaultValues();\n        this.commandLine = undefined;\n\n        setTimeout(() => this.controller.reset(), 0);\n    }\n\n    public copyToClipboard(): void {\n        Clipboard.copyTo(this.commandLine);\n    }\n}\n","l":{"17":0,"21":0,"23":0,"26":0,"30":0,"34":0,"38":0,"42":0,"46":0,"50":0,"54":0,"58":0,"63":0,"68":0,"72":0,"77":0,"81":0,"85":0,"89":0,"95":0,"96":0,"98":0,"100":0,"102":0,"103":0,"107":0,"108":0,"112":0,"113":0,"117":0,"118":0,"122":0,"123":0,"128":0,"129":0,"133":0,"134":0,"138":0,"139":0,"142":0,"143":0,"146":0,"147":0,"150":0,"151":0,"154":0,"155":0,"160":0,"161":0,"164":0,"165":0,"168":0,"169":0,"174":0,"175":0,"180":0,"181":0,"188":0,"189":0,"190":0,"196":0,"199":0,"206":0,"215":0,"218":0,"219":0,"223":0,"227":0,"228":0,"230":0,"231":0,"232":0,"236":0,"237":0,"238":0,"240":0,"241":0,"243":0,"244":0,"245":0,"248":0,"249":0,"251":0,"252":0,"253":0,"254":0,"255":0,"258":0,"259":0,"261":0,"263":0,"264":0,"267":0,"271":0,"275":0,"279":0,"280":0,"281":0,"282":0,"283":0,"284":0,"285":0,"286":0,"287":0,"288":0,"289":0,"290":0,"291":0,"292":0,"294":0,"295":0,"296":0,"297":0,"298":0,"299":0,"300":0,"301":0,"302":0,"303":0,"304":0,"305":0,"306":0,"307":0,"308":0,"309":0,"310":0,"311":0,"312":0,"313":0,"314":0,"317":0,"318":0,"319":0,"321":0,"322":0,"323":0,"324":0,"325":0,"326":0,"327":0,"328":0,"329":0,"330":0,"331":0,"332":0,"333":0,"334":0,"335":0,"336":0,"337":0,"338":0,"343":0,"344":0,"347":0,"348":0,"349":0,"350":0,"353":0,"354":0,"355":0,"358":0,"359":0,"362":0,"363":0,"366":0,"367":0,"368":0,"369":0,"370":0,"371":0,"373":0,"374":0,"376":0,"377":0,"378":0,"381":0,"382":0,"385":0,"386":0,"389":0,"390":0,"391":0,"392":0,"394":0,"396":0,"399":0,"400":0,"401":0,"402":0,"403":0,"404":0,"405":0,"406":0,"407":0,"408":0,"409":0,"410":0,"411":0,"412":0,"413":0,"414":0,"415":0,"416":0,"417":0,"419":0,"421":0,"422":0,"423":0,"424":0,"428":0,"429":0,"431":0,"433":0,"434":0,"458":0,"463":0,"467":0,"468":0,"469":0,"470":0,"472":0,"476":0,"477":0,"478":0,"480":0,"481":0,"483":0,"486":0,"487":0,"489":0}},
"D:\\Workarea\\unitejs\\web\\www\\dist\\home\\home.ts":{"path":"D:\\Workarea\\unitejs\\web\\www\\dist\\home\\home.ts","statementMap":{"1":{"start":{"line":4,"column":0},"end":{"line":5,"column":1}},"2":{"start":{"line":5,"column":0},"end":{"line":5,"column":1}},"3":{"start":{"line":4,"column":13},"end":{"line":4,"column":17}}},"fnMap":{"1":{"name":"(anonymous_2)","line":4,"loc":{"start":{"line":4,"column":0},"end":{"line":null,"column":-1}}}},"branchMap":{},"s":{"1":0,"2":0,"3":0},"b":{},"f":{"1":0},"code":"/**\n * Home class.\n */\nexport class Home {\n}\n","l":{"4":0,"5":0}},
"D:\\Workarea\\unitejs\\web\\www\\dist\\info\\about.ts":{"path":"D:\\Workarea\\unitejs\\web\\www\\dist\\info\\about.ts","statementMap":{"1":{"start":{"line":4,"column":0},"end":{"line":5,"column":1}},"2":{"start":{"line":5,"column":0},"end":{"line":5,"column":1}},"3":{"start":{"line":4,"column":13},"end":{"line":4,"column":18}}},"fnMap":{"1":{"name":"(anonymous_2)","line":4,"loc":{"start":{"line":4,"column":0},"end":{"line":null,"column":-1}}}},"branchMap":{},"s":{"1":0,"2":0,"3":0},"b":{},"f":{"1":0},"code":"/**\n * About class.\n */\nexport class About {\n}\n","l":{"4":0,"5":0}},
"D:\\Workarea\\unitejs\\web\\www\\dist\\info\\license.ts":{"path":"D:\\Workarea\\unitejs\\web\\www\\dist\\info\\license.ts","statementMap":{"1":{"start":{"line":4,"column":0},"end":{"line":5,"column":1}},"2":{"start":{"line":5,"column":0},"end":{"line":5,"column":1}},"3":{"start":{"line":4,"column":13},"end":{"line":4,"column":20}}},"fnMap":{"1":{"name":"(anonymous_2)","line":4,"loc":{"start":{"line":4,"column":0},"end":{"line":null,"column":-1}}}},"branchMap":{},"s":{"1":0,"2":0,"3":0},"b":{},"f":{"1":0},"code":"/**\n * License class.\n */\nexport class License {\n}\n","l":{"4":0,"5":0}},
"D:\\Workarea\\unitejs\\web\\www\\dist\\info\\media.ts":{"path":"D:\\Workarea\\unitejs\\web\\www\\dist\\info\\media.ts","statementMap":{"1":{"start":{"line":4,"column":0},"end":{"line":5,"column":1}},"2":{"start":{"line":5,"column":0},"end":{"line":5,"column":1}},"3":{"start":{"line":4,"column":13},"end":{"line":4,"column":18}}},"fnMap":{"1":{"name":"(anonymous_2)","line":4,"loc":{"start":{"line":4,"column":0},"end":{"line":null,"column":-1}}}},"branchMap":{},"s":{"1":0,"2":0,"3":0},"b":{},"f":{"1":0},"code":"/**\n * Media class.\n */\nexport class Media {\n}\n","l":{"4":0,"5":0}},
"D:\\Workarea\\unitejs\\web\\www\\dist\\info\\theTeam.ts":{"path":"D:\\Workarea\\unitejs\\web\\www\\dist\\info\\theTeam.ts","statementMap":{"1":{"start":{"line":4,"column":0},"end":{"line":5,"column":1}},"2":{"start":{"line":5,"column":0},"end":{"line":5,"column":1}},"3":{"start":{"line":4,"column":13},"end":{"line":4,"column":20}}},"fnMap":{"1":{"name":"(anonymous_2)","line":4,"loc":{"start":{"line":4,"column":0},"end":{"line":null,"column":-1}}}},"branchMap":{},"s":{"1":0,"2":0,"3":0},"b":{},"f":{"1":0},"code":"/**\n * TheTeam class.\n */\nexport class TheTeam {\n}\n","l":{"4":0,"5":0}},
"D:\\Workarea\\unitejs\\web\\www\\dist\\models\\uniteConfiguration.ts":{"path":"D:\\Workarea\\unitejs\\web\\www\\dist\\models\\uniteConfiguration.ts","statementMap":{"1":{"start":{"line":4,"column":0},"end":{"line":22,"column":1}},"2":{"start":{"line":22,"column":0},"end":{"line":22,"column":1}},"3":{"start":{"line":4,"column":13},"end":{"line":4,"column":31}}},"fnMap":{"1":{"name":"(anonymous_2)","line":4,"loc":{"start":{"line":4,"column":0},"end":{"line":null,"column":-1}}}},"branchMap":{},"s":{"1":0,"2":0,"3":0},"b":{},"f":{"1":0},"code":"/**\n * Model of Unite Configuration (unite.json) file.\n */\nexport class UniteConfiguration {\n    public packageName: string;\n    public title: string;\n    public license: string;\n    public applicationFramework: string;\n    public moduleType: string;\n    public bundler: string;\n    public sourceLanguage: string;\n    public linter: string;\n    public unitTestRunner: string;\n    public unitTestFramework: string;\n    public unitTestEngine: string;\n    public e2eTestRunner: string;\n    public e2eTestFramework: string;\n    public cssPre: string;\n    public cssPost: string;\n    public packageManager: string;\n    public outputDirectory: string;\n}\n","l":{"4":0,"22":0}},
"D:\\Workarea\\unitejs\\web\\www\\dist\\navBar.ts":{"path":"D:\\Workarea\\unitejs\\web\\www\\dist\\navBar.ts","statementMap":{"1":{"start":{"line":8,"column":0},"end":{"line":32,"column":1}},"2":{"start":{"line":14,"column":11},"end":{"line":31,"column":5}},"3":{"start":{"line":15,"column":8},"end":{"line":15,"column":39}},"4":{"start":{"line":10,"column":4},"end":{"line":10,"column":26}},"5":{"start":{"line":8,"column":13},"end":{"line":32,"column":1}},"6":{"start":{"line":32,"column":0},"end":{"line":32,"column":1}},"7":{"start":{"line":8,"column":13},"end":{"line":8,"column":19}}},"fnMap":{"1":{"name":"(anonymous_3)","line":8,"loc":{"start":{"line":8,"column":0},"end":{"line":null,"column":-1}}},"2":{"name":"(anonymous_5)","line":14,"loc":{"start":{"line":14,"column":4},"end":{"line":null,"column":-1}}}},"branchMap":{},"s":{"1":0,"2":0,"3":0,"4":0,"5":0,"6":0,"7":0},"b":{},"f":{"1":0,"2":0},"code":"/**\n * NavBar class.\n */\nimport { Router } from \"aurelia-router\";\nimport { bindable, customElement } from \"aurelia-templating\";\n\n@customElement(\"nav-bar\")\nexport class NavBar {\n    @bindable\n    public router: Router;\n\n    public version: string;\n\n    public attached(): void {\n        this.version = \"Engine v1.2.4\";\n        // registry.npmjs.org CORS fails\n        // const httpClient = new HttpClient();\n        // httpClient.get(\"https://registry.npmjs.org/unitejs-cli/\")\n        //     .then((response) => {\n        //         if (response.statusCode === 200) {\n        //             if (response.content &&\n        //                 response.content[\"dist-tags\"] &&\n        //                 response.content[\"dist-tags\"].latest) {\n        //                 this.version = \"v\" + response.content[\"dist-tags\"].latest;\n        //             }\n        //         }\n        //     })\n        //     .catch((err) => {\n        //         // Just don't display the version its not critical\n        //     });\n    }\n}\n","l":{"8":0,"10":0,"14":0,"15":0,"32":0}},
"D:\\Workarea\\unitejs\\web\\www\\dist\\navFooter.ts":{"path":"D:\\Workarea\\unitejs\\web\\www\\dist\\navFooter.ts","statementMap":{"1":{"start":{"line":7,"column":0},"end":{"line":8,"column":1}},"2":{"start":{"line":7,"column":13},"end":{"line":8,"column":1}},"3":{"start":{"line":8,"column":0},"end":{"line":8,"column":1}},"4":{"start":{"line":7,"column":13},"end":{"line":7,"column":22}}},"fnMap":{"1":{"name":"(anonymous_3)","line":7,"loc":{"start":{"line":7,"column":0},"end":{"line":null,"column":-1}}}},"branchMap":{},"s":{"1":0,"2":0,"3":0,"4":0},"b":{},"f":{"1":0},"code":"/**\n * NavFooter class.\n */\nimport { customElement } from \"aurelia-templating\";\n\n@customElement(\"nav-footer\")\nexport class NavFooter {\n}\n","l":{"7":0,"8":0}},
"D:\\Workarea\\unitejs\\web\\www\\dist\\validation\\bootstrapFormRenderer.ts":{"path":"D:\\Workarea\\unitejs\\web\\www\\dist\\validation\\bootstrapFormRenderer.ts","statementMap":{"1":{"start":{"line":7,"column":0},"end":{"line":57,"column":1}},"2":{"start":{"line":8,"column":11},"end":{"line":20,"column":5}},"3":{"start":{"line":9,"column":8},"end":{"line":13,"column":9}},"4":{"start":{"line":9,"column":19},"end":{"line":9,"column":37}},"5":{"start":{"line":10,"column":12},"end":{"line":12,"column":13}},"6":{"start":{"line":10,"column":17},"end":{"line":10,"column":30}},"7":{"start":{"line":11,"column":16},"end":{"line":11,"column":45}},"8":{"start":{"line":15,"column":8},"end":{"line":19,"column":9}},"9":{"start":{"line":15,"column":19},"end":{"line":15,"column":37}},"10":{"start":{"line":16,"column":12},"end":{"line":18,"column":13}},"11":{"start":{"line":16,"column":17},"end":{"line":16,"column":30}},"12":{"start":{"line":17,"column":16},"end":{"line":17,"column":42}},"13":{"start":{"line":22,"column":11},"end":{"line":41,"column":5}},"14":{"start":{"line":23,"column":8},"end":{"line":23,"column":57}},"15":{"start":{"line":24,"column":8},"end":{"line":26,"column":9}},"16":{"start":{"line":25,"column":12},"end":{"line":25,"column":19}},"17":{"start":{"line":28,"column":8},"end":{"line":40,"column":9}},"18":{"start":{"line":29,"column":12},"end":{"line":31,"column":13}},"19":{"start":{"line":30,"column":16},"end":{"line":30,"column":56}},"20":{"start":{"line":33,"column":12},"end":{"line":33,"column":53}},"21":{"start":{"line":34,"column":12},"end":{"line":34,"column":54}},"22":{"start":{"line":35,"column":12},"end":{"line":35,"column":59}},"23":{"start":{"line":36,"column":12},"end":{"line":36,"column":51}},"24":{"start":{"line":37,"column":12},"end":{"line":37,"column":49}},"25":{"start":{"line":38,"column":12},"end":{"line":38,"column":59}},"26":{"start":{"line":39,"column":12},"end":{"line":39,"column":43}},"27":{"start":{"line":43,"column":11},"end":{"line":56,"column":5}},"28":{"start":{"line":44,"column":8},"end":{"line":44,"column":51}},"29":{"start":{"line":45,"column":8},"end":{"line":45,"column":49}},"30":{"start":{"line":47,"column":8},"end":{"line":47,"column":57}},"31":{"start":{"line":48,"column":8},"end":{"line":50,"column":9}},"32":{"start":{"line":49,"column":12},"end":{"line":49,"column":19}},"33":{"start":{"line":52,"column":8},"end":{"line":52,"column":84}},"34":{"start":{"line":53,"column":8},"end":{"line":55,"column":9}},"35":{"start":{"line":54,"column":12},"end":{"line":54,"column":43}},"36":{"start":{"line":57,"column":0},"end":{"line":57,"column":1}},"37":{"start":{"line":7,"column":13},"end":{"line":7,"column":34}}},"fnMap":{"1":{"name":"(anonymous_2)","line":7,"loc":{"start":{"line":7,"column":0},"end":{"line":null,"column":-1}}},"2":{"name":"(anonymous_4)","line":8,"loc":{"start":{"line":8,"column":4},"end":{"line":8,"column":48}}},"3":{"name":"(anonymous_5)","line":22,"loc":{"start":{"line":22,"column":4},"end":{"line":22,"column":55}}},"4":{"name":"(anonymous_6)","line":43,"loc":{"start":{"line":43,"column":4},"end":{"line":43,"column":58}}}},"branchMap":{"1":{"line":24,"type":"if","locations":[{"start":{"line":24,"column":8},"end":{"line":24,"column":7}},{"start":{"line":24,"column":8},"end":{"line":24,"column":7}}]},"2":{"line":28,"type":"if","locations":[{"start":{"line":28,"column":8},"end":{"line":28,"column":7}},{"start":{"line":28,"column":8},"end":{"line":28,"column":7}}]},"3":{"line":29,"type":"if","locations":[{"start":{"line":29,"column":12},"end":{"line":29,"column":11}},{"start":{"line":29,"column":12},"end":{"line":29,"column":11}}]},"4":{"line":48,"type":"if","locations":[{"start":{"line":48,"column":8},"end":{"line":48,"column":7}},{"start":{"line":48,"column":8},"end":{"line":48,"column":7}}]},"5":{"line":53,"type":"if","locations":[{"start":{"line":53,"column":8},"end":{"line":53,"column":7}},{"start":{"line":53,"column":8},"end":{"line":53,"column":7}}]}},"s":{"1":0,"2":0,"3":0,"4":0,"5":0,"6":0,"7":0,"8":0,"9":0,"10":0,"11":0,"12":0,"13":0,"14":0,"15":0,"16":0,"17":0,"18":0,"19":0,"20":0,"21":0,"22":0,"23":0,"24":0,"25":0,"26":0,"27":0,"28":0,"29":0,"30":0,"31":0,"32":0,"33":0,"34":0,"35":0,"36":0,"37":0},"b":{"1":[0,0],"2":[0,0],"3":[0,0],"4":[0,0],"5":[0,0]},"f":{"1":0,"2":0,"3":0,"4":0},"code":"/**\n * Bootstrap 4 form renderer for Aurelia form validation.\n */\nimport { RenderInstruction, ValidateResult } from \"aurelia-validation\";\nimport { Style } from \"../domHelpers/style\";\n\nexport class BootstrapFormRenderer {\n    public render(instruction: RenderInstruction): void {\n        for (const { result, elements } of instruction.unrender) {\n            for (const element of elements) {\n                this.remove(element, result);\n            }\n        }\n\n        for (const { result, elements } of instruction.render) {\n            for (const element of elements) {\n                this.add(element, result);\n            }\n        }\n    }\n\n    public add(element: Element, result: ValidateResult): void {\n        const formGroup = element.closest(\".form-group\");\n        if (!formGroup) {\n            return;\n        }\n\n        if (result.valid) {\n            if (!Style.has(element, \"is-invalid\")) {\n                Style.toggle(element, \"is-valid\", true);\n            }\n        } else {\n            Style.toggle(element, \"is-valid\", false);\n            Style.toggle(element, \"is-invalid\", true);\n            const message = document.createElement(\"span\");\n            message.className = \"invalid-feedback\";\n            message.textContent = result.message;\n            message.id = `validation-message-${result.id}`;\n            formGroup.appendChild(message);\n        }\n    }\n\n    public remove(element: Element, result: ValidateResult): void {\n        Style.toggle(element, \"is-invalid\", false);\n        Style.toggle(element, \"is-valid\", false);\n\n        const formGroup = element.closest(\".form-group\");\n        if (!formGroup) {\n            return;\n        }\n\n        const message = formGroup.querySelector(`#validation-message-${result.id}`);\n        if (message) {\n            formGroup.removeChild(message);\n        }\n    }\n}\n","l":{"7":0,"8":0,"9":0,"10":0,"11":0,"15":0,"16":0,"17":0,"22":0,"23":0,"24":0,"25":0,"28":0,"29":0,"30":0,"33":0,"34":0,"35":0,"36":0,"37":0,"38":0,"39":0,"43":0,"44":0,"45":0,"47":0,"48":0,"49":0,"52":0,"53":0,"54":0,"57":0}},
"D:\\Workarea\\unitejs\\web\\www\\dist\\whatsNew\\whatsNew.ts":{"path":"D:\\Workarea\\unitejs\\web\\www\\dist\\whatsNew\\whatsNew.ts","statementMap":{"1":{"start":{"line":4,"column":0},"end":{"line":5,"column":1}},"2":{"start":{"line":5,"column":0},"end":{"line":5,"column":1}},"3":{"start":{"line":4,"column":13},"end":{"line":4,"column":21}}},"fnMap":{"1":{"name":"(anonymous_2)","line":4,"loc":{"start":{"line":4,"column":0},"end":{"line":null,"column":-1}}}},"branchMap":{},"s":{"1":0,"2":0,"3":0},"b":{},"f":{"1":0},"code":"/**\n * WhatsNew class.\n */\nexport class WhatsNew {\n}\n","l":{"4":0,"5":0}}}
