{
"D:\\Workarea\\unitejs\\web\\www\\dist\\app.js":{"path":"D:\\Workarea\\unitejs\\web\\www\\dist\\app.js","s":{"1":1,"2":1,"3":1,"4":1,"5":1,"6":0,"7":0,"8":0,"9":1,"10":1},"b":{},"f":{"1":1,"2":1,"3":1,"4":0},"fnMap":{"1":{"name":"(anonymous_1)","line":1,"loc":{"start":{"line":1,"column":31},"end":{"line":1,"column":59}}},"2":{"name":"(anonymous_2)","line":4,"loc":{"start":{"line":4,"column":29},"end":{"line":4,"column":41}}},"3":{"name":"App","line":5,"loc":{"start":{"line":5,"column":8},"end":{"line":5,"column":23}}},"4":{"name":"(anonymous_4)","line":7,"loc":{"start":{"line":7,"column":40},"end":{"line":7,"column":66}}}},"statementMap":{"1":{"start":{"line":1,"column":0},"end":{"line":38,"column":3}},"2":{"start":{"line":3,"column":4},"end":{"line":3,"column":66}},"3":{"start":{"line":4,"column":4},"end":{"line":36,"column":9}},"4":{"start":{"line":5,"column":8},"end":{"line":6,"column":9}},"5":{"start":{"line":7,"column":8},"end":{"line":34,"column":10}},"6":{"start":{"line":8,"column":12},"end":{"line":8,"column":37}},"7":{"start":{"line":9,"column":12},"end":{"line":32,"column":15}},"8":{"start":{"line":33,"column":12},"end":{"line":33,"column":33}},"9":{"start":{"line":35,"column":8},"end":{"line":35,"column":19}},"10":{"start":{"line":37,"column":4},"end":{"line":37,"column":22}}},"branchMap":{},"l":{"1":1,"3":1,"4":1,"5":1,"7":1,"8":0,"9":0,"33":0,"35":1,"37":1}},
"D:\\Workarea\\unitejs\\web\\www\\dist\\bootstrapper.js":{"path":"D:\\Workarea\\unitejs\\web\\www\\dist\\bootstrapper.js","s":{"1":1,"2":1,"3":1,"4":0,"5":0,"6":0,"7":0,"8":0,"9":0,"10":0,"11":0,"12":0,"13":1},"b":{"1":[0,0]},"f":{"1":1,"2":0,"3":0,"4":0},"fnMap":{"1":{"name":"(anonymous_1)","line":1,"loc":{"start":{"line":1,"column":55},"end":{"line":1,"column":107}}},"2":{"name":"bootstrap","line":4,"loc":{"start":{"line":4,"column":4},"end":{"line":4,"column":25}}},"3":{"name":"(anonymous_3)","line":5,"loc":{"start":{"line":5,"column":41},"end":{"line":5,"column":60}}},"4":{"name":"(anonymous_4)","line":14,"loc":{"start":{"line":14,"column":22},"end":{"line":14,"column":34}}}},"statementMap":{"1":{"start":{"line":1,"column":0},"end":{"line":23,"column":3}},"2":{"start":{"line":3,"column":4},"end":{"line":3,"column":66}},"3":{"start":{"line":4,"column":4},"end":{"line":21,"column":5}},"4":{"start":{"line":5,"column":8},"end":{"line":20,"column":11}},"5":{"start":{"line":6,"column":12},"end":{"line":9,"column":46}},"6":{"start":{"line":10,"column":12},"end":{"line":12,"column":13}},"7":{"start":{"line":11,"column":16},"end":{"line":11,"column":49}},"8":{"start":{"line":13,"column":12},"end":{"line":19,"column":15}},"9":{"start":{"line":15,"column":16},"end":{"line":15,"column":59}},"10":{"start":{"line":16,"column":16},"end":{"line":16,"column":50}},"11":{"start":{"line":17,"column":16},"end":{"line":17,"column":53}},"12":{"start":{"line":18,"column":16},"end":{"line":18,"column":31}},"13":{"start":{"line":22,"column":4},"end":{"line":22,"column":34}}},"branchMap":{"1":{"line":10,"type":"if","locations":[{"start":{"line":10,"column":12},"end":{"line":10,"column":12}},{"start":{"line":10,"column":12},"end":{"line":10,"column":12}}]}},"l":{"1":1,"3":1,"4":1,"5":0,"6":0,"10":0,"11":0,"13":0,"15":0,"16":0,"17":0,"18":0,"22":1}},
"D:\\Workarea\\unitejs\\web\\www\\dist\\child\\child.js":{"path":"D:\\Workarea\\unitejs\\web\\www\\dist\\child\\child.js","s":{"1":0,"2":0,"3":0,"4":0,"5":0,"6":0,"7":0},"b":{},"f":{"1":0,"2":0,"3":0},"fnMap":{"1":{"name":"(anonymous_1)","line":1,"loc":{"start":{"line":1,"column":31},"end":{"line":1,"column":59}}},"2":{"name":"(anonymous_2)","line":7,"loc":{"start":{"line":7,"column":31},"end":{"line":7,"column":43}}},"3":{"name":"Child","line":8,"loc":{"start":{"line":8,"column":8},"end":{"line":8,"column":25}}}},"statementMap":{"1":{"start":{"line":1,"column":0},"end":{"line":14,"column":3}},"2":{"start":{"line":3,"column":4},"end":{"line":3,"column":66}},"3":{"start":{"line":7,"column":4},"end":{"line":12,"column":9}},"4":{"start":{"line":8,"column":8},"end":{"line":10,"column":9}},"5":{"start":{"line":9,"column":12},"end":{"line":9,"column":50}},"6":{"start":{"line":11,"column":8},"end":{"line":11,"column":21}},"7":{"start":{"line":13,"column":4},"end":{"line":13,"column":26}}},"branchMap":{},"l":{"1":0,"3":0,"7":0,"8":0,"9":0,"11":0,"13":0}},
"D:\\Workarea\\unitejs\\web\\www\\dist\\documentation\\documentation.js":{"path":"D:\\Workarea\\unitejs\\web\\www\\dist\\documentation\\documentation.js","s":{"1":0,"2":0,"3":0,"4":0,"5":0,"6":0},"b":{},"f":{"1":0,"2":0,"3":0},"fnMap":{"1":{"name":"(anonymous_1)","line":1,"loc":{"start":{"line":1,"column":31},"end":{"line":1,"column":59}}},"2":{"name":"(anonymous_2)","line":7,"loc":{"start":{"line":7,"column":39},"end":{"line":7,"column":51}}},"3":{"name":"Documentation","line":8,"loc":{"start":{"line":8,"column":8},"end":{"line":8,"column":33}}}},"statementMap":{"1":{"start":{"line":1,"column":0},"end":{"line":13,"column":3}},"2":{"start":{"line":3,"column":4},"end":{"line":3,"column":66}},"3":{"start":{"line":7,"column":4},"end":{"line":11,"column":9}},"4":{"start":{"line":8,"column":8},"end":{"line":9,"column":9}},"5":{"start":{"line":10,"column":8},"end":{"line":10,"column":29}},"6":{"start":{"line":12,"column":4},"end":{"line":12,"column":42}}},"branchMap":{},"l":{"1":0,"3":0,"7":0,"8":0,"10":0,"12":0}},
"D:\\Workarea\\unitejs\\web\\www\\dist\\examples\\examples.js":{"path":"D:\\Workarea\\unitejs\\web\\www\\dist\\examples\\examples.js","s":{"1":0,"2":0,"3":0,"4":0,"5":0,"6":0},"b":{},"f":{"1":0,"2":0,"3":0},"fnMap":{"1":{"name":"(anonymous_1)","line":1,"loc":{"start":{"line":1,"column":31},"end":{"line":1,"column":59}}},"2":{"name":"(anonymous_2)","line":7,"loc":{"start":{"line":7,"column":34},"end":{"line":7,"column":46}}},"3":{"name":"Examples","line":8,"loc":{"start":{"line":8,"column":8},"end":{"line":8,"column":28}}}},"statementMap":{"1":{"start":{"line":1,"column":0},"end":{"line":13,"column":3}},"2":{"start":{"line":3,"column":4},"end":{"line":3,"column":66}},"3":{"start":{"line":7,"column":4},"end":{"line":11,"column":9}},"4":{"start":{"line":8,"column":8},"end":{"line":9,"column":9}},"5":{"start":{"line":10,"column":8},"end":{"line":10,"column":24}},"6":{"start":{"line":12,"column":4},"end":{"line":12,"column":32}}},"branchMap":{},"l":{"1":0,"3":0,"7":0,"8":0,"10":0,"12":0}},
"D:\\Workarea\\unitejs\\web\\www\\dist\\gettingStarted\\gettingStarted.js":{"path":"D:\\Workarea\\unitejs\\web\\www\\dist\\gettingStarted\\gettingStarted.js","s":{"1":0,"2":0,"3":0,"4":0,"5":0,"6":0},"b":{},"f":{"1":0,"2":0,"3":0},"fnMap":{"1":{"name":"(anonymous_1)","line":1,"loc":{"start":{"line":1,"column":31},"end":{"line":1,"column":59}}},"2":{"name":"(anonymous_2)","line":7,"loc":{"start":{"line":7,"column":40},"end":{"line":7,"column":52}}},"3":{"name":"GettingStarted","line":8,"loc":{"start":{"line":8,"column":8},"end":{"line":8,"column":34}}}},"statementMap":{"1":{"start":{"line":1,"column":0},"end":{"line":13,"column":3}},"2":{"start":{"line":3,"column":4},"end":{"line":3,"column":66}},"3":{"start":{"line":7,"column":4},"end":{"line":11,"column":9}},"4":{"start":{"line":8,"column":8},"end":{"line":9,"column":9}},"5":{"start":{"line":10,"column":8},"end":{"line":10,"column":30}},"6":{"start":{"line":12,"column":4},"end":{"line":12,"column":44}}},"branchMap":{},"l":{"1":0,"3":0,"7":0,"8":0,"10":0,"12":0}},
"D:\\Workarea\\unitejs\\web\\www\\dist\\home\\home.js":{"path":"D:\\Workarea\\unitejs\\web\\www\\dist\\home\\home.js","s":{"1":0,"2":0,"3":0,"4":0,"5":0,"6":0},"b":{},"f":{"1":0,"2":0,"3":0},"fnMap":{"1":{"name":"(anonymous_1)","line":1,"loc":{"start":{"line":1,"column":31},"end":{"line":1,"column":59}}},"2":{"name":"(anonymous_2)","line":7,"loc":{"start":{"line":7,"column":30},"end":{"line":7,"column":42}}},"3":{"name":"Home","line":8,"loc":{"start":{"line":8,"column":8},"end":{"line":8,"column":24}}}},"statementMap":{"1":{"start":{"line":1,"column":0},"end":{"line":13,"column":3}},"2":{"start":{"line":3,"column":4},"end":{"line":3,"column":66}},"3":{"start":{"line":7,"column":4},"end":{"line":11,"column":9}},"4":{"start":{"line":8,"column":8},"end":{"line":9,"column":9}},"5":{"start":{"line":10,"column":8},"end":{"line":10,"column":20}},"6":{"start":{"line":12,"column":4},"end":{"line":12,"column":24}}},"branchMap":{},"l":{"1":0,"3":0,"7":0,"8":0,"10":0,"12":0}},
"D:\\Workarea\\unitejs\\web\\www\\dist\\navBar.js":{"path":"D:\\Workarea\\unitejs\\web\\www\\dist\\navBar.js","s":{"1":0,"2":0,"3":0,"4":0,"5":0,"6":0,"7":0,"8":0,"9":0,"10":0,"11":0,"12":0,"13":0,"14":0,"15":0,"16":0,"17":0,"18":0,"19":0,"20":0,"21":0,"22":0,"23":0},"b":{"1":[0,0,0],"2":[0,0],"3":[0,0],"4":[0,0],"5":[0,0],"6":[0,0],"7":[0,0],"8":[0,0],"9":[0,0],"10":[0,0,0],"11":[0,0],"12":[0,0,0]},"f":{"1":0,"2":0,"3":0,"4":0,"5":0,"6":0,"7":0,"8":0},"fnMap":{"1":{"name":"(anonymous_1)","line":1,"loc":{"start":{"line":1,"column":46},"end":{"line":1,"column":87}}},"2":{"name":"(anonymous_2)","line":7,"loc":{"start":{"line":7,"column":77},"end":{"line":7,"column":151}}},"3":{"name":"(anonymous_3)","line":10,"loc":{"start":{"line":10,"column":32},"end":{"line":10,"column":44}}},"4":{"name":"NavBar","line":11,"loc":{"start":{"line":11,"column":8},"end":{"line":11,"column":26}}},"5":{"name":"(anonymous_5)","line":13,"loc":{"start":{"line":13,"column":36},"end":{"line":13,"column":48}}},"6":{"name":"(anonymous_6)","line":17,"loc":{"start":{"line":17,"column":22},"end":{"line":17,"column":42}}},"7":{"name":"(anonymous_7)","line":18,"loc":{"start":{"line":18,"column":22},"end":{"line":18,"column":38}}},"8":{"name":"(anonymous_8)","line":23,"loc":{"start":{"line":23,"column":23},"end":{"line":23,"column":38}}}},"statementMap":{"1":{"start":{"line":1,"column":0},"end":{"line":6,"column":2}},"2":{"start":{"line":2,"column":4},"end":{"line":2,"column":129}},"3":{"start":{"line":3,"column":4},"end":{"line":4,"column":150}},"4":{"start":{"line":3,"column":79},"end":{"line":3,"column":131}},"5":{"start":{"line":4,"column":9},"end":{"line":4,"column":150}},"6":{"start":{"line":4,"column":58},"end":{"line":4,"column":150}},"7":{"start":{"line":4,"column":81},"end":{"line":4,"column":150}},"8":{"start":{"line":5,"column":4},"end":{"line":5,"column":66}},"9":{"start":{"line":7,"column":0},"end":{"line":36,"column":3}},"10":{"start":{"line":9,"column":4},"end":{"line":9,"column":66}},"11":{"start":{"line":10,"column":4},"end":{"line":34,"column":9}},"12":{"start":{"line":11,"column":8},"end":{"line":12,"column":9}},"13":{"start":{"line":13,"column":8},"end":{"line":26,"column":10}},"14":{"start":{"line":14,"column":12},"end":{"line":14,"column":29}},"15":{"start":{"line":15,"column":12},"end":{"line":15,"column":69}},"16":{"start":{"line":16,"column":12},"end":{"line":25,"column":15}},"17":{"start":{"line":17,"column":44},"end":{"line":17,"column":67}},"18":{"start":{"line":19,"column":16},"end":{"line":21,"column":17}},"19":{"start":{"line":20,"column":20},"end":{"line":20,"column":67}},"20":{"start":{"line":27,"column":8},"end":{"line":29,"column":47}},"21":{"start":{"line":30,"column":8},"end":{"line":32,"column":19}},"22":{"start":{"line":33,"column":8},"end":{"line":33,"column":22}},"23":{"start":{"line":35,"column":4},"end":{"line":35,"column":28}}},"branchMap":{"1":{"line":1,"type":"binary-expr","locations":[{"start":{"line":1,"column":18},"end":{"line":1,"column":22}},{"start":{"line":1,"column":26},"end":{"line":1,"column":41}},{"start":{"line":1,"column":46},"end":{"line":6,"column":1}}]},"2":{"line":2,"type":"cond-expr","locations":[{"start":{"line":2,"column":42},"end":{"line":2,"column":48}},{"start":{"line":2,"column":51},"end":{"line":2,"column":125}}]},"3":{"line":2,"type":"cond-expr","locations":[{"start":{"line":2,"column":67},"end":{"line":2,"column":118}},{"start":{"line":2,"column":121},"end":{"line":2,"column":125}}]},"4":{"line":3,"type":"if","locations":[{"start":{"line":3,"column":4},"end":{"line":3,"column":4}},{"start":{"line":3,"column":4},"end":{"line":3,"column":4}}]},"5":{"line":3,"type":"binary-expr","locations":[{"start":{"line":3,"column":8},"end":{"line":3,"column":35}},{"start":{"line":3,"column":39},"end":{"line":3,"column":77}}]},"6":{"line":4,"type":"if","locations":[{"start":{"line":4,"column":58},"end":{"line":4,"column":58}},{"start":{"line":4,"column":58},"end":{"line":4,"column":58}}]},"7":{"line":4,"type":"binary-expr","locations":[{"start":{"line":4,"column":86},"end":{"line":4,"column":143}},{"start":{"line":4,"column":148},"end":{"line":4,"column":149}}]},"8":{"line":4,"type":"cond-expr","locations":[{"start":{"line":4,"column":94},"end":{"line":4,"column":98}},{"start":{"line":4,"column":101},"end":{"line":4,"column":143}}]},"9":{"line":4,"type":"cond-expr","locations":[{"start":{"line":4,"column":109},"end":{"line":4,"column":126}},{"start":{"line":4,"column":129},"end":{"line":4,"column":143}}]},"10":{"line":5,"type":"binary-expr","locations":[{"start":{"line":5,"column":11},"end":{"line":5,"column":16}},{"start":{"line":5,"column":20},"end":{"line":5,"column":21}},{"start":{"line":5,"column":25},"end":{"line":5,"column":62}}]},"11":{"line":19,"type":"if","locations":[{"start":{"line":19,"column":16},"end":{"line":19,"column":16}},{"start":{"line":19,"column":16},"end":{"line":19,"column":16}}]},"12":{"line":19,"type":"binary-expr","locations":[{"start":{"line":19,"column":20},"end":{"line":19,"column":24}},{"start":{"line":19,"column":28},"end":{"line":19,"column":45}},{"start":{"line":19,"column":49},"end":{"line":19,"column":73}}]}},"l":{"1":0,"2":0,"3":0,"4":0,"5":0,"7":0,"9":0,"10":0,"11":0,"13":0,"14":0,"15":0,"16":0,"17":0,"19":0,"20":0,"27":0,"30":0,"33":0,"35":0}},
"D:\\Workarea\\unitejs\\web\\www\\dist\\navFooter.js":{"path":"D:\\Workarea\\unitejs\\web\\www\\dist\\navFooter.js","s":{"1":0,"2":0,"3":0,"4":0,"5":0,"6":0,"7":0,"8":0,"9":0,"10":0,"11":0,"12":0,"13":0,"14":0,"15":0},"b":{"1":[0,0,0],"2":[0,0],"3":[0,0],"4":[0,0],"5":[0,0],"6":[0,0],"7":[0,0],"8":[0,0],"9":[0,0],"10":[0,0,0]},"f":{"1":0,"2":0,"3":0,"4":0},"fnMap":{"1":{"name":"(anonymous_1)","line":1,"loc":{"start":{"line":1,"column":46},"end":{"line":1,"column":87}}},"2":{"name":"(anonymous_2)","line":7,"loc":{"start":{"line":7,"column":53},"end":{"line":7,"column":103}}},"3":{"name":"(anonymous_3)","line":10,"loc":{"start":{"line":10,"column":35},"end":{"line":10,"column":47}}},"4":{"name":"NavFooter","line":11,"loc":{"start":{"line":11,"column":8},"end":{"line":11,"column":29}}}},"statementMap":{"1":{"start":{"line":1,"column":0},"end":{"line":6,"column":2}},"2":{"start":{"line":2,"column":4},"end":{"line":2,"column":129}},"3":{"start":{"line":3,"column":4},"end":{"line":4,"column":150}},"4":{"start":{"line":3,"column":79},"end":{"line":3,"column":131}},"5":{"start":{"line":4,"column":9},"end":{"line":4,"column":150}},"6":{"start":{"line":4,"column":58},"end":{"line":4,"column":150}},"7":{"start":{"line":4,"column":81},"end":{"line":4,"column":150}},"8":{"start":{"line":5,"column":4},"end":{"line":5,"column":66}},"9":{"start":{"line":7,"column":0},"end":{"line":19,"column":3}},"10":{"start":{"line":9,"column":4},"end":{"line":9,"column":66}},"11":{"start":{"line":10,"column":4},"end":{"line":17,"column":9}},"12":{"start":{"line":11,"column":8},"end":{"line":12,"column":9}},"13":{"start":{"line":13,"column":8},"end":{"line":15,"column":22}},"14":{"start":{"line":16,"column":8},"end":{"line":16,"column":25}},"15":{"start":{"line":18,"column":4},"end":{"line":18,"column":34}}},"branchMap":{"1":{"line":1,"type":"binary-expr","locations":[{"start":{"line":1,"column":18},"end":{"line":1,"column":22}},{"start":{"line":1,"column":26},"end":{"line":1,"column":41}},{"start":{"line":1,"column":46},"end":{"line":6,"column":1}}]},"2":{"line":2,"type":"cond-expr","locations":[{"start":{"line":2,"column":42},"end":{"line":2,"column":48}},{"start":{"line":2,"column":51},"end":{"line":2,"column":125}}]},"3":{"line":2,"type":"cond-expr","locations":[{"start":{"line":2,"column":67},"end":{"line":2,"column":118}},{"start":{"line":2,"column":121},"end":{"line":2,"column":125}}]},"4":{"line":3,"type":"if","locations":[{"start":{"line":3,"column":4},"end":{"line":3,"column":4}},{"start":{"line":3,"column":4},"end":{"line":3,"column":4}}]},"5":{"line":3,"type":"binary-expr","locations":[{"start":{"line":3,"column":8},"end":{"line":3,"column":35}},{"start":{"line":3,"column":39},"end":{"line":3,"column":77}}]},"6":{"line":4,"type":"if","locations":[{"start":{"line":4,"column":58},"end":{"line":4,"column":58}},{"start":{"line":4,"column":58},"end":{"line":4,"column":58}}]},"7":{"line":4,"type":"binary-expr","locations":[{"start":{"line":4,"column":86},"end":{"line":4,"column":143}},{"start":{"line":4,"column":148},"end":{"line":4,"column":149}}]},"8":{"line":4,"type":"cond-expr","locations":[{"start":{"line":4,"column":94},"end":{"line":4,"column":98}},{"start":{"line":4,"column":101},"end":{"line":4,"column":143}}]},"9":{"line":4,"type":"cond-expr","locations":[{"start":{"line":4,"column":109},"end":{"line":4,"column":126}},{"start":{"line":4,"column":129},"end":{"line":4,"column":143}}]},"10":{"line":5,"type":"binary-expr","locations":[{"start":{"line":5,"column":11},"end":{"line":5,"column":16}},{"start":{"line":5,"column":20},"end":{"line":5,"column":21}},{"start":{"line":5,"column":25},"end":{"line":5,"column":62}}]}},"l":{"1":0,"2":0,"3":0,"4":0,"5":0,"7":0,"9":0,"10":0,"11":0,"13":0,"16":0,"18":0}}}
