TN:
SF:D:\Workarea\unitejs\web\www\dist\app.ts
FN:8,(anonymous_2)
FN:11,(anonymous_4)
FNF:2
FNH:1
FNDA:2,(anonymous_2)
FNDA:0,(anonymous_4)
DA:8,2
DA:11,1
DA:12,0
DA:13,0
DA:14,0
DA:15,0
DA:88,0
DA:90,1
LF:8
LH:3
BRF:0
BRH:0
end_of_record
TN:
SF:D:\Workarea\unitejs\web\www\dist\bootstrapper.ts
FN:8,bootstrap
FN:9,(anonymous_3)
FN:20,(anonymous_4)
FNF:3
FNH:0
FNDA:0,bootstrap
FNDA:0,(anonymous_3)
FNDA:0,(anonymous_4)
DA:8,2
DA:9,0
DA:10,0
DA:15,0
DA:16,0
DA:19,0
DA:21,0
DA:22,0
DA:23,0
DA:24,0
LF:10
LH:1
BRDA:15,1,0,0
BRDA:15,1,1,0
BRF:2
BRH:0
end_of_record
TN:
SF:D:\Workarea\unitejs\web\www\dist\pipelineSteps\googleAnalyticsStep.ts
FN:7,(anonymous_2)
FN:8,(anonymous_4)
FNF:2
FNH:1
FNDA:1,(anonymous_2)
FNDA:0,(anonymous_4)
DA:7,2
DA:8,1
DA:9,0
DA:10,0
DA:16,0
DA:18,1
LF:6
LH:3
BRDA:9,1,0,0
BRDA:9,1,1,0
BRF:2
BRH:0
end_of_record
TN:
SF:D:\Workarea\unitejs\web\www\dist\pipelineSteps\scrollToTopPipelineStep.ts
FN:7,(anonymous_2)
FN:8,(anonymous_4)
FNF:2
FNH:1
FNDA:1,(anonymous_2)
FNDA:0,(anonymous_4)
DA:7,2
DA:8,1
DA:9,0
DA:10,0
DA:12,1
LF:5
LH:3
BRF:0
BRH:0
end_of_record
TN:
SF:D:\Workarea\unitejs\web\www\dist\domHelpers\scroll.ts
FN:4,(anonymous_2)
FN:5,(anonymous_4)
FN:17,(anonymous_5)
FN:29,(anonymous_6)
FN:48,(anonymous_7)
FN:52,(anonymous_8)
FN:57,(anonymous_9)
FNF:7
FNH:1
FNDA:1,(anonymous_2)
FNDA:0,(anonymous_4)
FNDA:0,(anonymous_5)
FNDA:0,(anonymous_6)
FNDA:0,(anonymous_7)
FNDA:0,(anonymous_8)
FNDA:0,(anonymous_9)
DA:4,2
DA:5,1
DA:6,0
DA:7,0
DA:8,0
DA:10,0
DA:13,0
DA:17,1
DA:18,0
DA:19,0
DA:20,0
DA:24,0
DA:29,1
DA:35,0
DA:36,0
DA:38,0
DA:40,0
DA:42,0
DA:43,0
DA:45,0
DA:47,0
DA:48,0
DA:52,1
DA:53,0
DA:57,1
DA:58,0
DA:60,1
LF:27
LH:7
BRDA:6,1,0,0
BRDA:6,1,1,0
BRDA:7,2,0,0
BRDA:7,2,1,0
BRDA:18,3,0,0
BRDA:18,3,1,0
BRDA:19,4,0,0
BRDA:19,4,1,0
BRDA:38,5,0,0
BRDA:38,5,1,0
BRDA:47,6,0,0
BRDA:47,6,1,0
BRDA:47,7,0,0
BRDA:47,7,1,0
BRDA:54,8,0,0
BRDA:54,8,1,0
BRDA:53,9,0,0
BRDA:53,9,1,0
BRF:18
BRH:0
end_of_record
TN:
SF:D:\Workarea\unitejs\web\www\dist\articles\articles.ts
FN:4,(anonymous_2)
FNF:1
FNH:0
FNDA:0,(anonymous_2)
DA:4,0
DA:5,0
LF:2
LH:0
BRF:0
BRH:0
end_of_record
TN:
SF:D:\Workarea\unitejs\web\www\dist\attributes\prismAttribute.ts
FN:13,(anonymous_3)
FN:16,PrismAttribute
FN:20,(anonymous_5)
FN:21,(anonymous_6)
FNF:4
FNH:0
FNDA:0,(anonymous_3)
FNDA:0,PrismAttribute
FNDA:0,(anonymous_5)
FNDA:0,(anonymous_6)
DA:13,0
DA:16,0
DA:17,0
DA:20,0
DA:21,0
DA:22,0
DA:23,0
DA:26,0
LF:8
LH:0
BRF:0
BRH:0
end_of_record
TN:
SF:D:\Workarea\unitejs\web\www\dist\attributes\scrollToElementAttribute.ts
FN:13,(anonymous_3)
FN:22,ScrollToElementAttribute
FN:29,(anonymous_5)
FN:30,(anonymous_6)
FN:33,(anonymous_7)
FN:34,(anonymous_8)
FN:37,(anonymous_9)
FNF:7
FNH:0
FNDA:0,(anonymous_3)
FNDA:0,ScrollToElementAttribute
FNDA:0,(anonymous_5)
FNDA:0,(anonymous_6)
FNDA:0,(anonymous_7)
FNDA:0,(anonymous_8)
FNDA:0,(anonymous_9)
DA:13,0
DA:15,0
DA:18,0
DA:22,0
DA:23,0
DA:24,0
DA:26,0
DA:29,0
DA:30,0
DA:33,0
DA:34,0
DA:37,0
DA:38,0
DA:39,0
DA:41,0
DA:42,0
DA:43,0
DA:47,0
LF:18
LH:0
BRDA:38,1,0,0
BRDA:38,1,1,0
BRDA:41,2,0,0
BRDA:41,2,1,0
BRF:4
BRH:0
end_of_record
TN:
SF:D:\Workarea\unitejs\web\www\dist\attributes\scrollToTopAttribute.ts
FN:12,(anonymous_3)
FN:15,ScrollToTopAttribute
FN:19,(anonymous_5)
FN:20,(anonymous_6)
FN:21,(anonymous_7)
FN:25,(anonymous_8)
FN:26,(anonymous_9)
FN:27,(anonymous_10)
FN:30,(anonymous_11)
FN:34,(anonymous_12)
FNF:10
FNH:0
FNDA:0,(anonymous_3)
FNDA:0,ScrollToTopAttribute
FNDA:0,(anonymous_5)
FNDA:0,(anonymous_6)
FNDA:0,(anonymous_7)
FNDA:0,(anonymous_8)
FNDA:0,(anonymous_9)
FNDA:0,(anonymous_10)
FNDA:0,(anonymous_11)
FNDA:0,(anonymous_12)
DA:12,0
DA:15,0
DA:16,0
DA:19,0
DA:20,0
DA:21,0
DA:22,0
DA:25,0
DA:26,0
DA:27,0
DA:30,0
DA:31,0
DA:34,0
DA:35,0
DA:37,0
LF:15
LH:0
BRF:0
BRH:0
end_of_record
TN:
SF:D:\Workarea\unitejs\web\www\dist\child\child.ts
FN:4,(anonymous_2)
FN:7,Child
FNF:2
FNH:0
FNDA:0,(anonymous_2)
FNDA:0,Child
DA:4,0
DA:7,0
DA:8,0
DA:10,0
LF:4
LH:0
BRF:0
BRH:0
end_of_record
TN:
SF:D:\Workarea\unitejs\web\www\dist\documentation\documentation.ts
FN:7,(anonymous_3)
FN:14,Documentation
FN:18,(anonymous_5)
FN:27,(anonymous_6)
FNF:4
FNH:0
FNDA:0,(anonymous_3)
FNDA:0,Documentation
FNDA:0,(anonymous_5)
FNDA:0,(anonymous_6)
DA:7,0
DA:9,0
DA:12,0
DA:14,0
DA:15,0
DA:18,0
DA:19,0
DA:21,0
DA:22,0
DA:23,0
DA:27,0
DA:28,0
DA:30,0
LF:13
LH:0
BRDA:21,1,0,0
BRDA:21,1,1,0
BRF:2
BRH:0
end_of_record
TN:
SF:D:\Workarea\unitejs\web\www\dist\domHelpers\clipboard.ts
FN:4,(anonymous_2)
FN:5,(anonymous_4)
FNF:2
FNH:0
FNDA:0,(anonymous_2)
FNDA:0,(anonymous_4)
DA:4,0
DA:5,0
DA:6,0
DA:9,0
DA:10,0
DA:11,0
DA:15,0
DA:16,0
DA:19,0
DA:22,0
DA:23,0
DA:24,0
DA:27,0
DA:29,0
DA:31,0
DA:33,0
DA:35,0
DA:36,0
DA:41,0
DA:43,0
LF:20
LH:0
BRF:0
BRH:0
end_of_record
TN:
SF:D:\Workarea\unitejs\web\www\dist\domHelpers\localStorage.ts
FN:4,(anonymous_2)
FN:5,(anonymous_4)
FN:15,(anonymous_5)
FN:32,(anonymous_6)
FNF:4
FNH:0
FNDA:0,(anonymous_2)
FNDA:0,(anonymous_4)
FNDA:0,(anonymous_5)
FNDA:0,(anonymous_6)
DA:4,0
DA:5,0
DA:6,0
DA:7,0
DA:8,0
DA:10,0
DA:15,0
DA:16,0
DA:17,0
DA:18,0
DA:19,0
DA:20,0
DA:22,0
DA:25,0
DA:28,0
DA:32,0
DA:33,0
DA:34,0
DA:37,0
LF:19
LH:0
BRDA:6,1,0,0
BRDA:6,1,1,0
BRDA:7,2,0,0
BRDA:7,2,1,0
BRDA:7,3,0,0
BRDA:7,3,1,0
BRDA:16,4,0,0
BRDA:16,4,1,0
BRDA:18,5,0,0
BRDA:18,5,1,0
BRDA:33,6,0,0
BRDA:33,6,1,0
BRF:12
BRH:0
end_of_record
TN:
SF:D:\Workarea\unitejs\web\www\dist\domHelpers\style.ts
FN:4,(anonymous_2)
FN:5,(anonymous_4)
FN:17,(anonymous_5)
FNF:3
FNH:0
FNDA:0,(anonymous_2)
FNDA:0,(anonymous_4)
FNDA:0,(anonymous_5)
DA:4,0
DA:5,0
DA:6,0
DA:7,0
DA:8,0
DA:11,0
DA:12,0
DA:17,0
DA:18,0
DA:20,0
LF:10
LH:0
BRDA:6,1,0,0
BRDA:6,1,1,0
BRDA:7,2,0,0
BRDA:7,2,1,0
BRDA:11,3,0,0
BRDA:11,3,1,0
BRF:6
BRH:0
end_of_record
TN:
SF:D:\Workarea\unitejs\web\www\dist\elements\aureliaSvg.ts
FN:11,(anonymous_3)
FN:21,AureliaSvg
FN:25,(anonymous_5)
FN:29,(anonymous_6)
FN:41,(anonymous_7)
FNF:5
FNH:0
FNDA:0,(anonymous_3)
FNDA:0,AureliaSvg
FNDA:0,(anonymous_5)
FNDA:0,(anonymous_6)
FNDA:0,(anonymous_7)
DA:11,0
DA:13,0
DA:15,0
DA:17,0
DA:21,0
DA:22,0
DA:25,0
DA:26,0
DA:27,0
DA:28,0
DA:30,0
DA:31,0
DA:32,0
DA:33,0
DA:35,0
DA:36,0
DA:38,0
DA:46,0
LF:18
LH:0
BRDA:26,1,0,0
BRDA:26,1,1,0
BRDA:26,2,0,0
BRDA:26,2,1,0
BRDA:30,3,0,0
BRDA:30,3,1,0
BRDA:32,4,0,0
BRDA:32,4,1,0
BRDA:35,5,0,0
BRDA:35,5,1,0
BRF:10
BRH:0
end_of_record
TN:
SF:D:\Workarea\unitejs\web\www\dist\examples\examples.ts
FN:4,(anonymous_2)
FNF:1
FNH:0
FNDA:0,(anonymous_2)
DA:4,0
DA:5,0
LF:2
LH:0
BRF:0
BRH:0
end_of_record
TN:
SF:D:\Workarea\unitejs\web\www\dist\generator\generator.ts
FN:17,(anonymous_3)
FN:95,Generator
FN:102,(anonymous_5)
FN:107,(anonymous_6)
FN:112,(anonymous_7)
FN:117,(anonymous_8)
FN:122,(anonymous_9)
FN:128,(anonymous_10)
FN:133,(anonymous_11)
FN:138,(anonymous_12)
FN:142,(anonymous_13)
FN:146,(anonymous_14)
FN:150,(anonymous_15)
FN:154,(anonymous_16)
FN:160,(anonymous_17)
FN:164,(anonymous_18)
FN:168,(anonymous_19)
FN:174,(anonymous_20)
FN:181,(anonymous_21)
FN:188,(anonymous_22)
FN:189,(anonymous_23)
FN:190,(anonymous_24)
FN:196,(anonymous_25)
FN:199,(anonymous_26)
FN:206,(anonymous_27)
FN:215,(anonymous_28)
FN:218,(anonymous_29)
FN:219,(anonymous_30)
FN:223,(anonymous_31)
FN:227,(anonymous_32)
FN:228,(anonymous_33)
FN:230,(anonymous_34)
FN:231,(anonymous_35)
FN:232,(anonymous_36)
FN:236,(anonymous_37)
FN:239,(anonymous_38)
FN:244,(anonymous_39)
FN:250,(anonymous_40)
FN:254,(anonymous_41)
FN:274,(anonymous_42)
FN:279,(anonymous_43)
FN:317,(anonymous_44)
FN:319,(anonymous_45)
FN:343,(anonymous_46)
FN:347,(anonymous_47)
FN:353,(anonymous_48)
FN:358,(anonymous_49)
FN:362,(anonymous_50)
FN:366,(anonymous_51)
FN:381,(anonymous_52)
FN:385,(anonymous_53)
FN:389,(anonymous_54)
FN:399,(anonymous_55)
FN:422,(anonymous_56)
FN:432,(anonymous_57)
FN:463,(anonymous_58)
FN:476,(anonymous_59)
FN:483,(anonymous_60)
FN:486,(anonymous_61)
FNF:59
FNH:0
FNDA:0,(anonymous_3)
FNDA:0,Generator
FNDA:0,(anonymous_5)
FNDA:0,(anonymous_6)
FNDA:0,(anonymous_7)
FNDA:0,(anonymous_8)
FNDA:0,(anonymous_9)
FNDA:0,(anonymous_10)
FNDA:0,(anonymous_11)
FNDA:0,(anonymous_12)
FNDA:0,(anonymous_13)
FNDA:0,(anonymous_14)
FNDA:0,(anonymous_15)
FNDA:0,(anonymous_16)
FNDA:0,(anonymous_17)
FNDA:0,(anonymous_18)
FNDA:0,(anonymous_19)
FNDA:0,(anonymous_20)
FNDA:0,(anonymous_21)
FNDA:0,(anonymous_22)
FNDA:0,(anonymous_23)
FNDA:0,(anonymous_24)
FNDA:0,(anonymous_25)
FNDA:0,(anonymous_26)
FNDA:0,(anonymous_27)
FNDA:0,(anonymous_28)
FNDA:0,(anonymous_29)
FNDA:0,(anonymous_30)
FNDA:0,(anonymous_31)
FNDA:0,(anonymous_32)
FNDA:0,(anonymous_33)
FNDA:0,(anonymous_34)
FNDA:0,(anonymous_35)
FNDA:0,(anonymous_36)
FNDA:0,(anonymous_37)
FNDA:0,(anonymous_38)
FNDA:0,(anonymous_39)
FNDA:0,(anonymous_40)
FNDA:0,(anonymous_41)
FNDA:0,(anonymous_42)
FNDA:0,(anonymous_43)
FNDA:0,(anonymous_44)
FNDA:0,(anonymous_45)
FNDA:0,(anonymous_46)
FNDA:0,(anonymous_47)
FNDA:0,(anonymous_48)
FNDA:0,(anonymous_49)
FNDA:0,(anonymous_50)
FNDA:0,(anonymous_51)
FNDA:0,(anonymous_52)
FNDA:0,(anonymous_53)
FNDA:0,(anonymous_54)
FNDA:0,(anonymous_55)
FNDA:0,(anonymous_56)
FNDA:0,(anonymous_57)
FNDA:0,(anonymous_58)
FNDA:0,(anonymous_59)
FNDA:0,(anonymous_60)
FNDA:0,(anonymous_61)
DA:17,0
DA:21,0
DA:23,0
DA:26,0
DA:30,0
DA:34,0
DA:38,0
DA:42,0
DA:46,0
DA:50,0
DA:54,0
DA:58,0
DA:63,0
DA:68,0
DA:72,0
DA:77,0
DA:81,0
DA:85,0
DA:89,0
DA:95,0
DA:96,0
DA:98,0
DA:100,0
DA:102,0
DA:103,0
DA:107,0
DA:108,0
DA:112,0
DA:113,0
DA:117,0
DA:118,0
DA:122,0
DA:123,0
DA:128,0
DA:129,0
DA:133,0
DA:134,0
DA:138,0
DA:139,0
DA:142,0
DA:143,0
DA:146,0
DA:147,0
DA:150,0
DA:151,0
DA:154,0
DA:155,0
DA:160,0
DA:161,0
DA:164,0
DA:165,0
DA:168,0
DA:169,0
DA:174,0
DA:175,0
DA:180,0
DA:181,0
DA:188,0
DA:189,0
DA:190,0
DA:196,0
DA:199,0
DA:206,0
DA:215,0
DA:218,0
DA:219,0
DA:223,0
DA:227,0
DA:228,0
DA:230,0
DA:231,0
DA:232,0
DA:236,0
DA:237,0
DA:238,0
DA:240,0
DA:241,0
DA:243,0
DA:244,0
DA:245,0
DA:248,0
DA:249,0
DA:251,0
DA:252,0
DA:253,0
DA:254,0
DA:255,0
DA:258,0
DA:259,0
DA:261,0
DA:263,0
DA:264,0
DA:267,0
DA:271,0
DA:275,0
DA:279,0
DA:280,0
DA:281,0
DA:282,0
DA:283,0
DA:284,0
DA:285,0
DA:286,0
DA:287,0
DA:288,0
DA:289,0
DA:290,0
DA:291,0
DA:292,0
DA:294,0
DA:295,0
DA:296,0
DA:297,0
DA:298,0
DA:299,0
DA:300,0
DA:301,0
DA:302,0
DA:303,0
DA:304,0
DA:305,0
DA:306,0
DA:307,0
DA:308,0
DA:309,0
DA:310,0
DA:311,0
DA:312,0
DA:313,0
DA:314,0
DA:317,0
DA:318,0
DA:319,0
DA:321,0
DA:322,0
DA:323,0
DA:324,0
DA:325,0
DA:326,0
DA:327,0
DA:328,0
DA:329,0
DA:330,0
DA:331,0
DA:332,0
DA:333,0
DA:334,0
DA:335,0
DA:336,0
DA:337,0
DA:338,0
DA:343,0
DA:344,0
DA:347,0
DA:348,0
DA:349,0
DA:350,0
DA:353,0
DA:354,0
DA:355,0
DA:358,0
DA:359,0
DA:362,0
DA:363,0
DA:366,0
DA:367,0
DA:368,0
DA:369,0
DA:370,0
DA:371,0
DA:373,0
DA:374,0
DA:376,0
DA:377,0
DA:378,0
DA:381,0
DA:382,0
DA:385,0
DA:386,0
DA:389,0
DA:390,0
DA:391,0
DA:392,0
DA:394,0
DA:396,0
DA:399,0
DA:400,0
DA:401,0
DA:402,0
DA:403,0
DA:404,0
DA:405,0
DA:406,0
DA:407,0
DA:408,0
DA:409,0
DA:410,0
DA:411,0
DA:412,0
DA:413,0
DA:414,0
DA:415,0
DA:416,0
DA:417,0
DA:419,0
DA:421,0
DA:422,0
DA:423,0
DA:424,0
DA:428,0
DA:429,0
DA:431,0
DA:433,0
DA:434,0
DA:458,0
DA:463,0
DA:467,0
DA:468,0
DA:469,0
DA:470,0
DA:472,0
DA:476,0
DA:477,0
DA:478,0
DA:480,0
DA:481,0
DA:483,0
DA:486,0
DA:487,0
DA:489,0
LF:230
LH:0
BRDA:103,1,0,0
BRDA:103,1,1,0
BRDA:103,1,2,0
BRDA:108,2,0,0
BRDA:108,2,1,0
BRDA:108,2,2,0
BRDA:109,3,0,0
BRDA:109,3,1,0
BRDA:109,3,2,0
BRDA:113,4,0,0
BRDA:113,4,1,0
BRDA:113,4,2,0
BRDA:118,5,0,0
BRDA:118,5,1,0
BRDA:118,5,2,0
BRDA:123,6,0,0
BRDA:123,6,1,0
BRDA:123,6,2,0
BRDA:123,6,3,0
BRDA:123,6,4,0
BRDA:129,7,0,0
BRDA:129,7,1,0
BRDA:130,8,0,0
BRDA:130,8,1,0
BRDA:134,9,0,0
BRDA:134,9,1,0
BRDA:135,10,0,0
BRDA:135,10,1,0
BRDA:139,11,0,0
BRDA:139,11,1,0
BRDA:143,12,0,0
BRDA:143,12,1,0
BRDA:147,13,0,0
BRDA:147,13,1,0
BRDA:147,13,2,0
BRDA:151,14,0,0
BRDA:151,14,1,0
BRDA:155,15,0,0
BRDA:155,15,1,0
BRDA:155,15,2,0
BRDA:155,15,3,0
BRDA:161,16,0,0
BRDA:161,16,1,0
BRDA:165,17,0,0
BRDA:165,17,1,0
BRDA:169,18,0,0
BRDA:169,18,1,0
BRDA:169,18,2,0
BRDA:169,18,3,0
BRDA:175,19,0,0
BRDA:175,19,1,0
BRDA:175,19,2,0
BRDA:175,19,3,0
BRDA:240,20,0,0
BRDA:240,20,1,0
BRDA:251,21,0,0
BRDA:251,21,1,0
BRDA:263,22,0,0
BRDA:263,22,1,0
BRDA:295,23,0,0
BRDA:295,23,1,0
BRDA:296,24,0,0
BRDA:296,24,1,0
BRDA:297,25,0,0
BRDA:297,25,1,0
BRDA:298,26,0,0
BRDA:298,26,1,0
BRDA:299,27,0,0
BRDA:299,27,1,0
BRDA:300,28,0,0
BRDA:300,28,1,0
BRDA:301,29,0,0
BRDA:301,29,1,0
BRDA:302,30,0,0
BRDA:302,30,1,0
BRDA:303,31,0,0
BRDA:303,31,1,0
BRDA:304,32,0,0
BRDA:304,32,1,0
BRDA:306,33,0,0
BRDA:306,33,1,0
BRDA:308,34,0,0
BRDA:308,34,1,0
BRDA:309,35,0,0
BRDA:309,35,1,0
BRDA:311,36,0,0
BRDA:311,36,1,0
BRDA:312,37,0,0
BRDA:312,37,1,0
BRDA:313,38,0,0
BRDA:313,38,1,0
BRDA:314,39,0,0
BRDA:314,39,1,0
BRDA:318,40,0,0
BRDA:318,40,1,0
BRDA:321,41,0,0
BRDA:321,41,1,0
BRDA:367,42,0,0
BRDA:367,42,1,0
BRDA:367,43,0,0
BRDA:367,43,1,0
BRDA:390,44,0,0
BRDA:390,44,1,0
BRDA:390,45,0,0
BRDA:390,45,1,0
BRDA:421,46,0,0
BRDA:421,46,1,0
BRDA:423,47,0,0
BRDA:423,47,1,0
BRDA:433,48,0,0
BRDA:433,48,1,0
BRDA:438,49,0,0
BRDA:438,49,1,0
BRDA:456,50,0,0
BRDA:456,50,1,0
BRDA:453,51,0,0
BRDA:453,51,1,0
BRDA:453,51,2,0
BRDA:467,52,0,0
BRDA:467,52,1,0
BRDA:467,53,0,0
BRDA:467,53,1,0
BRDA:469,54,0,0
BRDA:469,54,1,0
BRDA:472,55,0,0
BRDA:472,55,1,0
BRF:126
BRH:0
end_of_record
TN:
SF:D:\Workarea\unitejs\web\www\dist\home\home.ts
FN:4,(anonymous_2)
FNF:1
FNH:0
FNDA:0,(anonymous_2)
DA:4,0
DA:5,0
LF:2
LH:0
BRF:0
BRH:0
end_of_record
TN:
SF:D:\Workarea\unitejs\web\www\dist\info\about.ts
FN:4,(anonymous_2)
FNF:1
FNH:0
FNDA:0,(anonymous_2)
DA:4,0
DA:5,0
LF:2
LH:0
BRF:0
BRH:0
end_of_record
TN:
SF:D:\Workarea\unitejs\web\www\dist\info\license.ts
FN:4,(anonymous_2)
FNF:1
FNH:0
FNDA:0,(anonymous_2)
DA:4,0
DA:5,0
LF:2
LH:0
BRF:0
BRH:0
end_of_record
TN:
SF:D:\Workarea\unitejs\web\www\dist\info\media.ts
FN:4,(anonymous_2)
FNF:1
FNH:0
FNDA:0,(anonymous_2)
DA:4,0
DA:5,0
LF:2
LH:0
BRF:0
BRH:0
end_of_record
TN:
SF:D:\Workarea\unitejs\web\www\dist\info\theTeam.ts
FN:4,(anonymous_2)
FNF:1
FNH:0
FNDA:0,(anonymous_2)
DA:4,0
DA:5,0
LF:2
LH:0
BRF:0
BRH:0
end_of_record
TN:
SF:D:\Workarea\unitejs\web\www\dist\models\uniteConfiguration.ts
FN:4,(anonymous_2)
FNF:1
FNH:0
FNDA:0,(anonymous_2)
DA:4,0
DA:22,0
LF:2
LH:0
BRF:0
BRH:0
end_of_record
TN:
SF:D:\Workarea\unitejs\web\www\dist\navBar.ts
FN:8,(anonymous_3)
FN:14,(anonymous_5)
FNF:2
FNH:0
FNDA:0,(anonymous_3)
FNDA:0,(anonymous_5)
DA:8,0
DA:10,0
DA:14,0
DA:15,0
DA:32,0
LF:5
LH:0
BRF:0
BRH:0
end_of_record
TN:
SF:D:\Workarea\unitejs\web\www\dist\navFooter.ts
FN:7,(anonymous_3)
FNF:1
FNH:0
FNDA:0,(anonymous_3)
DA:7,0
DA:8,0
LF:2
LH:0
BRF:0
BRH:0
end_of_record
TN:
SF:D:\Workarea\unitejs\web\www\dist\validation\bootstrapFormRenderer.ts
FN:7,(anonymous_2)
FN:8,(anonymous_4)
FN:22,(anonymous_5)
FN:43,(anonymous_6)
FNF:4
FNH:0
FNDA:0,(anonymous_2)
FNDA:0,(anonymous_4)
FNDA:0,(anonymous_5)
FNDA:0,(anonymous_6)
DA:7,0
DA:8,0
DA:9,0
DA:10,0
DA:11,0
DA:15,0
DA:16,0
DA:17,0
DA:22,0
DA:23,0
DA:24,0
DA:25,0
DA:28,0
DA:29,0
DA:30,0
DA:33,0
DA:34,0
DA:35,0
DA:36,0
DA:37,0
DA:38,0
DA:39,0
DA:43,0
DA:44,0
DA:45,0
DA:47,0
DA:48,0
DA:49,0
DA:52,0
DA:53,0
DA:54,0
DA:57,0
LF:32
LH:0
BRDA:24,1,0,0
BRDA:24,1,1,0
BRDA:28,2,0,0
BRDA:28,2,1,0
BRDA:29,3,0,0
BRDA:29,3,1,0
BRDA:48,4,0,0
BRDA:48,4,1,0
BRDA:53,5,0,0
BRDA:53,5,1,0
BRF:10
BRH:0
end_of_record
TN:
SF:D:\Workarea\unitejs\web\www\dist\whatsNew\whatsNew.ts
FN:4,(anonymous_2)
FNF:1
FNH:0
FNDA:0,(anonymous_2)
DA:4,0
DA:5,0
LF:2
LH:0
BRF:0
BRH:0
end_of_record
