TN:
SF:D:\Workarea\unitejs\web\www\dist\app.ts
FN:6,(anonymous_2)
FN:9,(anonymous_4)
FNF:2
FNH:1
FNDA:2,(anonymous_2)
FNDA:0,(anonymous_4)
DA:6,2
DA:9,1
DA:10,0
DA:11,0
DA:36,0
DA:38,1
LF:6
LH:3
BRF:0
BRH:0
end_of_record
TN:
SF:D:\Workarea\unitejs\web\www\dist\bootstrapper.ts
FN:8,bootstrap
FN:9,(anonymous_3)
FN:20,(anonymous_4)
FNF:3
FNH:0
FNDA:0,bootstrap
FNDA:0,(anonymous_3)
FNDA:0,(anonymous_4)
DA:8,2
DA:9,0
DA:10,0
DA:15,0
DA:16,0
DA:19,0
DA:21,0
DA:22,0
DA:23,0
DA:24,0
LF:10
LH:1
BRDA:15,1,0,0
BRDA:15,1,1,0
BRF:2
BRH:0
end_of_record
TN:
SF:D:\Workarea\unitejs\web\www\dist\child\child.ts
FN:4,(anonymous_2)
FN:7,Child
FNF:2
FNH:0
FNDA:0,(anonymous_2)
FNDA:0,Child
DA:4,0
DA:7,0
DA:8,0
DA:10,0
LF:4
LH:0
BRF:0
BRH:0
end_of_record
TN:
SF:D:\Workarea\unitejs\web\www\dist\documentation\documentation.ts
FN:4,(anonymous_2)
FNF:1
FNH:0
FNDA:0,(anonymous_2)
DA:4,0
DA:5,0
LF:2
LH:0
BRF:0
BRH:0
end_of_record
TN:
SF:D:\Workarea\unitejs\web\www\dist\examples\examples.ts
FN:4,(anonymous_2)
FNF:1
FNH:0
FNDA:0,(anonymous_2)
DA:4,0
DA:5,0
LF:2
LH:0
BRF:0
BRH:0
end_of_record
TN:
SF:D:\Workarea\unitejs\web\www\dist\gettingStarted\gettingStarted.ts
FN:4,(anonymous_2)
FNF:1
FNH:0
FNDA:0,(anonymous_2)
DA:4,0
DA:5,0
LF:2
LH:0
BRF:0
BRH:0
end_of_record
TN:
SF:D:\Workarea\unitejs\web\www\dist\home\home.ts
FN:4,(anonymous_2)
FNF:1
FNH:0
FNDA:0,(anonymous_2)
DA:4,0
DA:5,0
LF:2
LH:0
BRF:0
BRH:0
end_of_record
TN:
SF:D:\Workarea\unitejs\web\www\dist\navBar.ts
FN:8,(anonymous_3)
FNF:1
FNH:0
FNDA:0,(anonymous_3)
DA:8,0
DA:10,0
DA:11,0
LF:3
LH:0
BRF:0
BRH:0
end_of_record
TN:
SF:D:\Workarea\unitejs\web\www\dist\navFooter.ts
FN:7,(anonymous_3)
FNF:1
FNH:0
FNDA:0,(anonymous_3)
DA:7,0
DA:8,0
LF:2
LH:0
BRF:0
BRH:0
end_of_record
